<?xml version="1.0" encoding="utf-8"?><testsuites name="pytest tests"><testsuite name="pytest" errors="0" failures="0" skipped="0" tests="14" time="4.660" timestamp="2026-08-06T18:01:22.101658+00:00" hostname="agent-env-7c1876b2-70b8-4513-a914-ccb3c84d43a7"><testcase classname="tests.test_accessories_inventory.TestHydrated" name="test_shape_and_kpis" time="0.510" /><testcase classname="tests.test_accessories_inventory.TestHydrated" name="test_low_stock_only_filter_preserves_kpi_totals" time="0.253" /><testcase classname="tests.test_accessories_inventory.TestHydrated" name="test_branch_filter" time="0.142" /><testcase classname="tests.test_accessories_inventory.TestRicPreset" name="test_role_gate_audiologist_forbidden" time="0.315" /><testcase classname="tests.test_accessories_inventory.TestRicPreset" name="test_role_gate_frontdesk_forbidden" time="0.297" /><testcase classname="tests.test_accessories_inventory.TestRicPreset" name="test_owner_can_create_and_seed" time="0.255" /><testcase classname="tests.test_accessories_inventory.TestInitStock" name="test_init_stock_creates_one_row_no_variants" time="1.259" /><testcase classname="tests.test_accessories_inventory.TestInitStock" name="test_init_stock_is_idempotent" time="0.130" /><testcase classname="tests.test_accessories_inventory.TestInitStock" name="test_init_stock_role_gate" time="0.118" /><testcase classname="tests.test_accessories_inventory.TestInitStock" name="test_init_stock_rejects_serialised_product" time="0.246" /><testcase classname="tests.test_accessories_inventory.TestAdjust" name="test_positive_delta_and_persistence" time="0.254" /><testcase classname="tests.test_accessories_inventory.TestAdjust" name="test_negative_delta" time="0.254" /><testcase classname="tests.test_accessories_inventory.TestAdjust" name="test_below_zero_rejected" time="0.281" /><testcase classname="tests.test_accessories_inventory.TestAdjust" name="test_adjust_role_gate" time="0.279" /></testsuite></testsuites>