<?xml version="1.0" encoding="utf-8"?><testsuites name="pytest tests"><testsuite name="pytest" errors="0" failures="0" skipped="0" tests="17" time="3.735" timestamp="2026-08-06T19:02:34.631690+00:00" hostname="agent-env-7c1876b2-70b8-4513-a914-ccb3c84d43a7"><testcase classname="tests.test_accessory_sales_rollup.TestAccessorySalesShape" name="test_monthly_shape" time="0.522" /><testcase classname="tests.test_accessory_sales_rollup.TestAccessorySalesShape" name="test_previous_smoke_numbers_present" time="0.138" /><testcase classname="tests.test_accessory_sales_rollup.TestAccessorySalesShape" name="test_top_skus_sorted_by_revenue_desc" time="0.185" /><testcase classname="tests.test_accessory_sales_rollup.TestRangeKeys" name="test_range_key_ok[daily-0]" time="0.141" /><testcase classname="tests.test_accessory_sales_rollup.TestRangeKeys" name="test_range_key_ok[weekly-6]" time="0.226" /><testcase classname="tests.test_accessory_sales_rollup.TestRangeKeys" name="test_range_key_ok[monthly-29]" time="0.118" /><testcase classname="tests.test_accessory_sales_rollup.TestRangeKeys" name="test_range_key_ok[quarterly-89]" time="0.133" /><testcase classname="tests.test_accessory_sales_rollup.TestRangeKeys" name="test_range_key_ok[half_yearly-179]" time="0.125" /><testcase classname="tests.test_accessory_sales_rollup.TestRangeKeys" name="test_range_key_ok[yearly-364]" time="0.120" /><testcase classname="tests.test_accessory_sales_rollup.TestRangeKeys" name="test_custom_ok" time="0.146" /><testcase classname="tests.test_accessory_sales_rollup.TestRangeKeys" name="test_custom_missing_from_to_400" time="0.140" /><testcase classname="tests.test_accessory_sales_rollup.TestRangeKeys" name="test_custom_missing_only_to_400" time="0.136" /><testcase classname="tests.test_accessory_sales_rollup.TestRangeKeys" name="test_empty_window_no_500" time="0.122" /><testcase classname="tests.test_accessory_sales_rollup.TestAuthAndScope" name="test_no_auth_401" time="0.119" /><testcase classname="tests.test_accessory_sales_rollup.TestAuthAndScope" name="test_founder_isolated_from_sound_clinic" time="0.540" /><testcase classname="tests.test_accessory_sales_rollup.TestInvoiceLineAccessoryFields" name="test_draft_invoice_with_accessory_fields_persists" time="0.539" /><testcase classname="tests.test_accessory_sales_rollup.TestInvoiceLineAccessoryFields" name="test_regression_hearing_aid_line_no_picker_fields" time="0.213" /></testsuite></testsuites>