<?xml version="1.0" encoding="utf-8"?><testsuites name="pytest tests"><testsuite name="pytest" errors="0" failures="0" skipped="0" tests="6" time="5.628" timestamp="2026-08-06T18:36:05.869748+00:00" hostname="agent-env-7c1876b2-70b8-4513-a914-ccb3c84d43a7"><testcase classname="tests.test_accessories_preset_autodec.TestAutoDecrement" name="test_happy_path_paid_invoice_decrements" time="1.655" /><testcase classname="tests.test_accessories_preset_autodec.TestAutoDecrement" name="test_idempotency_no_double_decrement" time="0.237" /><testcase classname="tests.test_accessories_preset_autodec.TestAutoDecrement" name="test_partial_to_paid_transition" time="1.905" /><testcase classname="tests.test_accessories_preset_autodec.TestAutoDecrement" name="test_non_accessory_invoice_no_side_effects" time="0.362" /><testcase classname="tests.test_accessories_preset_autodec.TestAutoDecrement" name="test_shortfall_floors_to_zero" time="1.031" /><testcase classname="tests.test_accessories_preset_autodec.TestAutoDecrement" name="test_ambiguous_brand_model_skips_gracefully" time="0.367" /></testsuite></testsuites>