<?xml version="1.0" encoding="utf-8"?><testsuites name="pytest tests"><testsuite name="pytest" errors="0" failures="1" skipped="0" tests="15" time="5.631" timestamp="2026-08-11T17:35:35.487765+00:00" hostname="agent-env-7c1876b2-70b8-4513-a914-ccb3c84d43a7"><testcase classname="tests.test_clinic_groups_stock_requests.TestClinicGroups" name="test_get_my_group_returns_data" time="0.485" /><testcase classname="tests.test_clinic_groups_stock_requests.TestClinicGroups" name="test_create_group_idempotent" time="0.156" /><testcase classname="tests.test_clinic_groups_stock_requests.TestClinicGroups" name="test_get_my_group_from_branch_context" time="0.341" /><testcase classname="tests.test_clinic_groups_stock_requests.TestStockRequests" name="test_branch_creates_request" time="0.409" /><testcase classname="tests.test_clinic_groups_stock_requests.TestStockRequests" name="test_head_sees_all_branch_seeks_only_own" time="0.315" /><testcase classname="tests.test_clinic_groups_stock_requests.TestStockRequests" name="test_head_fulfill_creates_transfer" time="0.522" /><testcase classname="tests.test_clinic_groups_stock_requests.TestStockRequests" name="test_fulfill_fails_403_for_branch" time="0.513" /><testcase classname="tests.test_clinic_groups_stock_requests.TestStockRequests" name="test_fulfill_fails_400_same_source_and_requester" time="0.373" /><testcase classname="tests.test_clinic_groups_stock_requests.TestStockRequests" name="test_mark_po_then_fulfill" time="0.560" /><testcase classname="tests.test_clinic_groups_stock_requests.TestStockRequests" name="test_decline_request" time="0.259" /><testcase classname="tests.test_clinic_groups_stock_requests.TestStockRequests" name="test_branch_can_cancel_own_pending" time="0.465" /><testcase classname="tests.test_clinic_groups_stock_requests.TestBranchCreation" name="test_create_branch_inherits_branding_and_services" time="0.544"><failure message="AssertionError: assert 'BR-CL-C7914AD2' in []&#10; +  where 'BR-CL-C7914AD2' = TestBranchCreation.created_branch_id">backend/tests/test_clinic_groups_stock_requests.py:259: in test_create_branch_inherits_branding_and_services
    assert TestBranchCreation.created_branch_id in add_ids
E   AssertionError: assert 'BR-CL-C7914AD2' in []
E    +  where 'BR-CL-C7914AD2' = TestBranchCreation.created_branch_id</failure></testcase><testcase classname="tests.test_clinic_groups_stock_requests.TestBranchCreation" name="test_switch_to_new_branch" time="0.132" /><testcase classname="tests.test_clinic_groups_stock_requests.TestBranchCreation" name="test_deactivate_branch" time="0.309" /><testcase classname="tests.test_clinic_groups_stock_requests.TestBranchCreation" name="test_branch_cannot_create_branch" time="0.150" /></testsuite></testsuites>