<?xml version="1.0" encoding="utf-8"?><testsuites name="pytest tests"><testsuite name="pytest" errors="0" failures="0" skipped="3" tests="13" time="4.861" timestamp="2026-07-29T09:10:35.242682+00:00" hostname="agent-env-78b3eb2e-29ea-421f-b588-3b58f3caecb2"><testcase classname="tests.test_device_limits" name="test_founder_gets_unlimited_cap" time="0.566" /><testcase classname="tests.test_device_limits" name="test_device_limit_endpoint_shape" time="0.255" /><testcase classname="tests.test_device_limits" name="test_warn_mode_third_login_allowed_but_flagged" time="1.285" /><testcase classname="tests.test_device_limits" name="test_replace_session_id_atomic_revoke_and_mint" time="1.356" /><testcase classname="tests.test_user_sessions" name="test_sessions_list_revoke_one_and_revoke_others" time="0.000"><skipped type="pytest.skip" message="demo seed disabled in this env (DISABLE_DEMO_SEED=1); test needs demo data">/app/backend/tests/test_user_sessions.py:22: demo seed disabled in this env (DISABLE_DEMO_SEED=1); test needs demo data</skipped></testcase><testcase classname="tests.test_user_sessions" name="test_revoke_other_sessions_bulk" time="0.000"><skipped type="pytest.skip" message="demo seed disabled in this env (DISABLE_DEMO_SEED=1); test needs demo data">/app/backend/tests/test_user_sessions.py:69: demo seed disabled in this env (DISABLE_DEMO_SEED=1); test needs demo data</skipped></testcase><testcase classname="tests.test_user_sessions" name="test_token_without_sid_still_works" time="0.000"><skipped type="pytest.skip" message="demo seed disabled in this env (DISABLE_DEMO_SEED=1); test needs demo data">/app/backend/tests/test_user_sessions.py:90: demo seed disabled in this env (DISABLE_DEMO_SEED=1); test needs demo data</skipped></testcase><testcase classname="tests.test_auth_cookies_csrf" name="test_login_sets_both_cookies_and_returns_csrf" time="0.159" /><testcase classname="tests.test_auth_cookies_csrf" name="test_cookie_only_auth_works_for_get" time="0.244" /><testcase classname="tests.test_auth_cookies_csrf" name="test_state_change_without_csrf_header_is_blocked" time="0.244" /><testcase classname="tests.test_auth_cookies_csrf" name="test_state_change_with_matching_csrf_header_passes" time="0.203" /><testcase classname="tests.test_auth_cookies_csrf" name="test_bearer_auth_bypasses_csrf_gate" time="0.249" /><testcase classname="tests.test_auth_cookies_csrf" name="test_logout_clears_cookies" time="0.240" /></testsuite></testsuites>