<?xml version="1.0" encoding="utf-8"?><testsuites name="pytest tests"><testsuite name="pytest" errors="0" failures="1" skipped="0" tests="3" time="1.546" timestamp="2026-07-29T09:11:07.964126+00:00" hostname="agent-env-78b3eb2e-29ea-421f-b588-3b58f3caecb2"><testcase classname="tests.test_device_limits_e2e" name="test_founder_unlimited_and_device_limit_endpoint" time="0.481" /><testcase classname="tests.test_device_limits_e2e" name="test_dltest_basic_tier_and_third_login_warn_mode" time="0.576" /><testcase classname="tests.test_device_limits_e2e" name="test_replace_session_id_flow" time="0.418"><failure message="AssertionError: assert None == 'S-CzgNey0ZWrdZOqCRMbwBByNRh9Y'&#10; +  where None = &lt;built-in method get of dict object at 0xfb67ced6a080&gt;('replaced')&#10; +    where &lt;built-in method get of dict object at 0xfb67ced6a080&gt; = {'action': 'warn', 'cap': 2, 'count': 8, 'replaced': None}.get">tests/test_device_limits_e2e.py:99: in test_replace_session_id_flow
    assert body["device_limit"].get("replaced") == target
E   AssertionError: assert None == 'S-CzgNey0ZWrdZOqCRMbwBByNRh9Y'
E    +  where None = &lt;built-in method get of dict object at 0xfb67ced6a080&gt;('replaced')
E    +    where &lt;built-in method get of dict object at 0xfb67ced6a080&gt; = {'action': 'warn', 'cap': 2, 'count': 8, 'replaced': None}.get</failure></testcase></testsuite></testsuites>