<?xml version="1.0" encoding="utf-8"?><testsuites name="pytest tests"><testsuite name="pytest" errors="0" failures="0" skipped="0" tests="11" time="9.898" timestamp="2026-08-07T10:27:30.330097+00:00" hostname="agent-env-7c1876b2-70b8-4513-a914-ccb3c84d43a7"><testcase classname="tests.test_family_groups.TestFamilyGroupLifecycle" name="test_get_family_unlinked_returns_null_group" time="1.111" /><testcase classname="tests.test_family_groups.TestFamilyGroupLifecycle" name="test_get_family_404_for_missing_patient" time="0.121" /><testcase classname="tests.test_family_groups.TestFamilyGroupLifecycle" name="test_link_self_returns_400" time="0.740" /><testcase classname="tests.test_family_groups.TestFamilyGroupLifecycle" name="test_link_creates_group_and_populates_members" time="0.821" /><testcase classname="tests.test_family_groups.TestFamilyGroupLifecycle" name="test_link_third_patient_extends_group_preserves_relationship" time="0.869" /><testcase classname="tests.test_family_groups.TestFamilyGroupLifecycle" name="test_link_conflict_when_both_in_different_groups" time="1.182" /><testcase classname="tests.test_family_groups.TestFamilyGroupLifecycle" name="test_unlink_dissolves_group_below_two_members" time="1.100" /><testcase classname="tests.test_family_groups.TestFamilyGroupLifecycle" name="test_unlink_keeps_group_when_three_members" time="1.044" /><testcase classname="tests.test_family_groups.TestFamilyGroupLifecycle" name="test_unlink_when_not_in_group_returns_400" time="0.748" /><testcase classname="tests.test_family_groups.TestClinicScoping" name="test_cross_clinic_link_returns_404" time="1.003" /><testcase classname="tests.test_family_groups.TestMergedMemberFilter" name="test_merged_patient_hidden_from_populated_members" time="1.094" /></testsuite></testsuites>