<?xml version="1.0" encoding="utf-8"?><testsuites name="pytest tests"><testsuite name="pytest" errors="0" failures="0" skipped="0" tests="5" time="1.482" timestamp="2026-07-30T19:10:38.105631+00:00" hostname="agent-env-78b3eb2e-29ea-421f-b588-3b58f3caecb2"><testcase classname="tests.test_appointment_ha_wing.TestHAWingAppointment" name="test_create_ha_wing_appointment" time="0.803" /><testcase classname="tests.test_appointment_ha_wing.TestHAWingAppointment" name="test_update_ha_wing_appointment" time="0.256" /><testcase classname="tests.test_appointment_ha_wing.TestHAWingAppointment" name="test_default_wing_backwards_compat" time="0.126" /><testcase classname="tests.test_appointment_ha_wing.TestHAWingWithInvoice" name="test_with_invoice_ha_wing" time="0.110" /><testcase classname="tests.test_appointment_ha_wing.TestHAWingWithInvoice" name="test_with_invoice_diagnostic_default" time="0.133" /></testsuite></testsuites>