<?xml version="1.0" encoding="utf-8"?><testsuites name="pytest tests"><testsuite name="pytest" errors="0" failures="0" skipped="0" tests="21" time="3.539" timestamp="2026-06-02T08:28:21.368435+00:00" hostname="agent-env-78b3eb2e-29ea-421f-b588-3b58f3caecb2"><testcase classname="tests.test_iter33_qa_scenarios.TestScenario1NewPatientIntake" name="test_1a_create_patient" time="0.724" /><testcase classname="tests.test_iter33_qa_scenarios.TestScenario1NewPatientIntake" name="test_1b_get_patient_by_id" time="0.115" /><testcase classname="tests.test_iter33_qa_scenarios.TestScenario1NewPatientIntake" name="test_1c_create_test_session_with_audiogram" time="0.267" /><testcase classname="tests.test_iter33_qa_scenarios.TestScenario1NewPatientIntake" name="test_1d_get_session_audiogram_persisted" time="0.105" /><testcase classname="tests.test_iter33_qa_scenarios.TestScenario1NewPatientIntake" name="test_1e_calculate_pta" time="0.111" /><testcase classname="tests.test_iter33_qa_scenarios.TestScenario2RepeatPatient" name="test_2a_create_second_session" time="0.209" /><testcase classname="tests.test_iter33_qa_scenarios.TestScenario2RepeatPatient" name="test_2b_list_sessions_for_patient" time="0.114" /><testcase classname="tests.test_iter33_qa_scenarios.TestScenario2RepeatPatient" name="test_2c_session1_audiogram_not_overwritten" time="0.104" /><testcase classname="tests.test_iter33_qa_scenarios.TestScenario2RepeatPatient" name="test_2d_session2_has_new_thresholds" time="0.113" /><testcase classname="tests.test_iter33_qa_scenarios.TestScenario3DeviceSale" name="test_3a_list_ha_products" time="0.112" /><testcase classname="tests.test_iter33_qa_scenarios.TestScenario3DeviceSale" name="test_3b_find_two_in_stock_serials" time="0.221" /><testcase classname="tests.test_iter33_qa_scenarios.TestScenario3DeviceSale" name="test_3c_create_quotation_then_sale" time="0.225" /><testcase classname="tests.test_iter33_qa_scenarios.TestScenario3DeviceSale" name="test_3d_create_invoice_from_sale_and_pay" time="0.363" /><testcase classname="tests.test_iter33_qa_scenarios.TestScenario3DeviceSale" name="test_3e_serials_sold_with_warranty" time="0.215" /><testcase classname="tests.test_iter33_qa_scenarios.TestScenario4FlatFeeService" name="test_4a_create_walkin_patient" time="0.120" /><testcase classname="tests.test_iter33_qa_scenarios.TestScenario4FlatFeeService" name="test_4b_create_flat_fee_invoice" time="0.117" /><testcase classname="tests.test_iter33_qa_scenarios.TestScenario4FlatFeeService" name="test_4c_add_full_payment" time="0.108" /><testcase classname="tests.test_iter33_qa_scenarios.TestScenario4FlatFeeService" name="test_4d_get_invoice_payment_persisted" time="0.107" /><testcase classname="tests.test_iter33_qa_scenarios.TestDBIntegrity" name="test_no_orphan_serial_product_refs" time="0.001" /><testcase classname="tests.test_iter33_qa_scenarios.TestDBIntegrity" name="test_test_patients_have_required_fields" time="0.001" /><testcase classname="tests.test_iter33_qa_scenarios.TestDBIntegrity" name="test_invoices_have_required_fields" time="0.004" /></testsuite></testsuites>