<?xml version="1.0" encoding="utf-8"?><testsuites name="pytest tests"><testsuite name="pytest" errors="0" failures="0" skipped="0" tests="16" time="8.569" timestamp="2026-04-26T17:33:51.568304+00:00" hostname="agent-env-78b3eb2e-29ea-421f-b588-3b58f3caecb2"><testcase classname="backend.tests.test_iter23_prod_hardening.TestHealth" name="test_health_200" time="0.144" /><testcase classname="backend.tests.test_iter23_prod_hardening.TestAuth" name="test_login_valid_credentials" time="0.356" /><testcase classname="backend.tests.test_iter23_prod_hardening.TestAuth" name="test_login_invalid_credentials" time="0.333" /><testcase classname="backend.tests.test_iter23_prod_hardening.TestAuth" name="test_login_rate_limit_fires_after_10" time="3.446" /><testcase classname="backend.tests.test_iter23_prod_hardening.TestAuth" name="test_auth_me_with_valid_token" time="0.457" /><testcase classname="backend.tests.test_iter23_prod_hardening.TestAuth" name="test_auth_me_no_token" time="0.103" /><testcase classname="backend.tests.test_iter23_prod_hardening.TestAuth" name="test_my_clinics" time="0.105" /><testcase classname="backend.tests.test_iter23_prod_hardening.TestRegression" name="test_patients_list" time="0.118" /><testcase classname="backend.tests.test_iter23_prod_hardening.TestRegression" name="test_appointments_list" time="0.166" /><testcase classname="backend.tests.test_iter23_prod_hardening.TestCORS" name="test_preflight_options" time="0.069" /><testcase classname="backend.tests.test_iter23_prod_hardening.TestVault" name="test_status_returns_mode_field" time="0.116" /><testcase classname="backend.tests.test_iter23_prod_hardening.TestVault" name="test_mode_state_machine_standard_pending_standard" time="0.345" /><testcase classname="backend.tests.test_iter23_prod_hardening.TestVault" name="test_mode_direct_to_vault_enabled_rejected" time="0.228" /><testcase classname="backend.tests.test_iter23_prod_hardening.TestVault" name="test_setup_round_trip_or_idempotent_409" time="0.558" /><testcase classname="backend.tests.test_iter23_prod_hardening.TestVaultRateLimits" name="test_unlock_verify_rate_limited_at_10" time="1.283" /><testcase classname="backend.tests.test_iter23_prod_hardening.TestVaultRateLimits" name="test_recovery_redeem_rate_limited_at_5" time="0.685" /></testsuite></testsuites>