<?xml version="1.0" encoding="utf-8"?><testsuites name="pytest tests"><testsuite name="pytest" errors="0" failures="0" skipped="0" tests="3" time="2.524" timestamp="2026-05-06T09:28:43.598890+00:00" hostname="agent-env-78b3eb2e-29ea-421f-b588-3b58f3caecb2"><testcase classname="backend.tests.test_xlsx_import" name="test_xlsx_import" time="0.725" /><testcase classname="backend.tests.test_rich_csv_import_and_accounts" name="test_rich_csv_import" time="0.961" /><testcase classname="backend.tests.test_data_health_auto_incident" name="test_auto_incident_idempotent" time="0.570" /></testsuite></testsuites>