<?xml version="1.0" encoding="utf-8"?><testsuites name="pytest tests"><testsuite name="pytest" errors="0" failures="0" skipped="0" tests="9" time="9.103" timestamp="2026-05-06T14:50:06.064594+00:00" hostname="agent-env-78b3eb2e-29ea-421f-b588-3b58f3caecb2"><testcase classname="backend.tests.test_autoflip_sale_paid" name="test_autoflip_via_payment" time="1.426" /><testcase classname="backend.tests.test_autoflip_sale_paid" name="test_autoflip_with_initial_payment" time="0.815" /><testcase classname="backend.tests.test_policy_pack" name="test_policy_pack" time="1.956" /><testcase classname="backend.tests.test_legacy_dt_serde_regression" name="test_legacy_dob_returns_200" time="0.675" /><testcase classname="backend.tests.test_xlsx_import" name="test_xlsx_import" time="0.655" /><testcase classname="backend.tests.test_rich_csv_import_and_accounts" name="test_rich_csv_import" time="1.067" /><testcase classname="backend.tests.test_pdf_retention" name="test_storage_stats_and_purge" time="0.799" /><testcase classname="backend.tests.test_data_health_auto_incident" name="test_auto_incident_idempotent" time="0.649" /><testcase classname="backend.tests.test_sale_invoice_prefill" name="test_invoice_prefill" time="0.764" /></testsuite></testsuites>