<?xml version="1.0" encoding="utf-8"?><testsuites name="pytest tests"><testsuite name="pytest" errors="0" failures="1" skipped="0" tests="60" time="14.884" timestamp="2026-04-22T18:51:07.120160+00:00" hostname="agent-env-78b3eb2e-29ea-421f-b588-3b58f3caecb2"><testcase classname="backend.tests.test_phase14_admin_panel" name="test_founder_login_role" time="0.663" /><testcase classname="backend.tests.test_phase14_admin_panel" name="test_demo_tenants_seeded" time="0.534"><failure message="AssertionError: missing demo tenant tenant-ent-plus&#10;assert 'tenant-ent-plus' in {'audinexa-platform', 'clinic-acs-demo', 'clinic-delhi-test', 'clinic-harmony-hearing-clinic-271f44', 'clinic-smoke-clinic-8352-44470b', 'clinic-smoke-clinic-bangalore-0910a1', ...}">backend/tests/test_phase14_admin_panel.py:79: in test_demo_tenants_seeded
    assert c in cids, f"missing demo tenant {c}"
E   AssertionError: missing demo tenant tenant-ent-plus
E   assert 'tenant-ent-plus' in {'audinexa-platform', 'clinic-acs-demo', 'clinic-delhi-test', 'clinic-harmony-hearing-clinic-271f44', 'clinic-smoke-clinic-8352-44470b', 'clinic-smoke-clinic-bangalore-0910a1', ...}</failure></testcase><testcase classname="backend.tests.test_phase14_admin_panel" name="test_dashboard_kpi_structure" time="0.111" /><testcase classname="backend.tests.test_phase14_admin_panel" name="test_tenants_filters" time="0.254" /><testcase classname="backend.tests.test_phase14_admin_panel" name="test_tenant_detail_shape" time="0.122" /><testcase classname="backend.tests.test_phase14_admin_panel" name="test_tenant_update_audit" time="0.274" /><testcase classname="backend.tests.test_phase14_admin_panel" name="test_suspend_then_activate" time="0.256" /><testcase classname="backend.tests.test_phase14_admin_panel" name="test_impersonate_returns_working_token" time="0.221" /><testcase classname="backend.tests.test_phase14_admin_panel" name="test_delete_blocked_for_super_admin" time="0.433" /><testcase classname="backend.tests.test_phase14_admin_panel" name="test_delete_allowed_for_founder" time="0.264" /><testcase classname="backend.tests.test_phase14_admin_panel" name="test_get_plans" time="0.115" /><testcase classname="backend.tests.test_phase14_admin_panel" name="test_plan_override_persists" time="0.243" /><testcase classname="backend.tests.test_phase14_admin_panel" name="test_create_invoice_and_mark_paid" time="0.243" /><testcase classname="backend.tests.test_phase14_admin_panel" name="test_revenue_shape" time="0.135" /><testcase classname="backend.tests.test_phase14_admin_panel" name="test_leads_list_has_stages" time="0.116" /><testcase classname="backend.tests.test_phase14_admin_panel" name="test_lead_stage_update" time="0.130" /><testcase classname="backend.tests.test_phase14_admin_panel" name="test_feature_flags_additive" time="0.426" /><testcase classname="backend.tests.test_phase14_admin_panel" name="test_audit_log_appends" time="0.125" /><testcase classname="backend.tests.test_phase14_admin_panel" name="test_frontdesk_denied" time="1.027" /><testcase classname="backend.tests.test_phase14_admin_panel" name="test_unauth_denied" time="0.109" /><testcase classname="backend.tests.test_phase14_admin_panel" name="test_founder_bypasses_tier_gates" time="0.122" /><testcase classname="backend.tests.test_phase14b_admin_panel" name="test_internal_users_seeded" time="0.472" /><testcase classname="backend.tests.test_phase14b_admin_panel" name="test_tickets_list_with_stats" time="0.127" /><testcase classname="backend.tests.test_phase14b_admin_panel" name="test_tickets_create_with_sla" time="0.130" /><testcase classname="backend.tests.test_phase14b_admin_panel" name="test_tickets_filter_by_status" time="0.127" /><testcase classname="backend.tests.test_phase14b_admin_panel" name="test_ticket_reply_then_resolve" time="0.248" /><testcase classname="backend.tests.test_phase14b_admin_panel" name="test_ticket_invalid_category" time="0.136" /><testcase classname="backend.tests.test_phase14b_admin_panel" name="test_usage_analytics_shape" time="0.355" /><testcase classname="backend.tests.test_phase14b_admin_panel" name="test_system_health_subsystems" time="0.131" /><testcase classname="backend.tests.test_phase14b_admin_panel" name="test_incident_create_and_resolve" time="0.377" /><testcase classname="backend.tests.test_phase14b_admin_panel" name="test_marketing_campaigns_enriched" time="0.127" /><testcase classname="backend.tests.test_phase14b_admin_panel" name="test_create_campaign" time="0.119" /><testcase classname="backend.tests.test_phase14b_admin_panel" name="test_send_broadcast_and_list" time="0.237" /><testcase classname="backend.tests.test_phase14b_admin_panel" name="test_feed_visible_to_clinic_owner" time="0.572" /><testcase classname="backend.tests.test_phase14b_admin_panel" name="test_send_to_specific_tenant" time="0.117" /><testcase classname="backend.tests.test_phase14b_admin_panel" name="test_audit_filtered" time="0.154" /><testcase classname="backend.tests.test_phase14b_admin_panel" name="test_get_settings_defaults" time="0.160" /><testcase classname="backend.tests.test_phase14b_admin_panel" name="test_settings_update_founder" time="0.223" /><testcase classname="backend.tests.test_phase14b_admin_panel" name="test_settings_update_denied_for_sales" time="0.461" /><testcase classname="backend.tests.test_phase14b_admin_panel" name="test_invite_internal_user" time="0.344" /><testcase classname="backend.tests.test_phase14b_admin_panel" name="test_invite_internal_user_invalid_role" time="0.112" /><testcase classname="backend.tests.test_phase14b_admin_panel" name="test_disable_internal_user" time="0.109" /><testcase classname="backend.tests.test_phase14b_admin_panel" name="test_internal_users_denied_for_sales" time="0.115" /><testcase classname="backend.tests.test_phase14b_admin_panel" name="test_rbac_matrix_visible_to_founder" time="0.120" /><testcase classname="backend.tests.test_phase14b_admin_panel" name="test_rbac_matrix_denied_for_sales" time="0.115" /><testcase classname="backend.tests.test_phase14b_admin_panel" name="test_rbac_matrix_visible_to_product_ops" time="0.474" /><testcase classname="backend.tests.test_phase14b_admin_panel.TestRbacSalesManager" name="test_can_read_leads" time="0.101" /><testcase classname="backend.tests.test_phase14b_admin_panel.TestRbacSalesManager" name="test_can_read_marketing" time="0.153" /><testcase classname="backend.tests.test_phase14b_admin_panel.TestRbacSalesManager" name="test_cannot_write_tickets" time="0.127" /><testcase classname="backend.tests.test_phase14b_admin_panel.TestRbacSupportAgent" name="test_can_write_tickets" time="0.492" /><testcase classname="backend.tests.test_phase14b_admin_panel.TestRbacSupportAgent" name="test_cannot_write_revenue" time="0.119" /><testcase classname="backend.tests.test_phase14b_admin_panel.TestRbacFinanceManager" name="test_can_read_revenue" time="0.517" /><testcase classname="backend.tests.test_phase14b_admin_panel.TestRbacFinanceManager" name="test_can_read_invoices" time="0.132" /><testcase classname="backend.tests.test_phase14b_admin_panel.TestRbacFinanceManager" name="test_cannot_write_features" time="0.123" /><testcase classname="backend.tests.test_phase14b_admin_panel.TestRbacProductOps" name="test_can_write_features" time="0.162" /><testcase classname="backend.tests.test_phase14b_admin_panel.TestRbacProductOps" name="test_cannot_write_revenue" time="0.136" /><testcase classname="backend.tests.test_phase14b_admin_panel.TestRbacReadOnly" name="test_can_read_dashboard" time="0.488" /><testcase classname="backend.tests.test_phase14b_admin_panel.TestRbacReadOnly" name="test_can_read_tenants" time="0.190" /><testcase classname="backend.tests.test_phase14b_admin_panel.TestRbacReadOnly" name="test_cannot_write_anything" time="0.356" /><testcase classname="backend.tests.test_phase14b_admin_panel" name="test_tickets_unauth" time="0.101" /></testsuite></testsuites>