<?xml version="1.0" encoding="utf-8"?><testsuites name="pytest tests"><testsuite name="pytest" errors="0" failures="0" skipped="0" tests="24" time="5.910" timestamp="2026-04-22T03:50:38.786543+00:00" hostname="agent-env-78b3eb2e-29ea-421f-b588-3b58f3caecb2"><testcase classname="backend.tests.test_iter10_shares_refactor.TestTrendAggregation" name="test_collections_trend_shape" time="0.507" /><testcase classname="backend.tests.test_iter10_shares_refactor.TestTrendAggregation" name="test_walkins_trend_shape" time="0.114" /><testcase classname="backend.tests.test_iter10_shares_refactor.TestTrendAggregation" name="test_collections_trend_this_week_matches_series_sum" time="0.109" /><testcase classname="backend.tests.test_iter10_shares_refactor.TestTrendAggregation" name="test_trend_requires_auth" time="0.097" /><testcase classname="backend.tests.test_iter10_shares_refactor.TestFrontdeskDashboard" name="test_frontdesk_returns_shape" time="0.481" /><testcase classname="backend.tests.test_iter10_shares_refactor.TestSessionsRouter" name="test_sessions_crud" time="1.461" /><testcase classname="backend.tests.test_iter10_shares_refactor.TestSessionsRouter" name="test_calculate_pta" time="0.115" /><testcase classname="backend.tests.test_iter10_shares_refactor.TestRefDocsRouter" name="test_ref_doctors_crud" time="0.453" /><testcase classname="backend.tests.test_iter10_shares_refactor.TestRefDocsRouter" name="test_patient_notes_crud" time="0.344" /><testcase classname="backend.tests.test_iter10_shares_refactor.TestReportShareLinks" name="test_pdf_requires_auth" time="0.223" /><testcase classname="backend.tests.test_iter10_shares_refactor.TestReportShareLinks" name="test_pdf_with_auth_ok" time="0.122" /><testcase classname="backend.tests.test_iter10_shares_refactor.TestReportShareLinks" name="test_share_link_mint" time="0.225" /><testcase classname="backend.tests.test_iter10_shares_refactor.TestReportShareLinks" name="test_share_link_invalid_token" time="0.110" /><testcase classname="backend.tests.test_iter10_shares_refactor.TestReportShareLinks" name="test_share_link_expired" time="0.108" /><testcase classname="backend.tests.test_iter10_shares_refactor.TestRouterRegression" name="test_authed_endpoints_ok[/patients]" time="0.112" /><testcase classname="backend.tests.test_iter10_shares_refactor.TestRouterRegression" name="test_authed_endpoints_ok[/appointments]" time="0.103" /><testcase classname="backend.tests.test_iter10_shares_refactor.TestRouterRegression" name="test_authed_endpoints_ok[/tokens]" time="0.107" /><testcase classname="backend.tests.test_iter10_shares_refactor.TestRouterRegression" name="test_authed_endpoints_ok[/billing/services]" time="0.114" /><testcase classname="backend.tests.test_iter10_shares_refactor.TestRouterRegression" name="test_authed_endpoints_ok[/closeouts]" time="0.107" /><testcase classname="backend.tests.test_iter10_shares_refactor.TestRouterRegression" name="test_authed_endpoints_ok[/referring-doctors]" time="0.133" /><testcase classname="backend.tests.test_iter10_shares_refactor.TestRouterRegression" name="test_authed_endpoints_ok[/waitlist]" time="0.124" /><testcase classname="backend.tests.test_iter10_shares_refactor.TestRouterRegression" name="test_authed_endpoints_ok[/reminders]" time="0.108" /><testcase classname="backend.tests.test_iter10_shares_refactor.TestRouterRegression" name="test_authed_endpoints_ok[/auth/me]" time="0.101" /><testcase classname="backend.tests.test_iter10_shares_refactor.TestRouterRegression" name="test_public_queue_ok" time="0.337" /></testsuite></testsuites>