<?xml version="1.0" encoding="utf-8"?><testsuites name="pytest tests"><testsuite name="pytest" errors="0" failures="9" skipped="0" tests="79" time="74.470" timestamp="2026-04-23T18:30:16.949703+00:00" hostname="agent-env-78b3eb2e-29ea-421f-b588-3b58f3caecb2"><testcase classname="backend.tests.test_phase4_5_ha_trials.TestTrialCreate" name="test_audiologist_create" time="1.499" /><testcase classname="backend.tests.test_phase4_5_ha_trials.TestTrialCreate" name="test_frontdesk_can_create" time="0.550"><failure message="AssertionError: {&quot;detail&quot;:&quot;Demo pool is empty for serial(s) TR-F24A4932. Enter the instrument source in Notes (e.g. 'loaner from Phonak rep', 'colleague-branch Hyderabad') before issuing the trial.&quot;}&#10;assert 400 == 201&#10; +  where 400 = &lt;Response [400]&gt;.status_code">backend/tests/test_phase4_5_ha_trials.py:117: in test_frontdesk_can_create
    assert r.status_code == 201, r.text
E   AssertionError: {"detail":"Demo pool is empty for serial(s) TR-F24A4932. Enter the instrument source in Notes (e.g. 'loaner from Phonak rep', 'colleague-branch Hyderabad') before issuing the trial."}
E   assert 400 == 201
E    +  where 400 = &lt;Response [400]&gt;.status_code</failure></testcase><testcase classname="backend.tests.test_phase4_5_ha_trials.TestTrialCreate" name="test_accounts_cannot_create" time="0.573" /><testcase classname="backend.tests.test_phase4_5_ha_trials.TestTrialCreate" name="test_empty_serials_400" time="0.117" /><testcase classname="backend.tests.test_phase4_5_ha_trials.TestTrialCreate" name="test_return_before_start_400" time="0.232" /><testcase classname="backend.tests.test_phase4_5_ha_trials.TestTrialCreate" name="test_duplicate_serial_in_request_400" time="0.219" /><testcase classname="backend.tests.test_phase4_5_ha_trials.TestTrialCreate" name="test_serial_not_in_stock_409" time="0.226"><failure message="assert 400 == 201&#10; +  where 400 = &lt;Response [400]&gt;.status_code">backend/tests/test_phase4_5_ha_trials.py:166: in test_serial_not_in_stock_409
    assert r.status_code == 201
E   assert 400 == 201
E    +  where 400 = &lt;Response [400]&gt;.status_code</failure></testcase><testcase classname="backend.tests.test_phase4_5_ha_trials.TestTrialLifecycle" name="test_extend_flow" time="0.242"><failure message="AssertionError: {&quot;detail&quot;:&quot;Demo pool is empty for serial(s) TR-F24A4932. Enter the instrument source in Notes (e.g. 'loaner from Phonak rep', 'colleague-branch Hyderabad') before issuing the trial.&quot;}&#10;assert 400 == 201&#10; +  where 400 = &lt;Response [400]&gt;.status_code">backend/tests/test_phase4_5_ha_trials.py:196: in test_extend_flow
    t, sid = self._mint(audiologist_token, primary_branch, some_patient, admin_token, days=5)
             ^^^^^^^^^^^^^^^^^^^^^^^^^^^^^^^^^^^^^^^^^^^^^^^^^^^^^^^^^^^^^^^^^^^^^^^^^^^^^^^^
backend/tests/test_phase4_5_ha_trials.py:192: in _mint
    assert r.status_code == 201, r.text
E   AssertionError: {"detail":"Demo pool is empty for serial(s) TR-F24A4932. Enter the instrument source in Notes (e.g. 'loaner from Phonak rep', 'colleague-branch Hyderabad') before issuing the trial."}
E   assert 400 == 201
E    +  where 400 = &lt;Response [400]&gt;.status_code</failure></testcase><testcase classname="backend.tests.test_phase4_5_ha_trials.TestTrialLifecycle" name="test_extend_earlier_date_400" time="0.227"><failure message="AssertionError: {&quot;detail&quot;:&quot;Demo pool is empty for serial(s) TR-F24A4932. Enter the instrument source in Notes (e.g. 'loaner from Phonak rep', 'colleague-branch Hyderabad') before issuing the trial.&quot;}&#10;assert 400 == 201&#10; +  where 400 = &lt;Response [400]&gt;.status_code">backend/tests/test_phase4_5_ha_trials.py:208: in test_extend_earlier_date_400
    t, sid = self._mint(audiologist_token, primary_branch, some_patient, admin_token, days=20)
             ^^^^^^^^^^^^^^^^^^^^^^^^^^^^^^^^^^^^^^^^^^^^^^^^^^^^^^^^^^^^^^^^^^^^^^^^^^^^^^^^^
backend/tests/test_phase4_5_ha_trials.py:192: in _mint
    assert r.status_code == 201, r.text
E   AssertionError: {"detail":"Demo pool is empty for serial(s) TR-F24A4932. Enter the instrument source in Notes (e.g. 'loaner from Phonak rep', 'colleague-branch Hyderabad') before issuing the trial."}
E   assert 400 == 201
E    +  where 400 = &lt;Response [400]&gt;.status_code</failure></testcase><testcase classname="backend.tests.test_phase4_5_ha_trials.TestTrialLifecycle" name="test_return_flow" time="0.254"><failure message="AssertionError: {&quot;detail&quot;:&quot;Demo pool is empty for serial(s) TR-F24A4932. Enter the instrument source in Notes (e.g. 'loaner from Phonak rep', 'colleague-branch Hyderabad') before issuing the trial.&quot;}&#10;assert 400 == 201&#10; +  where 400 = &lt;Response [400]&gt;.status_code">backend/tests/test_phase4_5_ha_trials.py:218: in test_return_flow
    t, sid = self._mint(audiologist_token, primary_branch, some_patient, admin_token)
             ^^^^^^^^^^^^^^^^^^^^^^^^^^^^^^^^^^^^^^^^^^^^^^^^^^^^^^^^^^^^^^^^^^^^^^^^
backend/tests/test_phase4_5_ha_trials.py:192: in _mint
    assert r.status_code == 201, r.text
E   AssertionError: {"detail":"Demo pool is empty for serial(s) TR-F24A4932. Enter the instrument source in Notes (e.g. 'loaner from Phonak rep', 'colleague-branch Hyderabad') before issuing the trial."}
E   assert 400 == 201
E    +  where 400 = &lt;Response [400]&gt;.status_code</failure></testcase><testcase classname="backend.tests.test_phase4_5_ha_trials.TestTrialLifecycle" name="test_lost_flow" time="0.223"><failure message="AssertionError: {&quot;detail&quot;:&quot;Demo pool is empty for serial(s) TR-F24A4932. Enter the instrument source in Notes (e.g. 'loaner from Phonak rep', 'colleague-branch Hyderabad') before issuing the trial.&quot;}&#10;assert 400 == 201&#10; +  where 400 = &lt;Response [400]&gt;.status_code">backend/tests/test_phase4_5_ha_trials.py:230: in test_lost_flow
    t, sid = self._mint(audiologist_token, primary_branch, some_patient, admin_token)
             ^^^^^^^^^^^^^^^^^^^^^^^^^^^^^^^^^^^^^^^^^^^^^^^^^^^^^^^^^^^^^^^^^^^^^^^^
backend/tests/test_phase4_5_ha_trials.py:192: in _mint
    assert r.status_code == 201, r.text
E   AssertionError: {"detail":"Demo pool is empty for serial(s) TR-F24A4932. Enter the instrument source in Notes (e.g. 'loaner from Phonak rep', 'colleague-branch Hyderabad') before issuing the trial."}
E   assert 400 == 201
E    +  where 400 = &lt;Response [400]&gt;.status_code</failure></testcase><testcase classname="backend.tests.test_phase4_5_ha_trials.TestTrialLifecycle" name="test_cannot_return_already_returned" time="0.215"><failure message="AssertionError: {&quot;detail&quot;:&quot;Demo pool is empty for serial(s) TR-F24A4932. Enter the instrument source in Notes (e.g. 'loaner from Phonak rep', 'colleague-branch Hyderabad') before issuing the trial.&quot;}&#10;assert 400 == 201&#10; +  where 400 = &lt;Response [400]&gt;.status_code">backend/tests/test_phase4_5_ha_trials.py:240: in test_cannot_return_already_returned
    t, _ = self._mint(audiologist_token, primary_branch, some_patient, admin_token)
           ^^^^^^^^^^^^^^^^^^^^^^^^^^^^^^^^^^^^^^^^^^^^^^^^^^^^^^^^^^^^^^^^^^^^^^^^
backend/tests/test_phase4_5_ha_trials.py:192: in _mint
    assert r.status_code == 201, r.text
E   AssertionError: {"detail":"Demo pool is empty for serial(s) TR-F24A4932. Enter the instrument source in Notes (e.g. 'loaner from Phonak rep', 'colleague-branch Hyderabad') before issuing the trial."}
E   assert 400 == 201
E    +  where 400 = &lt;Response [400]&gt;.status_code</failure></testcase><testcase classname="backend.tests.test_phase4_5_ha_trials.TestTrialConvert" name="test_convert_mints_sale_and_sells_serial" time="0.253"><failure message="assert 400 == 201&#10; +  where 400 = &lt;Response [400]&gt;.status_code">backend/tests/test_phase4_5_ha_trials.py:258: in test_convert_mints_sale_and_sells_serial
    assert r.status_code == 201
E   assert 400 == 201
E    +  where 400 = &lt;Response [400]&gt;.status_code</failure></testcase><testcase classname="backend.tests.test_phase4_5_ha_trials.TestTrialConvert" name="test_convert_length_mismatch_400" time="0.238"><failure message="KeyError: 'trial_no'">backend/tests/test_phase4_5_ha_trials.py:280: in test_convert_length_mismatch_400
    tno = requests.post(f"{API}/ha/trials", headers=hdr(audiologist_token), json={
E   KeyError: 'trial_no'</failure></testcase><testcase classname="backend.tests.test_phase4_5_ha_trials.TestKpisAndFilters" name="test_kpis_endpoint" time="0.110" /><testcase classname="backend.tests.test_phase4_5_ha_trials.TestKpisAndFilters" name="test_filter_by_status" time="0.133" /><testcase classname="backend.tests.test_phase4_5_ha_trials.TestKpisAndFilters" name="test_overdue_filter" time="0.138" /><testcase classname="backend.tests.test_phase4_5_ha_trials.TestRegression" name="test_endpoint_200[/ha/products]" time="0.135" /><testcase classname="backend.tests.test_phase4_5_ha_trials.TestRegression" name="test_endpoint_200[/ha/serial-items]" time="0.117" /><testcase classname="backend.tests.test_phase4_5_ha_trials.TestRegression" name="test_endpoint_200[/ha/trials]" time="0.145" /><testcase classname="backend.tests.test_phase4_5_ha_trials.TestRegression" name="test_endpoint_200[/ha/trials-kpis]" time="0.111" /><testcase classname="backend.tests.test_phase4_5_ha_trials.TestRegression" name="test_endpoint_200[/ha/quotations]" time="0.118" /><testcase classname="backend.tests.test_phase4_5_ha_trials.TestRegression" name="test_endpoint_200[/ha/sales]" time="0.121" /><testcase classname="backend.tests.test_phase4_5_ha_trials.TestRegression" name="test_endpoint_200[/ha/fittings]" time="0.110" /><testcase classname="backend.tests.test_phase4_5_ha_trials.TestRegression" name="test_endpoint_200[/branches]" time="0.111" /><testcase classname="backend.tests.test_phase4_5_ha_trials.TestRegression" name="test_endpoint_200[/vendors]" time="0.142" /><testcase classname="backend.tests.test_phase3_ha_transactions.TestQuotations" name="test_create_quotation_happy_path" time="0.840" /><testcase classname="backend.tests.test_phase3_ha_transactions.TestQuotations" name="test_patient_not_found_404" time="0.226" /><testcase classname="backend.tests.test_phase3_ha_transactions.TestQuotations" name="test_unknown_product_400" time="0.121" /><testcase classname="backend.tests.test_phase3_ha_transactions.TestQuotations" name="test_pair_rule_left_only_400" time="0.265" /><testcase classname="backend.tests.test_phase3_ha_transactions.TestQuotations" name="test_pair_rule_l_plus_r_ok" time="0.257" /><testcase classname="backend.tests.test_phase3_ha_transactions.TestQuotations" name="test_get_quote_margin_analysis_above_floor" time="0.128" /><testcase classname="backend.tests.test_phase3_ha_transactions.TestQuotations" name="test_get_quote_margin_analysis_below_floor" time="0.381" /><testcase classname="backend.tests.test_phase3_ha_transactions.TestQuotations" name="test_role_gate_audiologist_can_create" time="0.588" /><testcase classname="backend.tests.test_phase3_ha_transactions.TestQuotations" name="test_role_gate_frontdesk_can_create" time="0.578" /><testcase classname="backend.tests.test_phase3_ha_transactions.TestQuotations" name="test_role_gate_accounts_cannot_create" time="0.589" /><testcase classname="backend.tests.test_phase3_ha_transactions.TestQuotations" name="test_status_legal_draft_to_sent" time="0.123" /><testcase classname="backend.tests.test_phase3_ha_transactions.TestQuotations" name="test_status_illegal_draft_to_accepted" time="0.379" /><testcase classname="backend.tests.test_phase3_ha_transactions.TestQuotations" name="test_put_rejected_on_converted" time="0.246" /><testcase classname="backend.tests.test_phase3_ha_transactions.TestSales" name="test_sale_happy_path" time="1.372" /><testcase classname="backend.tests.test_phase3_ha_transactions.TestSales" name="test_sale_below_floor_no_approval_409" time="0.923" /><testcase classname="backend.tests.test_phase3_ha_transactions.TestSales" name="test_sale_below_floor_frontdesk_approver_403" time="0.224" /><testcase classname="backend.tests.test_phase3_ha_transactions.TestSales" name="test_sale_below_floor_super_admin_approver_200" time="0.230" /><testcase classname="backend.tests.test_phase3_ha_transactions.TestSales" name="test_sale_serial_not_in_stock_409" time="0.402" /><testcase classname="backend.tests.test_phase3_ha_transactions.TestSales" name="test_sale_serial_product_mismatch_400" time="1.072" /><testcase classname="backend.tests.test_phase3_ha_transactions.TestSales" name="test_sale_duplicate_serial_400" time="0.926" /><testcase classname="backend.tests.test_phase3_ha_transactions.TestSales" name="test_sale_missing_serial_assignment_400" time="0.418" /><testcase classname="backend.tests.test_phase3_ha_transactions.TestSales" name="test_mark_paid_transitions_sold" time="0.325" /><testcase classname="backend.tests.test_phase3_ha_transactions.TestSales" name="test_cancel_paid_sale_409" time="0.104" /><testcase classname="backend.tests.test_phase3_ha_transactions.TestSales" name="test_cancel_reserved_sale_unreserves" time="1.378" /><testcase classname="backend.tests.test_phase3_ha_transactions.TestTechDebt" name="test_unique_serial_index_rejects_colliding_grn_409" time="1.241" /><testcase classname="backend.tests.test_phase3_ha_transactions.TestTechDebt" name="test_warranty_calc_uses_relativedelta" time="0.832" /><testcase classname="backend.tests.test_phase3_ha_transactions.TestTechDebt" name="test_po_state_machine_illegal_draft_to_received_409" time="0.376" /><testcase classname="backend.tests.test_phase3_ha_transactions.TestTechDebt" name="test_po_state_machine_legal_draft_to_approved" time="0.364" /><testcase classname="backend.tests.test_phase3_ha_transactions.TestRegressionIter14" name="test_iter14_endpoints_200[/ha/products]" time="0.137" /><testcase classname="backend.tests.test_phase3_ha_transactions.TestRegressionIter14" name="test_iter14_endpoints_200[/ha/serial-items]" time="0.155" /><testcase classname="backend.tests.test_phase3_ha_transactions.TestRegressionIter14" name="test_iter14_endpoints_200[/ha/grns]" time="0.151" /><testcase classname="backend.tests.test_phase3_ha_transactions.TestRegressionIter14" name="test_iter14_endpoints_200[/ha/purchase-orders]" time="0.135" /><testcase classname="backend.tests.test_phase3_ha_transactions.TestRegressionIter14" name="test_iter14_endpoints_200[/branches]" time="0.106" /><testcase classname="backend.tests.test_phase3_ha_transactions.TestRegressionIter14" name="test_iter14_endpoints_200[/vendors]" time="0.121" /><testcase classname="backend.tests.test_phase3_ha_transactions.TestRegressionIter14" name="test_iter14_endpoints_200[/patients]" time="0.108" /><testcase classname="backend.tests.test_phase3_ha_transactions.TestRegressionIter14" name="test_iter14_endpoints_200[/appointments]" time="0.127" /><testcase classname="backend.tests.test_phase3_ha_transactions.TestRegressionIter14" name="test_iter14_endpoints_200[/sessions]" time="0.126" /><testcase classname="backend.tests.test_phase3_ha_transactions.TestRegressionIter14" name="test_iter14_endpoints_200[/dashboard/frontdesk]" time="0.134" /><testcase classname="backend.tests.test_iter22_ha_serials_demo.TestProductSerialsInline" name="test_add_serials_happy" time="0.836" /><testcase classname="backend.tests.test_iter22_ha_serials_demo.TestProductSerialsInline" name="test_duplicate_rejected_409" time="0.325" /><testcase classname="backend.tests.test_iter22_ha_serials_demo.TestProductSerialsInline" name="test_non_serialised_rejected_400" time="0.222" /><testcase classname="backend.tests.test_iter22_ha_serials_demo.TestProductSerialsInline" name="test_cross_tenant_403" time="0.578" /><testcase classname="backend.tests.test_iter22_ha_serials_demo.TestDemoStock" name="test_mark_demo_flow" time="15.561" /><testcase classname="backend.tests.test_iter22_ha_serials_demo.TestDemoStock" name="test_unmark_demo" time="22.867" /><testcase classname="backend.tests.test_iter22_ha_serials_demo.TestDemoStock" name="test_mark_demo_role_gated" time="0.685" /><testcase classname="backend.tests.test_iter22_ha_serials_demo.TestDemoStock" name="test_demo_stock_list" time="7.629" /><testcase classname="backend.tests.test_iter22_ha_serials_demo.TestDemoStock" name="test_demo_stock_tenant_isolation" time="0.524" /><testcase classname="backend.tests.test_iter22_ha_serials_demo.TestQuotationBothSide" name="test_create_quotation_with_both" time="0.347" /><testcase classname="backend.tests.test_iter22_ha_serials_demo.TestTrialSourceGate" name="test_trial_demo_pool_succeeds_source_demo" time="0.924" /><testcase classname="backend.tests.test_iter22_ha_serials_demo.TestTrialSourceGate" name="test_trial_saleable_no_notes_rejected" time="0.335" /><testcase classname="backend.tests.test_iter22_ha_serials_demo.TestTrialSourceGate" name="test_trial_saleable_with_notes_succeeds_source_external" time="0.462" /><testcase classname="backend.tests.test_iter22_ha_serials_demo.TestRegression" name="test_serial_items_list_still_works" time="0.113" /><testcase classname="backend.tests.test_iter22_ha_serials_demo.TestRegression" name="test_branches_list" time="0.110" /></testsuite></testsuites>