<?xml version="1.0" encoding="utf-8"?><testsuites name="pytest tests"><testsuite name="pytest" errors="0" failures="0" skipped="0" tests="27" time="39.903" timestamp="2026-04-22T04:17:21.658293+00:00" hostname="agent-env-78b3eb2e-29ea-421f-b588-3b58f3caecb2"><testcase classname="backend.tests.test_iter12_security_audit.TestShareAudit" name="test_mint_access_thrice_audit_counts_three" time="5.538" /><testcase classname="backend.tests.test_iter12_security_audit.TestShareAudit" name="test_share_audit_cross_tenant_403" time="0.438" /><testcase classname="backend.tests.test_iter12_security_audit.TestShareAudit" name="test_share_audit_unknown_session_404" time="0.102" /><testcase classname="backend.tests.test_iter12_security_audit.TestForensicLog" name="test_tampered_token_emits_forensic_log" time="1.127" /><testcase classname="backend.tests.test_iter12_security_audit.TestRateLimitSharedReports" name="test_22_requests_last_two_are_429" time="6.601" /><testcase classname="backend.tests.test_iter12_security_audit.TestRateLimitPublicQueue" name="test_125_requests_last_five_are_429" time="18.850" /><testcase classname="backend.tests.test_iter12_security_audit.TestRateLimitFailOpen" name="test_malformed_xff_doesnt_crash" time="4.114" /><testcase classname="backend.tests.test_iter12_security_audit.TestRegressionAuthedEndpoints" name="test_authed_ok[/patients]" time="0.470" /><testcase classname="backend.tests.test_iter12_security_audit.TestRegressionAuthedEndpoints" name="test_authed_ok[/appointments]" time="0.098" /><testcase classname="backend.tests.test_iter12_security_audit.TestRegressionAuthedEndpoints" name="test_authed_ok[/tokens]" time="0.112" /><testcase classname="backend.tests.test_iter12_security_audit.TestRegressionAuthedEndpoints" name="test_authed_ok[/sessions]" time="0.165" /><testcase classname="backend.tests.test_iter12_security_audit.TestRegressionAuthedEndpoints" name="test_authed_ok[/referring-doctors]" time="0.103" /><testcase classname="backend.tests.test_iter12_security_audit.TestRegressionAuthedEndpoints" name="test_authed_ok[/dashboard/frontdesk]" time="0.173" /><testcase classname="backend.tests.test_iter12_security_audit.TestRegressionAuthedEndpoints" name="test_authed_ok[/closeouts]" time="0.107" /><testcase classname="backend.tests.test_iter12_security_audit.TestRegressionAuthedEndpoints" name="test_authed_ok[/closeouts/trend/collections?days=7]" time="0.113" /><testcase classname="backend.tests.test_iter12_security_audit.TestRegressionAuthedEndpoints" name="test_authed_ok[/closeouts/trend/walkins?days=7]" time="0.124" /><testcase classname="backend.tests.test_iter12_security_audit.TestRegressionAuthedEndpoints" name="test_authed_ok[/billing/services]" time="0.107" /><testcase classname="backend.tests.test_iter12_security_audit.TestRegressionAuthedEndpoints" name="test_authed_ok[/billing/invoices]" time="0.104" /><testcase classname="backend.tests.test_iter12_security_audit.TestRegressionAuthedEndpoints" name="test_authed_ok[/billing/collections]" time="0.123" /><testcase classname="backend.tests.test_iter12_security_audit.TestRegressionAuthedEndpoints" name="test_authed_ok[/billing/pending-reports]" time="0.120" /><testcase classname="backend.tests.test_iter12_security_audit.TestRegressionAuthedEndpoints" name="test_authed_ok[/billing/report-deliveries]" time="0.105" /><testcase classname="backend.tests.test_iter12_security_audit.TestRegressionAuthedEndpoints" name="test_unauthed_401" time="0.434" /><testcase classname="backend.tests.test_iter12_security_audit.TestRegressionAuthedEndpoints" name="test_patient_notes_smoke" time="0.114" /><testcase classname="backend.tests.test_iter12_security_audit.TestRegressionAuthedEndpoints" name="test_mumbai_pdf_auth_200" time="0.125" /><testcase classname="backend.tests.test_iter12_security_audit.TestRegressionAuthedEndpoints" name="test_mumbai_share_link_auth_200" time="0.115" /><testcase classname="backend.tests.test_iter12_security_audit.TestCrossTenantRegression" name="test_delhi_cannot_get_mumbai_pdf" time="0.124" /><testcase classname="backend.tests.test_iter12_security_audit.TestCrossTenantRegression" name="test_delhi_cannot_mint_share_link_for_mumbai" time="0.107" /></testsuite></testsuites>