<?xml version="1.0" encoding="utf-8"?><testsuites name="pytest tests"><testsuite name="pytest" errors="0" failures="0" skipped="0" tests="8" time="4.637" timestamp="2026-07-27T07:45:38.808215+00:00" hostname="agent-env-78b3eb2e-29ea-421f-b588-3b58f3caecb2"><testcase classname="tests.test_latency_monitor" name="test_latency_endpoint_shape" time="0.568" /><testcase classname="tests.test_latency_monitor" name="test_middleware_records_requests" time="1.798" /><testcase classname="tests.test_latency_monitor" name="test_path_normalisation" time="1.303" /><testcase classname="tests.test_latency_monitor" name="test_rbac_non_founder_403" time="0.484" /><testcase classname="tests.test_latency_monitor" name="test_latency_endpoint_requires_auth" time="0.101" /><testcase classname="tests.test_latency_monitor" name="test_regression_system_health" time="0.105" /><testcase classname="tests.test_latency_monitor" name="test_regression_data_health" time="0.116" /><testcase classname="tests.test_latency_monitor" name="test_regression_dashboard" time="0.108" /></testsuite></testsuites>