<?xml version="1.0" encoding="utf-8"?><testsuites name="pytest tests"><testsuite name="pytest" errors="0" failures="1" skipped="0" tests="8" time="1.482" timestamp="2026-07-01T17:09:41.887910+00:00" hostname="agent-env-78b3eb2e-29ea-421f-b588-3b58f3caecb2"><testcase classname="tests.test_iter37_dashboard_smoke" name="test_dashboard_endpoint_200[/appointments]" time="0.549" /><testcase classname="tests.test_iter37_dashboard_smoke" name="test_dashboard_endpoint_200[/patients]" time="0.133" /><testcase classname="tests.test_iter37_dashboard_smoke" name="test_dashboard_endpoint_200[/sessions]" time="0.116" /><testcase classname="tests.test_iter37_dashboard_smoke" name="test_dashboard_endpoint_200[/billing/invoices]" time="0.121" /><testcase classname="tests.test_iter37_dashboard_smoke" name="test_dashboard_endpoint_200[/users]" time="0.106" /><testcase classname="tests.test_iter37_dashboard_smoke" name="test_dashboard_endpoint_200[/ha/service-tickets?status=ready_for_pickup]" time="0.114" /><testcase classname="tests.test_iter37_dashboard_smoke" name="test_dashboard_endpoint_200[/ha/accessory-stock?low_stock_only=true]" time="0.115" /><testcase classname="tests.test_iter37_dashboard_smoke" name="test_me_endpoint" time="0.152"><failure message="AssertionError: assert None == 'owner@thesoundclinic.in'&#10; +  where None = &lt;built-in method get of dict object at 0xfc3c5ff2e440&gt;('email')&#10; +    where &lt;built-in method get of dict object at 0xfc3c5ff2e440&gt; = {'clinic': {'address': '#123, 100 Feet Road, Indiranagar, Bengaluru 560038', 'appointment_peer_visibility': True, 'city': 'Bengaluru', 'clinic_id': 'tenant-sound-clinic-blr', ...}, 'user': {'active': True, 'additional_clinic_ids': ['tenant-apollo-audiology', 'tenant-kims-hearing'], 'appointment_color': '#14B8A6', 'branch_ids': ['BR-SOUNDCLINIC-HQ'], ...}}.get">tests/test_iter37_dashboard_smoke.py:56: in test_me_endpoint
    assert me.get("email") == OWNER_EMAIL
E   AssertionError: assert None == 'owner@thesoundclinic.in'
E    +  where None = &lt;built-in method get of dict object at 0xfc3c5ff2e440&gt;('email')
E    +    where &lt;built-in method get of dict object at 0xfc3c5ff2e440&gt; = {'clinic': {'address': '#123, 100 Feet Road, Indiranagar, Bengaluru 560038', 'appointment_peer_visibility': True, 'city': 'Bengaluru', 'clinic_id': 'tenant-sound-clinic-blr', ...}, 'user': {'active': True, 'additional_clinic_ids': ['tenant-apollo-audiology', 'tenant-kims-hearing'], 'appointment_color': '#14B8A6', 'branch_ids': ['BR-SOUNDCLINIC-HQ'], ...}}.get</failure></testcase></testsuite></testsuites>