<?xml version="1.0" encoding="utf-8"?><testsuites name="pytest tests"><testsuite name="pytest" errors="0" failures="0" skipped="0" tests="22" time="29.506" timestamp="2026-04-22T03:35:42.643365+00:00" hostname="agent-env-78b3eb2e-29ea-421f-b588-3b58f3caecb2"><testcase classname="backend.tests.test_iter9_remount.TestPatientsRouter" name="test_list_patients" time="0.482" /><testcase classname="backend.tests.test_iter9_remount.TestPatientsRouter" name="test_check_duplicate_empty" time="0.105" /><testcase classname="backend.tests.test_iter9_remount.TestPatientsRouter" name="test_patient_crud_and_get" time="0.457" /><testcase classname="backend.tests.test_iter9_remount.TestAppointmentsRouter" name="test_services_catalog" time="0.106" /><testcase classname="backend.tests.test_iter9_remount.TestAppointmentsRouter" name="test_users_audiologist_role" time="0.125" /><testcase classname="backend.tests.test_iter9_remount.TestAppointmentsRouter" name="test_list_appointments" time="0.118" /><testcase classname="backend.tests.test_iter9_remount.TestAppointmentsRouter" name="test_appointments_slots" time="0.208" /><testcase classname="backend.tests.test_iter9_remount.TestAppointmentsRouter" name="test_appointment_create_update_cancel" time="0.674" /><testcase classname="backend.tests.test_iter9_remount.TestTokensRouter" name="test_list_tokens" time="0.109" /><testcase classname="backend.tests.test_iter9_remount.TestTokensRouter" name="test_public_queue_no_auth" time="0.130" /><testcase classname="backend.tests.test_iter9_remount.TestTokensRouter" name="test_public_queue_404_unknown" time="0.135" /><testcase classname="backend.tests.test_iter9_remount.TestTokensRouter" name="test_frontdesk_dashboard" time="0.121" /><testcase classname="backend.tests.test_iter9_remount.TestTokensRouter" name="test_token_issue_and_status" time="0.603" /><testcase classname="backend.tests.test_iter9_remount.TestClinicPulseTrend" name="test_trend_requires_auth" time="6.306" /><testcase classname="backend.tests.test_iter9_remount.TestClinicPulseTrend" name="test_trend_default_shape" time="2.585" /><testcase classname="backend.tests.test_iter9_remount.TestClinicPulseTrend" name="test_trend_via_frontdesk_role" time="4.253" /><testcase classname="backend.tests.test_iter9_remount.TestRegressionSmoke" name="test_auth_me" time="0.125" /><testcase classname="backend.tests.test_iter9_remount.TestRegressionSmoke" name="test_billing_services_list" time="0.100" /><testcase classname="backend.tests.test_iter9_remount.TestRegressionSmoke" name="test_closeouts_list" time="0.121" /><testcase classname="backend.tests.test_iter9_remount.TestRegressionSmoke" name="test_referring_doctors" time="0.116" /><testcase classname="backend.tests.test_iter9_remount.TestRegressionSmoke" name="test_waitlist" time="1.106" /><testcase classname="backend.tests.test_iter9_remount.TestRegressionSmoke" name="test_reminders_list" time="11.333" /></testsuite></testsuites>