<?xml version="1.0" encoding="utf-8"?><testsuites name="pytest tests"><testsuite name="pytest" errors="0" failures="3" skipped="0" tests="18" time="3.704" timestamp="2026-05-06T08:49:55.594097+00:00" hostname="agent-env-78b3eb2e-29ea-421f-b588-3b58f3caecb2"><testcase classname="backend.tests.test_iter28_accounts_and_imports" name="test_mrd_policy_auto_generates_audinexa_format" time="0.743" /><testcase classname="backend.tests.test_iter28_accounts_and_imports" name="test_true_duplicate_row_is_skipped" time="0.109" /><testcase classname="backend.tests.test_iter28_accounts_and_imports" name="test_validation_missing_name_fails" time="0.125"><failure message="AssertionError: Row with no name must fail: ['fail']&#10;assert False&#10; +  where False = all(&lt;generator object test_validation_missing_name_fails.&lt;locals&gt;.&lt;genexpr&gt; at 0xfa9e1ce9bed0&gt;)">backend/tests/test_iter28_accounts_and_imports.py:154: in test_validation_missing_name_fails
    assert all(s in ("error", "skip") for s in statuses), f"Row with no name must fail: {statuses}"
E   AssertionError: Row with no name must fail: ['fail']
E   assert False
E    +  where False = all(&lt;generator object test_validation_missing_name_fails.&lt;locals&gt;.&lt;genexpr&gt; at 0xfa9e1ce9bed0&gt;)</failure></testcase><testcase classname="backend.tests.test_iter28_accounts_and_imports" name="test_validation_missing_mobile_fails" time="0.115"><failure message="AssertionError: Row with no mobile must fail: ['fail']&#10;assert False&#10; +  where False = all(&lt;generator object test_validation_missing_mobile_fails.&lt;locals&gt;.&lt;genexpr&gt; at 0xfa9e1cc98e10&gt;)">backend/tests/test_iter28_accounts_and_imports.py:166: in test_validation_missing_mobile_fails
    assert all(s in ("error", "skip") for s in statuses), f"Row with no mobile must fail: {statuses}"
E   AssertionError: Row with no mobile must fail: ['fail']
E   assert False
E    +  where False = all(&lt;generator object test_validation_missing_mobile_fails.&lt;locals&gt;.&lt;genexpr&gt; at 0xfa9e1cc98e10&gt;)</failure></testcase><testcase classname="backend.tests.test_iter28_accounts_and_imports" name="test_validation_missing_age_and_dob_fails" time="0.113"><failure message="AssertionError: Row with no age/dob must fail: ['fail']&#10;assert False&#10; +  where False = all(&lt;generator object test_validation_missing_age_and_dob_fails.&lt;locals&gt;.&lt;genexpr&gt; at 0xfa9e1ce9b510&gt;)">backend/tests/test_iter28_accounts_and_imports.py:178: in test_validation_missing_age_and_dob_fails
    assert all(s in ("error", "skip") for s in statuses), f"Row with no age/dob must fail: {statuses}"
E   AssertionError: Row with no age/dob must fail: ['fail']
E   assert False
E    +  where False = all(&lt;generator object test_validation_missing_age_and_dob_fails.&lt;locals&gt;.&lt;genexpr&gt; at 0xfa9e1ce9b510&gt;)</failure></testcase><testcase classname="backend.tests.test_iter28_accounts_and_imports" name="test_validation_missing_gender_ok" time="0.112" /><testcase classname="backend.tests.test_iter28_accounts_and_imports" name="test_revenue_range_presets_200[daily]" time="0.107" /><testcase classname="backend.tests.test_iter28_accounts_and_imports" name="test_revenue_range_presets_200[weekly]" time="0.103" /><testcase classname="backend.tests.test_iter28_accounts_and_imports" name="test_revenue_range_presets_200[monthly]" time="0.113" /><testcase classname="backend.tests.test_iter28_accounts_and_imports" name="test_revenue_range_presets_200[quarterly]" time="0.110" /><testcase classname="backend.tests.test_iter28_accounts_and_imports" name="test_revenue_range_presets_200[half_yearly]" time="0.106" /><testcase classname="backend.tests.test_iter28_accounts_and_imports" name="test_revenue_range_presets_200[yearly]" time="0.154" /><testcase classname="backend.tests.test_iter28_accounts_and_imports" name="test_revenue_custom_requires_from_to" time="0.133" /><testcase classname="backend.tests.test_iter28_accounts_and_imports" name="test_revenue_custom_with_window" time="0.112" /><testcase classname="backend.tests.test_iter28_accounts_and_imports" name="test_recent_payments_endpoint" time="0.125" /><testcase classname="backend.tests.test_iter28_accounts_and_imports" name="test_tenant_isolation_revenue" time="0.231" /><testcase classname="backend.tests.test_iter28_accounts_and_imports" name="test_founder_admin_endpoints_healthy" time="0.798" /><testcase classname="backend.tests.test_iter28_accounts_and_imports" name="test_platform_fence_still_active" time="0.113" /></testsuite></testsuites>