<?xml version="1.0" encoding="utf-8"?><testsuites name="pytest tests"><testsuite name="pytest" errors="0" failures="2" skipped="0" tests="16" time="8.806" timestamp="2026-04-26T17:27:43.293894+00:00" hostname="agent-env-78b3eb2e-29ea-421f-b588-3b58f3caecb2"><testcase classname="tests.test_iter23_prod_hardening.TestHealth" name="test_health_200" time="0.259" /><testcase classname="tests.test_iter23_prod_hardening.TestAuth" name="test_login_valid_credentials" time="0.335" /><testcase classname="tests.test_iter23_prod_hardening.TestAuth" name="test_login_invalid_credentials" time="0.327" /><testcase classname="tests.test_iter23_prod_hardening.TestAuth" name="test_login_rate_limit_fires_after_10" time="3.522" /><testcase classname="tests.test_iter23_prod_hardening.TestAuth" name="test_auth_me_with_valid_token" time="0.430" /><testcase classname="tests.test_iter23_prod_hardening.TestAuth" name="test_auth_me_no_token" time="0.119" /><testcase classname="tests.test_iter23_prod_hardening.TestAuth" name="test_my_clinics" time="0.116" /><testcase classname="tests.test_iter23_prod_hardening.TestRegression" name="test_patients_list" time="0.147" /><testcase classname="tests.test_iter23_prod_hardening.TestRegression" name="test_appointments_list" time="0.149" /><testcase classname="tests.test_iter23_prod_hardening.TestCORS" name="test_preflight_options" time="0.067" /><testcase classname="tests.test_iter23_prod_hardening.TestVault" name="test_status_returns_mode_field" time="0.119" /><testcase classname="tests.test_iter23_prod_hardening.TestVault" name="test_mode_state_machine_standard_pending_standard" time="0.330" /><testcase classname="tests.test_iter23_prod_hardening.TestVault" name="test_mode_direct_to_vault_enabled_rejected" time="0.227" /><testcase classname="tests.test_iter23_prod_hardening.TestVault" name="test_setup_round_trip_or_idempotent_409" time="0.596" /><testcase classname="tests.test_iter23_prod_hardening.TestVaultRateLimits" name="test_unlock_verify_rate_limited_at_10" time="1.244"><failure message="AssertionError: Expected 429 on 11th call, got: [422, 422, 422, 422, 422, 422, 422, 422, 422, 422, 422]&#10;assert 422 == 429">tests/test_iter23_prod_hardening.py:303: in test_unlock_verify_rate_limited_at_10
    assert statuses[-1] == 429, f"Expected 429 on 11th call, got: {statuses}"
E   AssertionError: Expected 429 on 11th call, got: [422, 422, 422, 422, 422, 422, 422, 422, 422, 422, 422]
E   assert 422 == 429</failure></testcase><testcase classname="tests.test_iter23_prod_hardening.TestVaultRateLimits" name="test_recovery_redeem_rate_limited_at_5" time="0.672"><failure message="AssertionError: Expected 429 on 6th call, got: [422, 422, 422, 422, 422, 422]&#10;assert 422 == 429">tests/test_iter23_prod_hardening.py:326: in test_recovery_redeem_rate_limited_at_5
    assert statuses[-1] == 429, f"Expected 429 on 6th call, got: {statuses}"
E   AssertionError: Expected 429 on 6th call, got: [422, 422, 422, 422, 422, 422]
E   assert 422 == 429</failure></testcase></testsuite></testsuites>