<?xml version="1.0" encoding="utf-8"?><testsuites name="pytest tests"><testsuite name="pytest" errors="0" failures="2" skipped="0" tests="11" time="4.916" timestamp="2026-05-06T07:57:09.953202+00:00" hostname="agent-env-78b3eb2e-29ea-421f-b588-3b58f3caecb2"><testcase classname="backend.tests.test_iter26_pdf_storage_endpoints" name="test_storage_stats_as_founder_schema" time="0.568" /><testcase classname="backend.tests.test_iter26_pdf_storage_endpoints" name="test_purge_default_body_returns_schema" time="0.549" /><testcase classname="backend.tests.test_iter26_pdf_storage_endpoints" name="test_purge_days_zero_skips" time="0.466" /><testcase classname="backend.tests.test_iter26_pdf_storage_endpoints" name="test_purge_days_invalid_returns_400" time="0.429" /><testcase classname="backend.tests.test_iter26_pdf_storage_endpoints" name="test_support_agent_cannot_override_days" time="0.445" /><testcase classname="backend.tests.test_iter26_pdf_storage_endpoints" name="test_support_agent_can_view_storage_stats" time="0.448" /><testcase classname="backend.tests.test_iter26_pdf_storage_endpoints" name="test_support_agent_default_purge_allowed" time="0.471" /><testcase classname="backend.tests.test_iter26_pdf_storage_endpoints" name="test_tenant_admin_cannot_view_storage" time="0.458"><failure message="AssertionError: tenant admin should be forbidden, got 200 {&quot;buckets&quot;:{&quot;session_reports&quot;:{&quot;count&quot;:1,&quot;total_bytes&quot;:397721,&quot;swept&quot;:true},&quot;clinic_logos&quot;:{&quot;count&quot;:0,&quot;total_bytes&quot;:0,&quot;swept&quot;:false},&quot;user_signatures&quot;:{&quot;count&quot;:1,&quot;total_bytes&quot;:5723,&quot;swept&quot;:false},&quot;user_avatars&quot;:{&quot;count&quot;:0,&quot;total_bytes&quot;:0,&quot;swept&quot;:false},&quot;transfer_signatures&quot;:{&quot;count&quot;:2,&quot;total_bytes&quot;:5737,&quot;swept&quot;:false}},&quot;retention_days&quot;:30,&quot;at&quot;:&quot;2026-05-06T07:57:13.831139+00:00&quot;}&#10;assert 200 == 403&#10; +  where 200 = &lt;Response [200]&gt;.status_code">backend/tests/test_iter26_pdf_storage_endpoints.py:106: in test_tenant_admin_cannot_view_storage
    assert r.status_code == 403, f"tenant admin should be forbidden, got {r.status_code} {r.text}"
E   AssertionError: tenant admin should be forbidden, got 200 {"buckets":{"session_reports":{"count":1,"total_bytes":397721,"swept":true},"clinic_logos":{"count":0,"total_bytes":0,"swept":false},"user_signatures":{"count":1,"total_bytes":5723,"swept":false},"user_avatars":{"count":0,"total_bytes":0,"swept":false},"transfer_signatures":{"count":2,"total_bytes":5737,"swept":false}},"retention_days":30,"at":"2026-05-06T07:57:13.831139+00:00"}
E   assert 200 == 403
E    +  where 200 = &lt;Response [200]&gt;.status_code</failure></testcase><testcase classname="backend.tests.test_iter26_pdf_storage_endpoints" name="test_tenant_admin_cannot_purge" time="0.439"><failure message="assert 200 == 403&#10; +  where 200 = &lt;Response [200]&gt;.status_code">backend/tests/test_iter26_pdf_storage_endpoints.py:113: in test_tenant_admin_cannot_purge
    assert r.status_code == 403
E   assert 200 == 403
E    +  where 200 = &lt;Response [200]&gt;.status_code</failure></testcase><testcase classname="backend.tests.test_iter26_pdf_storage_endpoints" name="test_unauthenticated_blocked" time="0.106" /><testcase classname="backend.tests.test_iter26_pdf_storage_endpoints" name="test_data_health_regression" time="0.454" /></testsuite></testsuites>