<?xml version="1.0" encoding="utf-8"?><testsuites name="pytest tests"><testsuite name="pytest" errors="0" failures="0" skipped="0" tests="45" time="11.485" timestamp="2026-04-22T18:51:54.402137+00:00" hostname="agent-env-78b3eb2e-29ea-421f-b588-3b58f3caecb2"><testcase classname="backend.tests.test_iter20_rbac_matrix.TestSalesManager" name="test_tenants_read_allowed" time="5.001" /><testcase classname="backend.tests.test_iter20_rbac_matrix.TestSalesManager" name="test_invoices_write_denied" time="0.129" /><testcase classname="backend.tests.test_iter20_rbac_matrix.TestSupportAgent" name="test_dashboard_read_allowed" time="0.168" /><testcase classname="backend.tests.test_iter20_rbac_matrix.TestSupportAgent" name="test_impersonate_allowed" time="0.138" /><testcase classname="backend.tests.test_iter20_rbac_matrix.TestSupportAgent" name="test_revenue_denied" time="0.107" /><testcase classname="backend.tests.test_iter20_rbac_matrix.TestFinanceManager" name="test_revenue_read_allowed" time="0.118" /><testcase classname="backend.tests.test_iter20_rbac_matrix.TestFinanceManager" name="test_invoices_write_allowed" time="0.140" /><testcase classname="backend.tests.test_iter20_rbac_matrix.TestFinanceManager" name="test_plans_read_allowed" time="0.117" /><testcase classname="backend.tests.test_iter20_rbac_matrix.TestFinanceManager" name="test_feature_flags_write_denied" time="0.110" /><testcase classname="backend.tests.test_iter20_rbac_matrix.TestProductOps" name="test_feature_flags_write_allowed" time="0.135" /><testcase classname="backend.tests.test_iter20_rbac_matrix.TestProductOps" name="test_revenue_denied" time="0.127" /><testcase classname="backend.tests.test_iter20_rbac_matrix.TestProductOps" name="test_usage_analytics_allowed" time="0.368" /><testcase classname="backend.tests.test_iter20_rbac_matrix.TestReadOnly" name="test_reads_allowed[GET-/admin/v2/dashboard-30]" time="0.105" /><testcase classname="backend.tests.test_iter20_rbac_matrix.TestReadOnly" name="test_reads_allowed[GET-/admin/v2/tenants-30]" time="0.238" /><testcase classname="backend.tests.test_iter20_rbac_matrix.TestReadOnly" name="test_reads_allowed[GET-/admin/v2/revenue-20]" time="0.108" /><testcase classname="backend.tests.test_iter20_rbac_matrix.TestReadOnly" name="test_reads_allowed[GET-/admin/v2/tickets-20]" time="0.135" /><testcase classname="backend.tests.test_iter20_rbac_matrix.TestReadOnly" name="test_reads_allowed[GET-/admin/v2/usage-analytics-30]" time="0.374" /><testcase classname="backend.tests.test_iter20_rbac_matrix.TestReadOnly" name="test_reads_allowed[GET-/admin/v2/system/health-20]" time="0.171" /><testcase classname="backend.tests.test_iter20_rbac_matrix.TestReadOnly" name="test_reads_allowed[GET-/admin/v2/audit-20]" time="0.143" /><testcase classname="backend.tests.test_iter20_rbac_matrix.TestReadOnly" name="test_reads_allowed[GET-/admin/v2/subscriptions/plans-20]" time="0.125" /><testcase classname="backend.tests.test_iter20_rbac_matrix.TestReadOnly" name="test_reads_allowed[GET-/admin/v2/feature-flags/tenant-kims-hearing-20]" time="0.132" /><testcase classname="backend.tests.test_iter20_rbac_matrix.TestReadOnly" name="test_reads_allowed[GET-/admin/v2/notifications-20]" time="0.115" /><testcase classname="backend.tests.test_iter20_rbac_matrix.TestReadOnly" name="test_write_invoice_denied" time="0.135" /><testcase classname="backend.tests.test_iter20_rbac_matrix.TestReadOnly" name="test_write_lead_denied" time="0.160" /><testcase classname="backend.tests.test_iter20_rbac_matrix.TestReadOnly" name="test_write_feature_flag_denied" time="0.122" /><testcase classname="backend.tests.test_iter20_rbac_matrix.TestReadOnly" name="test_delete_tenant_denied" time="0.147" /><testcase classname="backend.tests.test_iter20_rbac_matrix.TestFounderBypass" name="test_revenue" time="0.135" /><testcase classname="backend.tests.test_iter20_rbac_matrix.TestFounderBypass" name="test_feature_flags_write" time="0.137" /><testcase classname="backend.tests.test_iter20_rbac_matrix.TestSuperAdmin" name="test_revenue_allowed" time="0.117" /><testcase classname="backend.tests.test_iter20_rbac_matrix.TestSuperAdmin" name="test_invoice_write_allowed" time="0.139" /><testcase classname="backend.tests.test_iter20_rbac_matrix.TestSuperAdmin" name="test_delete_tenant_denied" time="0.120" /><testcase classname="backend.tests.test_iter20_rbac_matrix.TestNonAdminDenied" name="test_frontdesk_denied[GET-/admin/v2/dashboard-30]" time="0.133" /><testcase classname="backend.tests.test_iter20_rbac_matrix.TestNonAdminDenied" name="test_frontdesk_denied[GET-/admin/v2/tenants-30]" time="0.121" /><testcase classname="backend.tests.test_iter20_rbac_matrix.TestNonAdminDenied" name="test_frontdesk_denied[GET-/admin/v2/revenue-20]" time="0.165" /><testcase classname="backend.tests.test_iter20_rbac_matrix.TestNonAdminDenied" name="test_frontdesk_denied[GET-/admin/v2/tickets-20]" time="0.120" /><testcase classname="backend.tests.test_iter20_rbac_matrix.TestNonAdminDenied" name="test_frontdesk_denied[GET-/admin/v2/usage-analytics-30]" time="0.112" /><testcase classname="backend.tests.test_iter20_rbac_matrix.TestNonAdminDenied" name="test_frontdesk_denied[GET-/admin/v2/system/health-20]" time="0.141" /><testcase classname="backend.tests.test_iter20_rbac_matrix.TestNonAdminDenied" name="test_frontdesk_denied[GET-/admin/v2/audit-20]" time="0.131" /><testcase classname="backend.tests.test_iter20_rbac_matrix.TestNonAdminDenied" name="test_clinic_owner_denied[GET-/admin/v2/dashboard-30]" time="0.133" /><testcase classname="backend.tests.test_iter20_rbac_matrix.TestNonAdminDenied" name="test_clinic_owner_denied[GET-/admin/v2/tenants-30]" time="0.153" /><testcase classname="backend.tests.test_iter20_rbac_matrix.TestNonAdminDenied" name="test_clinic_owner_denied[GET-/admin/v2/revenue-20]" time="0.128" /><testcase classname="backend.tests.test_iter20_rbac_matrix.TestNonAdminDenied" name="test_clinic_owner_denied[GET-/admin/v2/tickets-20]" time="0.117" /><testcase classname="backend.tests.test_iter20_rbac_matrix.TestNonAdminDenied" name="test_clinic_owner_denied[GET-/admin/v2/usage-analytics-30]" time="0.114" /><testcase classname="backend.tests.test_iter20_rbac_matrix.TestNonAdminDenied" name="test_clinic_owner_denied[GET-/admin/v2/system/health-20]" time="0.119" /><testcase classname="backend.tests.test_iter20_rbac_matrix.TestNonAdminDenied" name="test_clinic_owner_denied[GET-/admin/v2/audit-20]" time="0.131" /></testsuite></testsuites>