<?xml version="1.0" encoding="utf-8"?><testsuites name="pytest tests"><testsuite name="pytest" errors="0" failures="0" skipped="0" tests="3" time="0.943" timestamp="2026-07-31T04:52:51.007239+00:00" hostname="agent-env-7c1876b2-70b8-4513-a914-ccb3c84d43a7"><testcase classname="tests.test_referrals_dashboard_bugfix" name="test_sound_clinic_dashboard_returns_200_with_full_rows" time="0.308" /><testcase classname="tests.test_referrals_dashboard_bugfix" name="test_sound_clinic_pathways_still_200" time="0.285" /><testcase classname="tests.test_referrals_dashboard_bugfix" name="test_dltest_regression_dashboard_still_works" time="0.302" /></testsuite></testsuites>