<?xml version="1.0" encoding="utf-8"?><testsuites name="pytest tests"><testsuite name="pytest" errors="0" failures="1" skipped="0" tests="15" time="7.651" timestamp="2026-04-23T18:29:40.880900+00:00" hostname="agent-env-78b3eb2e-29ea-421f-b588-3b58f3caecb2"><testcase classname="backend.tests.test_iter22_ha_serials_demo.TestProductSerialsInline" name="test_add_serials_happy" time="0.979" /><testcase classname="backend.tests.test_iter22_ha_serials_demo.TestProductSerialsInline" name="test_duplicate_rejected_409" time="0.427" /><testcase classname="backend.tests.test_iter22_ha_serials_demo.TestProductSerialsInline" name="test_non_serialised_rejected_400" time="0.249" /><testcase classname="backend.tests.test_iter22_ha_serials_demo.TestProductSerialsInline" name="test_cross_tenant_403" time="0.598" /><testcase classname="backend.tests.test_iter22_ha_serials_demo.TestDemoStock" name="test_mark_demo_flow" time="0.495" /><testcase classname="backend.tests.test_iter22_ha_serials_demo.TestDemoStock" name="test_unmark_demo" time="0.628" /><testcase classname="backend.tests.test_iter22_ha_serials_demo.TestDemoStock" name="test_mark_demo_role_gated" time="0.720" /><testcase classname="backend.tests.test_iter22_ha_serials_demo.TestDemoStock" name="test_demo_stock_list" time="0.476" /><testcase classname="backend.tests.test_iter22_ha_serials_demo.TestDemoStock" name="test_demo_stock_tenant_isolation" time="0.467" /><testcase classname="backend.tests.test_iter22_ha_serials_demo.TestQuotationBothSide" name="test_create_quotation_with_both" time="0.361"><failure message="AssertionError: Quotation with side='both' was rejected: 422 {&quot;detail&quot;:[{&quot;type&quot;:&quot;missing&quot;,&quot;loc&quot;:[&quot;body&quot;,&quot;lines&quot;],&quot;msg&quot;:&quot;Field required&quot;,&quot;input&quot;:{&quot;branch_id&quot;:&quot;BR-F367BFCF&quot;,&quot;patient_id&quot;:&quot;ACS-2026-9FFBC6FA&quot;,&quot;items&quot;:[{&quot;product_id&quot;:&quot;PRD-1A339F60&quot;,&quot;brand&quot;:&quot;TestBrand&quot;,&quot;model&quot;:&quot;M&quot;,&quot;side&quot;:&quot;both&quot;,&quot;qty&quot;:2,&quot;unit_price&quot;:50000,&quot;gst_rate&quot;:18.0}]},&quot;url&quot;:&quot;https://errors.pydantic.dev/2.12/v/missing&quot;}]}&#10;assert 422 in (200, 201)&#10; +  where 422 = &lt;Response [422]&gt;.status_code">backend/tests/test_iter22_ha_serials_demo.py:263: in test_create_quotation_with_both
    assert r.status_code in (200, 201), (
E   AssertionError: Quotation with side='both' was rejected: 422 {"detail":[{"type":"missing","loc":["body","lines"],"msg":"Field required","input":{"branch_id":"BR-F367BFCF","patient_id":"ACS-2026-9FFBC6FA","items":[{"product_id":"PRD-1A339F60","brand":"TestBrand","model":"M","side":"both","qty":2,"unit_price":50000,"gst_rate":18.0}]},"url":"https://errors.pydantic.dev/2.12/v/missing"}]}
E   assert 422 in (200, 201)
E    +  where 422 = &lt;Response [422]&gt;.status_code</failure></testcase><testcase classname="backend.tests.test_iter22_ha_serials_demo.TestTrialSourceGate" name="test_trial_demo_pool_succeeds_source_demo" time="1.023" /><testcase classname="backend.tests.test_iter22_ha_serials_demo.TestTrialSourceGate" name="test_trial_saleable_no_notes_rejected" time="0.373" /><testcase classname="backend.tests.test_iter22_ha_serials_demo.TestTrialSourceGate" name="test_trial_saleable_with_notes_succeeds_source_external" time="0.475" /><testcase classname="backend.tests.test_iter22_ha_serials_demo.TestRegression" name="test_serial_items_list_still_works" time="0.115" /><testcase classname="backend.tests.test_iter22_ha_serials_demo.TestRegression" name="test_branches_list" time="0.166" /></testsuite></testsuites>