<?xml version="1.0" encoding="utf-8"?><testsuites name="pytest tests"><testsuite name="pytest" errors="0" failures="0" skipped="0" tests="28" time="8.687" timestamp="2026-04-22T04:03:52.741899+00:00" hostname="agent-env-78b3eb2e-29ea-421f-b588-3b58f3caecb2"><testcase classname="backend.tests.test_iter11_cross_tenant.TestDelhiLoginScope" name="test_delhi_frontdesk_login_shape" time="0.398" /><testcase classname="backend.tests.test_iter11_cross_tenant.TestDelhiLoginScope" name="test_delhi_patients_empty" time="0.112" /><testcase classname="backend.tests.test_iter11_cross_tenant.TestDelhiLoginScope" name="test_delhi_services_seeded_twelve" time="0.117" /><testcase classname="backend.tests.test_iter11_cross_tenant.TestCrossTenantReports" name="test_delhi_cannot_get_mumbai_pdf" time="1.374" /><testcase classname="backend.tests.test_iter11_cross_tenant.TestCrossTenantReports" name="test_delhi_cannot_mint_share_link_for_mumbai" time="0.126" /><testcase classname="backend.tests.test_iter11_cross_tenant.TestCrossTenantReports" name="test_mumbai_can_get_own_pdf" time="0.442" /><testcase classname="backend.tests.test_iter11_cross_tenant.TestCrossTenantPatients" name="test_mumbai_cannot_fetch_delhi_patient" time="0.565" /><testcase classname="backend.tests.test_iter11_cross_tenant.TestCrossTenantPatients" name="test_delhi_can_fetch_own_patient" time="0.111" /><testcase classname="backend.tests.test_iter11_cross_tenant.TestCrossTenantInvoice" name="test_mumbai_cannot_fetch_delhi_invoice" time="0.329" /><testcase classname="backend.tests.test_iter11_cross_tenant.TestCrossTenantInvoice" name="test_delhi_can_fetch_own_invoice" time="0.161" /><testcase classname="backend.tests.test_iter11_cross_tenant.TestShareTokenIsolation" name="test_delhi_mints_and_fetches_own_share" time="0.365" /><testcase classname="backend.tests.test_iter11_cross_tenant.TestShareTokenIsolation" name="test_tampered_share_token_clinic_mismatch" time="0.114" /><testcase classname="backend.tests.test_iter11_cross_tenant.TestBillingDIRegression" name="test_services_list" time="0.104" /><testcase classname="backend.tests.test_iter11_cross_tenant.TestBillingDIRegression" name="test_services_create_update_delete" time="0.328" /><testcase classname="backend.tests.test_iter11_cross_tenant.TestBillingDIRegression" name="test_invoice_crud_payment_cancel" time="0.860" /><testcase classname="backend.tests.test_iter11_cross_tenant.TestBillingDIRegression" name="test_collections" time="0.110" /><testcase classname="backend.tests.test_iter11_cross_tenant.TestBillingDIRegression" name="test_pending_reports" time="0.140" /><testcase classname="backend.tests.test_iter11_cross_tenant.TestBillingDIRegression" name="test_report_deliveries_get" time="0.128" /><testcase classname="backend.tests.test_iter11_cross_tenant.TestBillingDIRegression" name="test_report_deliveries_post" time="0.106" /><testcase classname="backend.tests.test_iter11_cross_tenant.TestMumbaiRegression" name="test_authed_ok[/patients]" time="0.109" /><testcase classname="backend.tests.test_iter11_cross_tenant.TestMumbaiRegression" name="test_authed_ok[/appointments]" time="0.117" /><testcase classname="backend.tests.test_iter11_cross_tenant.TestMumbaiRegression" name="test_authed_ok[/tokens]" time="0.114" /><testcase classname="backend.tests.test_iter11_cross_tenant.TestMumbaiRegression" name="test_authed_ok[/sessions]" time="0.164" /><testcase classname="backend.tests.test_iter11_cross_tenant.TestMumbaiRegression" name="test_authed_ok[/referring-doctors]" time="0.099" /><testcase classname="backend.tests.test_iter11_cross_tenant.TestMumbaiRegression" name="test_authed_ok[/dashboard/frontdesk]" time="0.109" /><testcase classname="backend.tests.test_iter11_cross_tenant.TestMumbaiRegression" name="test_authed_ok[/closeouts]" time="1.197" /><testcase classname="backend.tests.test_iter11_cross_tenant.TestMumbaiRegression" name="test_authed_ok[/closeouts/trend/collections?days=7]" time="0.110" /><testcase classname="backend.tests.test_iter11_cross_tenant.TestMumbaiRegression" name="test_authed_ok[/closeouts/trend/walkins?days=7]" time="0.573" /></testsuite></testsuites>