<?xml version="1.0" encoding="utf-8"?><testsuites name="pytest tests"><testsuite name="pytest" errors="0" failures="0" skipped="0" tests="21" time="5.635" timestamp="2026-05-06T09:32:02.985337+00:00" hostname="agent-env-78b3eb2e-29ea-421f-b588-3b58f3caecb2"><testcase classname="backend.tests.test_xlsx_import" name="test_xlsx_import" time="0.606" /><testcase classname="backend.tests.test_rich_csv_import_and_accounts" name="test_rich_csv_import" time="0.930" /><testcase classname="backend.tests.test_data_health_auto_incident" name="test_auto_incident_idempotent" time="0.569" /><testcase classname="backend.tests.test_iter28_accounts_and_imports" name="test_mrd_policy_auto_generates_audinexa_format" time="0.574" /><testcase classname="backend.tests.test_iter28_accounts_and_imports" name="test_true_duplicate_row_is_skipped" time="0.116" /><testcase classname="backend.tests.test_iter28_accounts_and_imports" name="test_validation_missing_name_fails" time="0.108" /><testcase classname="backend.tests.test_iter28_accounts_and_imports" name="test_validation_missing_mobile_fails" time="0.107" /><testcase classname="backend.tests.test_iter28_accounts_and_imports" name="test_validation_missing_age_and_dob_fails" time="0.106" /><testcase classname="backend.tests.test_iter28_accounts_and_imports" name="test_validation_missing_gender_ok" time="0.107" /><testcase classname="backend.tests.test_iter28_accounts_and_imports" name="test_revenue_range_presets_200[daily]" time="0.103" /><testcase classname="backend.tests.test_iter28_accounts_and_imports" name="test_revenue_range_presets_200[weekly]" time="0.103" /><testcase classname="backend.tests.test_iter28_accounts_and_imports" name="test_revenue_range_presets_200[monthly]" time="0.110" /><testcase classname="backend.tests.test_iter28_accounts_and_imports" name="test_revenue_range_presets_200[quarterly]" time="0.120" /><testcase classname="backend.tests.test_iter28_accounts_and_imports" name="test_revenue_range_presets_200[half_yearly]" time="0.111" /><testcase classname="backend.tests.test_iter28_accounts_and_imports" name="test_revenue_range_presets_200[yearly]" time="0.110" /><testcase classname="backend.tests.test_iter28_accounts_and_imports" name="test_revenue_custom_requires_from_to" time="0.106" /><testcase classname="backend.tests.test_iter28_accounts_and_imports" name="test_revenue_custom_with_window" time="0.103" /><testcase classname="backend.tests.test_iter28_accounts_and_imports" name="test_recent_payments_endpoint" time="0.104" /><testcase classname="backend.tests.test_iter28_accounts_and_imports" name="test_tenant_isolation_revenue" time="0.213" /><testcase classname="backend.tests.test_iter28_accounts_and_imports" name="test_founder_admin_endpoints_healthy" time="0.800" /><testcase classname="backend.tests.test_iter28_accounts_and_imports" name="test_platform_fence_still_active" time="0.137" /></testsuite></testsuites>