<?xml version="1.0" encoding="utf-8"?><testsuites name="pytest tests"><testsuite name="pytest" errors="0" failures="0" skipped="0" tests="13" time="3.746" timestamp="2026-07-01T19:12:12.560308+00:00" hostname="agent-env-78b3eb2e-29ea-421f-b588-3b58f3caecb2"><testcase classname="tests.test_iter39_slots_and_csv_exports.TestSlotEndpoints" name="test_availability_slots_returns_200" time="0.657" /><testcase classname="tests.test_iter39_slots_and_csv_exports.TestSlotEndpoints" name="test_appointments_slots_returns_200" time="0.112" /><testcase classname="tests.test_iter39_slots_and_csv_exports.TestCsvExports" name="test_list_initial" time="0.070" /><testcase classname="tests.test_iter39_slots_and_csv_exports.TestCsvExports" name="test_subscribe_patients_and_persist" time="0.217" /><testcase classname="tests.test_iter39_slots_and_csv_exports.TestCsvExports" name="test_subscribe_is_idempotent" time="0.141" /><testcase classname="tests.test_iter39_slots_and_csv_exports.TestCsvExports" name="test_subscribe_invoices" time="0.149" /><testcase classname="tests.test_iter39_slots_and_csv_exports.TestCsvExports" name="test_unsubscribe" time="0.209" /><testcase classname="tests.test_iter39_slots_and_csv_exports.TestCsvExports" name="test_send_now_patients_no_500" time="0.866" /><testcase classname="tests.test_iter39_slots_and_csv_exports.TestCsvExports" name="test_send_now_invoices_no_500" time="0.628" /><testcase classname="tests.test_iter39_slots_and_csv_exports.TestCsvExports" name="test_invalid_kind_400" time="0.065" /><testcase classname="tests.test_iter39_slots_and_csv_exports.TestRoleGate" name="test_front_desk_cannot_subscribe" time="0.429" /><testcase classname="tests.test_iter39_slots_and_csv_exports.TestRoleGate" name="test_front_desk_cannot_send_now" time="0.067" /><testcase classname="tests.test_iter39_slots_and_csv_exports.TestRoleGate" name="test_front_desk_can_list_own_subs" time="0.065" /></testsuite></testsuites>