<?xml version="1.0" encoding="utf-8"?><testsuites name="pytest tests"><testsuite name="pytest" errors="0" failures="0" skipped="0" tests="19" time="4.435" timestamp="2026-05-06T08:50:25.201636+00:00" hostname="agent-env-78b3eb2e-29ea-421f-b588-3b58f3caecb2"><testcase classname="backend.tests.test_iter28_accounts_and_imports" name="test_mrd_policy_auto_generates_audinexa_format" time="0.635" /><testcase classname="backend.tests.test_iter28_accounts_and_imports" name="test_true_duplicate_row_is_skipped" time="0.109" /><testcase classname="backend.tests.test_iter28_accounts_and_imports" name="test_validation_missing_name_fails" time="0.114" /><testcase classname="backend.tests.test_iter28_accounts_and_imports" name="test_validation_missing_mobile_fails" time="0.115" /><testcase classname="backend.tests.test_iter28_accounts_and_imports" name="test_validation_missing_age_and_dob_fails" time="0.128" /><testcase classname="backend.tests.test_iter28_accounts_and_imports" name="test_validation_missing_gender_ok" time="0.114" /><testcase classname="backend.tests.test_iter28_accounts_and_imports" name="test_revenue_range_presets_200[daily]" time="0.107" /><testcase classname="backend.tests.test_iter28_accounts_and_imports" name="test_revenue_range_presets_200[weekly]" time="0.108" /><testcase classname="backend.tests.test_iter28_accounts_and_imports" name="test_revenue_range_presets_200[monthly]" time="0.123" /><testcase classname="backend.tests.test_iter28_accounts_and_imports" name="test_revenue_range_presets_200[quarterly]" time="0.112" /><testcase classname="backend.tests.test_iter28_accounts_and_imports" name="test_revenue_range_presets_200[half_yearly]" time="0.113" /><testcase classname="backend.tests.test_iter28_accounts_and_imports" name="test_revenue_range_presets_200[yearly]" time="0.143" /><testcase classname="backend.tests.test_iter28_accounts_and_imports" name="test_revenue_custom_requires_from_to" time="0.108" /><testcase classname="backend.tests.test_iter28_accounts_and_imports" name="test_revenue_custom_with_window" time="0.111" /><testcase classname="backend.tests.test_iter28_accounts_and_imports" name="test_recent_payments_endpoint" time="0.105" /><testcase classname="backend.tests.test_iter28_accounts_and_imports" name="test_tenant_isolation_revenue" time="0.234" /><testcase classname="backend.tests.test_iter28_accounts_and_imports" name="test_founder_admin_endpoints_healthy" time="0.778" /><testcase classname="backend.tests.test_iter28_accounts_and_imports" name="test_platform_fence_still_active" time="0.114" /><testcase classname="backend.tests.test_rich_csv_import_and_accounts" name="test_rich_csv_import" time="0.913" /></testsuite></testsuites>