<?xml version="1.0" encoding="utf-8"?><testsuites name="pytest tests"><testsuite name="pytest" errors="0" failures="0" skipped="0" tests="9" time="10.033" timestamp="2026-06-02T01:58:27.479629+00:00" hostname="agent-env-78b3eb2e-29ea-421f-b588-3b58f3caecb2"><testcase classname="tests.test_cursor_pagination" name="test_patients_legacy_array_mode_unchanged" time="0.622" /><testcase classname="tests.test_cursor_pagination" name="test_patients_cursor_mode_returns_envelope" time="0.598" /><testcase classname="tests.test_cursor_pagination" name="test_patients_cursor_pagination_walks_to_end" time="2.834" /><testcase classname="tests.test_cursor_pagination" name="test_invoices_cursor_mode_works" time="0.237" /><testcase classname="tests.test_cursor_pagination" name="test_ha_sales_cursor_mode_works" time="0.232" /><testcase classname="tests.test_cursor_pagination" name="test_cursor_does_not_emit_duplicates" time="3.929" /><testcase classname="tests.test_admin_backfill" name="test_backfill_requires_founder_role" time="0.457" /><testcase classname="tests.test_admin_backfill" name="test_backfill_dry_run_returns_summary" time="0.472" /><testcase classname="tests.test_admin_backfill" name="test_backfill_apply_writes_and_is_idempotent" time="0.604" /></testsuite></testsuites>