<?xml version="1.0" encoding="utf-8"?><testsuites name="pytest tests"><testsuite name="pytest" errors="0" failures="0" skipped="1" tests="16" time="2.978" timestamp="2026-06-02T09:01:12.067756+00:00" hostname="agent-env-78b3eb2e-29ea-421f-b588-3b58f3caecb2"><testcase classname="tests.test_iter34_service_workflow_oow" name="test_00_create_patient" time="0.748" /><testcase classname="tests.test_iter34_service_workflow_oow" name="test_01_find_or_make_sold_serial_oow" time="0.003" /><testcase classname="tests.test_iter34_service_workflow_oow" name="test_02_receive_ticket" time="0.109" /><testcase classname="tests.test_iter34_service_workflow_oow" name="test_03_serial_state_after_receive" time="0.001" /><testcase classname="tests.test_iter34_service_workflow_oow" name="test_04_transition_path_to_delivered_to_company" time="0.587" /><testcase classname="tests.test_iter34_service_workflow_oow" name="test_05_record_estimate" time="0.121" /><testcase classname="tests.test_iter34_service_workflow_oow" name="test_06_customer_approves" time="0.151" /><testcase classname="tests.test_iter34_service_workflow_oow" name="test_07_repair_to_ready" time="0.334" /><testcase classname="tests.test_iter34_service_workflow_oow" name="test_08_generate_invoice" time="0.123" /><testcase classname="tests.test_iter34_service_workflow_oow" name="test_09_payment" time="0.128" /><testcase classname="tests.test_iter34_service_workflow_oow" name="test_10_resolve_ticket" time="0.119" /><testcase classname="tests.test_iter34_service_workflow_oow" name="test_11_close_via_v2" time="0.217" /><testcase classname="tests.test_iter34_service_workflow_oow" name="test_12_serial_returned_to_patient" time="0.001" /><testcase classname="tests.test_iter34_service_workflow_oow" name="test_13_warranty_covered_invoice_behaviour" time="0.111" /><testcase classname="tests.test_iter34_service_workflow_oow" name="test_14_server_does_not_validate_warranty_flag" time="0.127"><skipped type="pytest.xfail" message="Bug A confirmed: server accepts warranty_covered=true on a serial whose warranty_end_date is in the past. HTTP 201. No server-side cross-check vs serial." /></testcase><testcase classname="tests.test_iter34_service_workflow_oow" name="test_15_data_integrity_sweep" time="0.005" /></testsuite></testsuites>