<?xml version="1.0" encoding="utf-8"?><testsuites name="pytest tests"><testsuite name="pytest" errors="0" failures="0" skipped="0" tests="14" time="2.548" timestamp="2026-04-22T02:57:58.748458+00:00" hostname="agent-env-78b3eb2e-29ea-421f-b588-3b58f3caecb2"><testcase classname="backend.tests.test_iter7_closeout.TestAuthGating" name="test_no_token_401" time="0.472" /><testcase classname="backend.tests.test_iter7_closeout.TestAuthGating" name="test_front_desk_cannot_generate" time="0.330" /><testcase classname="backend.tests.test_iter7_closeout.TestAuthGating" name="test_audiologist_cannot_generate" time="0.325" /><testcase classname="backend.tests.test_iter7_closeout.TestAuthGating" name="test_accounts_can_generate" time="0.362" /><testcase classname="backend.tests.test_iter7_closeout.TestGenerateAndCompute" name="test_idempotent_same_closeout_id" time="0.114" /><testcase classname="backend.tests.test_iter7_closeout.TestGenerateAndCompute" name="test_known_seed_correctness" time="0.062" /><testcase classname="backend.tests.test_iter7_closeout.TestGenerateAndCompute" name="test_specific_date_param" time="0.071" /><testcase classname="backend.tests.test_iter7_closeout.TestReadEndpoints" name="test_list_latest_first_and_limit" time="0.055" /><testcase classname="backend.tests.test_iter7_closeout.TestReadEndpoints" name="test_latest_returns_today" time="0.110" /><testcase classname="backend.tests.test_iter7_closeout.TestReadEndpoints" name="test_get_by_date_404_for_missing" time="0.054" /><testcase classname="backend.tests.test_iter7_closeout.TestReadEndpoints" name="test_get_by_date_200_for_existing" time="0.106" /><testcase classname="backend.tests.test_iter7_closeout.TestReadEndpoints" name="test_mark_read_flips_flag" time="0.204" /><testcase classname="backend.tests.test_iter7_closeout.TestTenantIsolation" name="test_other_clinic_closeout_not_visible" time="0.198" /><testcase classname="backend.tests.test_iter7_closeout.TestSchedulerWiring" name="test_scheduler_job_registered_with_ist" time="0.018" /></testsuite></testsuites>