<?xml version="1.0" encoding="utf-8"?><testsuites name="pytest tests"><testsuite name="pytest" errors="0" failures="1" skipped="0" tests="13" time="5.754" timestamp="2026-04-22T02:30:44.380912+00:00" hostname="agent-env-78b3eb2e-29ea-421f-b588-3b58f3caecb2"><testcase classname="backend.tests.test_iter6_ist_qr.TestISTHelpers" name="test_ist_today_ymd_matches_now_ist" time="0.402" /><testcase classname="backend.tests.test_iter6_ist_qr.TestISTHelpers" name="test_ist_day_start_utc_is_naive_and_correct" time="0.000" /><testcase classname="backend.tests.test_iter6_ist_qr.TestPublicQueueIST" name="test_public_queue_unauth_200" time="0.338" /><testcase classname="backend.tests.test_iter6_ist_qr.TestPublicQueueIST" name="test_public_queue_redaction_no_pii" time="0.154" /><testcase classname="backend.tests.test_iter6_ist_qr.TestPublicQueueIST" name="test_public_queue_404" time="0.164" /><testcase classname="backend.tests.test_iter6_ist_qr.TestPublicQueueIST" name="test_token_after_ist_midnight_visible_today" time="0.881" /><testcase classname="backend.tests.test_iter6_ist_qr.TestFrontdeskDashboardIST" name="test_dashboard_has_ist_kpis" time="0.124" /><testcase classname="backend.tests.test_iter6_ist_qr.TestTokensListingIST" name="test_tokens_today_only_uses_ist" time="0.153" /><testcase classname="backend.tests.test_iter6_ist_qr.TestBillingCollectionsIST" name="test_collections_default_day_is_ist" time="0.118" /><testcase classname="backend.tests.test_iter6_ist_qr.TestAuthGating" name="test_tokens_requires_auth" time="0.110" /><testcase classname="backend.tests.test_iter6_ist_qr.TestAuthGating" name="test_dashboard_requires_auth" time="0.110" /><testcase classname="backend.tests.test_iter6_ist_qr.TestAuthGating" name="test_public_queue_no_auth" time="0.124" /><testcase classname="backend.tests.test_iter6_ist_qr.TestReportPDF" name="test_pdf_returns_blob_for_existing_session" time="2.966"><failure message="Failed: no session yielded a PDF (last status=404)">backend/tests/test_iter6_ist_qr.py:198: in test_pdf_returns_blob_for_existing_session
    pytest.fail(f"no session yielded a PDF (last status={last_status})")
E   Failed: no session yielded a PDF (last status=404)</failure></testcase></testsuite></testsuites>