<?xml version="1.0" encoding="utf-8"?><testsuites name="pytest tests"><testsuite name="pytest" errors="0" failures="0" skipped="0" tests="24" time="2.814" timestamp="2026-04-22T03:14:23.993917+00:00" hostname="agent-env-78b3eb2e-29ea-421f-b588-3b58f3caecb2"><testcase classname="backend.tests.test_iter8_refactor.TestRegression" name="test_login_frontdesk" time="0.540" /><testcase classname="backend.tests.test_iter8_refactor.TestRegression" name="test_login_accounts" time="0.279" /><testcase classname="backend.tests.test_iter8_refactor.TestRegression" name="test_get_patients" time="0.332" /><testcase classname="backend.tests.test_iter8_refactor.TestRegression" name="test_dashboard_frontdesk" time="0.063" /><testcase classname="backend.tests.test_iter8_refactor.TestRegression" name="test_appointments_list" time="0.053" /><testcase classname="backend.tests.test_iter8_refactor.TestRegression" name="test_billing_services" time="0.052" /><testcase classname="backend.tests.test_iter8_refactor.TestRegression" name="test_billing_invoices" time="0.051" /><testcase classname="backend.tests.test_iter8_refactor.TestRegression" name="test_queue_public_unauth" time="0.055" /><testcase classname="backend.tests.test_iter8_refactor.TestRegression" name="test_tokens_today" time="0.066" /><testcase classname="backend.tests.test_iter8_refactor.TestCloseoutsRegression" name="test_list" time="0.336" /><testcase classname="backend.tests.test_iter8_refactor.TestCloseoutsRegression" name="test_latest" time="0.051" /><testcase classname="backend.tests.test_iter8_refactor.TestCloseoutsRegression" name="test_generate" time="0.062" /><testcase classname="backend.tests.test_iter8_refactor.TestCloseoutsRegression" name="test_get_by_date" time="0.115" /><testcase classname="backend.tests.test_iter8_refactor.TestCloseoutsRegression" name="test_mark_read" time="0.130" /><testcase classname="backend.tests.test_iter8_refactor.TestTrendCollections" name="test_requires_auth" time="0.054" /><testcase classname="backend.tests.test_iter8_refactor.TestTrendCollections" name="test_default_30_days" time="0.070" /><testcase classname="backend.tests.test_iter8_refactor.TestTrendCollections" name="test_days_param_14" time="0.053" /><testcase classname="backend.tests.test_iter8_refactor.TestTrendCollections" name="test_wow_delta_null_when_last_zero" time="0.057" /><testcase classname="backend.tests.test_iter8_refactor.TestTrendCollections" name="test_tenant_scoped" time="0.054" /><testcase classname="backend.tests.test_iter8_refactor.TestTrendCollections" name="test_max_avg_consistency" time="0.051" /><testcase classname="backend.tests.test_iter8_refactor.TestTrendCollections" name="test_clamp_days" time="0.054" /><testcase classname="backend.tests.test_iter8_refactor.TestISTBucketing" name="test_payment_at_utc_1905_buckets_into_next_ist_day" time="0.056" /><testcase classname="backend.tests.test_iter8_refactor.TestPDFReports" name="test_pdf_known_session" time="0.072" /><testcase classname="backend.tests.test_iter8_refactor.TestPDFReports" name="test_pdf_unknown_session_404" time="0.052" /></testsuite></testsuites>