<?xml version="1.0" encoding="utf-8"?><testsuites name="pytest tests"><testsuite name="pytest" errors="0" failures="0" skipped="0" tests="4" time="2.557" timestamp="2026-05-03T17:09:10.141703+00:00" hostname="agent-env-78b3eb2e-29ea-421f-b588-3b58f3caecb2"><testcase classname="tests.test_iter25_extras" name="test_invoice_prefill_404_for_nonexistent_sale" time="0.506" /><testcase classname="tests.test_iter25_extras" name="test_auto_incident_doc_exists_and_bulk_resolves" time="0.605" /><testcase classname="tests.test_data_health_auto_incident" name="test_auto_incident_idempotent" time="0.631" /><testcase classname="tests.test_sale_invoice_prefill" name="test_invoice_prefill" time="0.678" /></testsuite></testsuites>