<?xml version="1.0" encoding="utf-8"?><testsuites name="pytest tests"><testsuite name="pytest" errors="0" failures="0" skipped="0" tests="5" time="2.240" timestamp="2026-05-06T09:31:53.962988+00:00" hostname="agent-env-78b3eb2e-29ea-421f-b588-3b58f3caecb2"><testcase classname="backend.tests.test_phase_b_xlsx_and_timeline" name="test_xlsx_preview_accepts_openxmlformats" time="0.796" /><testcase classname="backend.tests.test_phase_b_xlsx_and_timeline" name="test_xlsx_commit_creates_expected_entities" time="0.233" /><testcase classname="backend.tests.test_phase_b_xlsx_and_timeline" name="test_rejects_pdf_extension" time="0.109" /><testcase classname="backend.tests.test_phase_b_xlsx_and_timeline" name="test_rejects_txt_extension" time="0.104" /><testcase classname="backend.tests.test_phase_b_xlsx_and_timeline" name="test_imported_via_surfaces_on_api_responses" time="0.713" /></testsuite></testsuites>