<?xml version="1.0" encoding="utf-8"?><testsuites name="pytest tests"><testsuite name="pytest" errors="0" failures="0" skipped="0" tests="3" time="1.931" timestamp="2026-07-25T15:55:49.454425+00:00" hostname="agent-env-78b3eb2e-29ea-421f-b588-3b58f3caecb2"><testcase classname="tests.test_iter42_refdoc_notify" name="test_create_referring_doctor_with_notify_flags" time="0.806" /><testcase classname="tests.test_iter42_refdoc_notify" name="test_session_mark_printed_creates_notification_audit" time="0.730" /><testcase classname="tests.test_iter42_refdoc_notify" name="test_appointment_accepts_referring_doctor_id" time="0.348" /></testsuite></testsuites>