<?xml version="1.0" encoding="utf-8"?><testsuites name="pytest tests"><testsuite name="pytest" errors="0" failures="0" skipped="0" tests="20" time="4.312" timestamp="2026-05-06T08:05:21.459550+00:00" hostname="agent-env-78b3eb2e-29ea-421f-b588-3b58f3caecb2"><testcase classname="backend.tests.test_iter27_platform_fence" name="test_tenant_admin_403_on_storage_get" time="0.613" /><testcase classname="backend.tests.test_iter27_platform_fence" name="test_tenant_admin_403_on_purge" time="0.109" /><testcase classname="backend.tests.test_iter27_platform_fence" name="test_tenant_admin_403_on_dashboard" time="0.131" /><testcase classname="backend.tests.test_iter27_platform_fence" name="test_tenant_admin_403_on_audit_logs" time="0.104" /><testcase classname="backend.tests.test_iter27_platform_fence" name="test_founder_storage_200" time="0.473" /><testcase classname="backend.tests.test_iter27_platform_fence" name="test_founder_purge_default_200" time="0.124" /><testcase classname="backend.tests.test_iter27_platform_fence" name="test_founder_purge_days_override_200" time="0.128" /><testcase classname="backend.tests.test_iter27_platform_fence" name="test_support_agent_403_on_days_override" time="0.477" /><testcase classname="backend.tests.test_iter27_platform_fence" name="test_founder_regression_endpoints[/admin/v2/dashboard]" time="0.129" /><testcase classname="backend.tests.test_iter27_platform_fence" name="test_founder_regression_endpoints[/admin/v2/system/health]" time="0.117" /><testcase classname="backend.tests.test_iter27_platform_fence" name="test_founder_regression_endpoints[/admin/v2/system/data-health]" time="0.122" /><testcase classname="backend.tests.test_iter27_platform_fence" name="test_founder_regression_endpoints[/admin/v2/audit-logs]" time="0.163" /><testcase classname="backend.tests.test_iter27_platform_fence" name="test_analyst_can_still_read[/admin/v2/dashboard]" time="0.455" /><testcase classname="backend.tests.test_iter27_platform_fence" name="test_analyst_can_still_read[/admin/v2/system/health]" time="0.112" /><testcase classname="backend.tests.test_iter27_platform_fence" name="test_analyst_can_still_read[/admin/v2/audit-logs]" time="0.168" /><testcase classname="backend.tests.test_iter27_platform_fence" name="test_analyst_can_view_storage" time="0.139" /><testcase classname="backend.tests.test_iter27_platform_fence" name="test_delhi_admin_can_login" time="0.332" /><testcase classname="backend.tests.test_iter27_platform_fence" name="test_delhi_admin_can_list_patients" time="0.105" /><testcase classname="backend.tests.test_iter27_platform_fence" name="test_delhi_admin_can_list_invoices" time="0.119" /><testcase classname="backend.tests.test_iter27_platform_fence" name="test_delhi_admin_auth_me" time="0.120" /></testsuite></testsuites>