<?xml version="1.0" encoding="utf-8"?><testsuites name="pytest tests"><testsuite name="pytest" errors="0" failures="0" skipped="0" tests="15" time="15.227" timestamp="2026-05-06T14:53:12.591330+00:00" hostname="agent-env-78b3eb2e-29ea-421f-b588-3b58f3caecb2"><testcase classname="backend.tests.test_autoflip_sale_paid" name="test_autoflip_via_payment" time="1.090" /><testcase classname="backend.tests.test_autoflip_sale_paid" name="test_autoflip_with_initial_payment" time="0.785" /><testcase classname="backend.tests.test_policy_pack" name="test_policy_pack" time="2.232" /><testcase classname="backend.tests.test_legacy_dt_serde_regression" name="test_legacy_dob_returns_200" time="0.615" /><testcase classname="backend.tests.test_xlsx_import" name="test_xlsx_import" time="0.881" /><testcase classname="backend.tests.test_rich_csv_import_and_accounts" name="test_rich_csv_import" time="1.065" /><testcase classname="backend.tests.test_pdf_retention" name="test_storage_stats_and_purge" time="0.804" /><testcase classname="backend.tests.test_data_health_auto_incident" name="test_auto_incident_idempotent" time="0.619" /><testcase classname="backend.tests.test_sale_invoice_prefill" name="test_invoice_prefill" time="0.763" /><testcase classname="backend.tests.test_iter30_extras" name="test_regular_invoice_without_from_sale_no" time="0.518" /><testcase classname="backend.tests.test_iter30_extras" name="test_all_seven_policies_substituted" time="2.643" /><testcase classname="backend.tests.test_iter30_extras" name="test_policy_pack_requires_auth" time="0.442" /><testcase classname="backend.tests.test_iter30_extras" name="test_policy_404_unknown" time="0.600" /><testcase classname="backend.tests.test_iter30_extras" name="test_policy_raw_role_gating" time="1.093" /><testcase classname="backend.tests.test_iter30_extras" name="test_tradein_finalised_on_autoflip" time="0.767" /></testsuite></testsuites>