<?xml version="1.0" encoding="utf-8"?><testsuites name="pytest tests"><testsuite name="pytest" errors="0" failures="0" skipped="0" tests="12" time="68.717" timestamp="2026-07-30T20:26:16.183560+00:00" hostname="agent-env-78b3eb2e-29ea-421f-b588-3b58f3caecb2"><testcase classname="tests.test_referral_flat_payout_scoping.TestReferralFlatPayoutScoping" name="test_flat_ha_payout_zero_when_no_ha_sale" time="21.661" /><testcase classname="tests.test_referral_flat_payout_scoping.TestReferralFlatPayoutScoping" name="test_drilldown_includes_per_patient_revenue" time="11.459" /><testcase classname="tests.test_referral_flat_payout_scoping.TestReferralFlatPayoutScoping" name="test_flat_diag_payout_scopes_to_diag_patients_only" time="28.786" /><testcase classname="tests.test_appointment_ha_wing.TestHAWingAppointment" name="test_create_ha_wing_appointment" time="0.679" /><testcase classname="tests.test_appointment_ha_wing.TestHAWingAppointment" name="test_update_ha_wing_appointment" time="0.222" /><testcase classname="tests.test_appointment_ha_wing.TestHAWingAppointment" name="test_default_wing_backwards_compat" time="0.124" /><testcase classname="tests.test_appointment_ha_wing.TestHAWingWithInvoice" name="test_with_invoice_ha_wing" time="0.140" /><testcase classname="tests.test_appointment_ha_wing.TestHAWingWithInvoice" name="test_with_invoice_diagnostic_default" time="0.125" /><testcase classname="tests.test_diagnostics_queue_checkin.TestQueueCheckin" name="test_checkin_promotes_scheduled_to_checked_in" time="2.362" /><testcase classname="tests.test_diagnostics_queue_checkin.TestQueueCheckin" name="test_checkin_is_idempotent" time="2.521" /><testcase classname="tests.test_diagnostics_queue_checkin.TestQueueCheckin" name="test_checkin_refuses_to_demote_in_progress" time="0.471" /><testcase classname="tests.test_diagnostics_queue_checkin.TestQueueCheckin" name="test_checkin_returns_already_when_no_match" time="0.105" /></testsuite></testsuites>