<?xml version="1.0" encoding="utf-8"?><testsuites name="pytest tests"><testsuite name="pytest" errors="0" failures="0" skipped="0" tests="11" time="4.849" timestamp="2026-05-06T08:06:36.319746+00:00" hostname="agent-env-78b3eb2e-29ea-421f-b588-3b58f3caecb2"><testcase classname="backend.tests.test_iter26_pdf_storage_endpoints" name="test_storage_stats_as_founder_schema" time="0.640" /><testcase classname="backend.tests.test_iter26_pdf_storage_endpoints" name="test_purge_default_body_returns_schema" time="0.438" /><testcase classname="backend.tests.test_iter26_pdf_storage_endpoints" name="test_purge_days_zero_skips" time="0.470" /><testcase classname="backend.tests.test_iter26_pdf_storage_endpoints" name="test_purge_days_invalid_returns_400" time="0.450" /><testcase classname="backend.tests.test_iter26_pdf_storage_endpoints" name="test_support_agent_cannot_override_days" time="0.449" /><testcase classname="backend.tests.test_iter26_pdf_storage_endpoints" name="test_support_agent_can_view_storage_stats" time="0.435" /><testcase classname="backend.tests.test_iter26_pdf_storage_endpoints" name="test_support_agent_default_purge_allowed" time="0.435" /><testcase classname="backend.tests.test_iter26_pdf_storage_endpoints" name="test_tenant_admin_cannot_view_storage" time="0.430" /><testcase classname="backend.tests.test_iter26_pdf_storage_endpoints" name="test_tenant_admin_cannot_purge" time="0.467" /><testcase classname="backend.tests.test_iter26_pdf_storage_endpoints" name="test_unauthenticated_blocked" time="0.105" /><testcase classname="backend.tests.test_iter26_pdf_storage_endpoints" name="test_data_health_regression" time="0.476" /></testsuite></testsuites>