<?xml version="1.0" encoding="utf-8"?><testsuites name="pytest tests"><testsuite name="pytest" errors="0" failures="0" skipped="0" tests="7" time="2.738" timestamp="2026-04-22T02:14:34.421421+00:00" hostname="agent-env-78b3eb2e-29ea-421f-b588-3b58f3caecb2"><testcase classname="backend.tests.test_iter5_enhancements.TestPublicQueue" name="test_public_queue_no_auth_returns_200" time="0.158" /><testcase classname="backend.tests.test_iter5_enhancements.TestPublicQueue" name="test_public_queue_404_for_bogus_clinic" time="0.120" /><testcase classname="backend.tests.test_iter5_enhancements.TestPublicQueue" name="test_public_queue_explicitly_no_auth_header_works" time="0.135" /><testcase classname="backend.tests.test_iter5_enhancements.TestPublicQueue" name="test_authd_endpoint_still_requires_bearer" time="0.133" /><testcase classname="backend.tests.test_iter5_enhancements.TestPublicQueuePrivacy" name="test_token_appears_in_public_queue_with_redacted_name" time="1.755" /><testcase classname="backend.tests.test_iter5_enhancements.TestPublicQueuePrivacy" name="test_cleanup_complete_token" time="0.258" /><testcase classname="backend.tests.test_iter5_enhancements.TestPaidInvoicePresence" name="test_paid_invoice_exists_or_create_one" time="0.126" /></testsuite></testsuites>