<?xml version="1.0" encoding="utf-8"?><testsuites name="pytest tests"><testsuite name="pytest" errors="0" failures="0" skipped="0" tests="8" time="3.946" timestamp="2026-04-23T17:41:45.202239+00:00" hostname="agent-env-78b3eb2e-29ea-421f-b588-3b58f3caecb2"><testcase classname="backend.tests.test_iter21_report_extras" name="test_pdf_reupload_replaces_previous_blob" time="2.817" /><testcase classname="backend.tests.test_iter21_report_extras" name="test_pdf_fallback_template_when_no_upload" time="0.257" /><testcase classname="backend.tests.test_iter21_report_extras" name="test_cross_tenant_pdf_upload_blocked" time="0.118" /><testcase classname="backend.tests.test_iter21_report_extras" name="test_cross_tenant_pdf_fetch_blocked" time="0.121" /><testcase classname="backend.tests.test_iter21_report_extras" name="test_cross_tenant_reports_listing_isolated" time="0.235" /><testcase classname="backend.tests.test_iter21_report_extras" name="test_patient_history_shape" time="0.107" /><testcase classname="backend.tests.test_iter21_report_extras" name="test_patient_history_cross_tenant_blocked" time="0.109" /><testcase classname="backend.tests.test_iter21_report_extras" name="test_billing_report_delivery_whatsapp_legacy" time="0.122" /></testsuite></testsuites>