<?xml version="1.0" encoding="utf-8"?><testsuites name="pytest tests"><testsuite name="pytest" errors="0" failures="0" skipped="0" tests="12" time="4.616" timestamp="2026-04-23T17:40:36.537839+00:00" hostname="agent-env-78b3eb2e-29ea-421f-b588-3b58f3caecb2"><testcase classname="backend.tests.test_report_handover" name="test_token_dedupe_same_patient_same_day" time="1.862" /><testcase classname="backend.tests.test_report_handover" name="test_token_dedupe_skipped_once_completed" time="0.362" /><testcase classname="backend.tests.test_report_handover" name="test_generate_report_flips_to_completed" time="0.231" /><testcase classname="backend.tests.test_report_handover" name="test_legacy_aliases_all_land_on_completed" time="0.466" /><testcase classname="backend.tests.test_report_handover" name="test_handover_endpoint_is_gone" time="0.219" /><testcase classname="backend.tests.test_report_handover" name="test_upload_pdf_and_retrieve" time="0.336" /><testcase classname="backend.tests.test_report_handover" name="test_upload_rejects_non_pdf" time="0.222" /><testcase classname="backend.tests.test_report_handover" name="test_upload_rejects_empty" time="0.279" /><testcase classname="backend.tests.test_report_handover" name="test_reports_listing_only_completed" time="0.113" /><testcase classname="backend.tests.test_report_handover" name="test_pending_count_always_zero" time="0.111" /><testcase classname="backend.tests.test_report_handover" name="test_billing_pending_reports_empty" time="0.104" /><testcase classname="backend.tests.test_report_handover" name="test_appointment_with_invoice_still_works" time="0.239" /></testsuite></testsuites>