<?xml version="1.0" encoding="utf-8"?><testsuites name="pytest tests"><testsuite name="pytest" errors="0" failures="0" skipped="0" tests="25" time="6.304" timestamp="2026-04-21T18:40:26.897174+00:00" hostname="agent-env-78b3eb2e-29ea-421f-b588-3b58f3caecb2"><testcase classname="backend.tests.test_m01_frontdesk.TestAuth" name="test_login_valid" time="0.756" /><testcase classname="backend.tests.test_m01_frontdesk.TestAuth" name="test_login_invalid_password" time="0.354" /><testcase classname="backend.tests.test_m01_frontdesk.TestAuth" name="test_login_unknown_user" time="0.120" /><testcase classname="backend.tests.test_m01_frontdesk.TestAuth" name="test_me_with_token" time="0.121" /><testcase classname="backend.tests.test_m01_frontdesk.TestAuth" name="test_me_without_token" time="0.130" /><testcase classname="backend.tests.test_m01_frontdesk.TestAuth" name="test_me_bad_token" time="0.115" /><testcase classname="backend.tests.test_m01_frontdesk.TestAuth" name="test_all_four_demo_users_login" time="1.356" /><testcase classname="backend.tests.test_m01_frontdesk.TestTenantGating" name="test_patients_without_auth_401" time="0.117" /><testcase classname="backend.tests.test_m01_frontdesk.TestTenantGating" name="test_patients_post_without_auth_401" time="0.133" /><testcase classname="backend.tests.test_m01_frontdesk.TestTenantGating" name="test_tokens_without_auth_401" time="0.107" /><testcase classname="backend.tests.test_m01_frontdesk.TestTenantGating" name="test_dashboard_without_auth_401" time="0.110" /><testcase classname="backend.tests.test_m01_frontdesk.TestTenantGating" name="test_sessions_without_auth_401" time="0.121" /><testcase classname="backend.tests.test_m01_frontdesk.TestPatientCRUD" name="test_create_patient_auto_mrd" time="0.113" /><testcase classname="backend.tests.test_m01_frontdesk.TestPatientCRUD" name="test_duplicate_check_by_mobile" time="0.172" /><testcase classname="backend.tests.test_m01_frontdesk.TestPatientCRUD" name="test_search_patient" time="0.212" /><testcase classname="backend.tests.test_m01_frontdesk.TestPatientCRUD" name="test_update_patient" time="0.232" /><testcase classname="backend.tests.test_m01_frontdesk.TestTokens" name="test_create_token" time="0.127" /><testcase classname="backend.tests.test_m01_frontdesk.TestTokens" name="test_token_transition_status" time="0.179" /><testcase classname="backend.tests.test_m01_frontdesk.TestTokens" name="test_today_tokens" time="0.140" /><testcase classname="backend.tests.test_m01_frontdesk.TestDashboard" name="test_frontdesk_dashboard" time="0.113" /><testcase classname="backend.tests.test_m01_frontdesk.TestSessions" name="test_create_session_authenticated" time="0.133" /><testcase classname="backend.tests.test_m01_frontdesk.TestSessions" name="test_create_session_unauth" time="0.114" /><testcase classname="backend.tests.test_m01_frontdesk.TestSessions" name="test_sessions_sorted_desc" time="0.570" /><testcase classname="backend.tests.test_m01_frontdesk.TestSessions" name="test_session_invalid_patient_404" time="0.117" /><testcase classname="backend.tests.test_m01_frontdesk.TestSessions" name="test_session_delete" time="0.450" /></testsuite></testsuites>