<?xml version="1.0" encoding="utf-8"?><testsuites name="pytest tests"><testsuite name="pytest" errors="0" failures="0" skipped="0" tests="21" time="5.034" timestamp="2026-04-21T19:09:47.106075+00:00" hostname="agent-env-78b3eb2e-29ea-421f-b588-3b58f3caecb2"><testcase classname="backend.tests.test_m01b_appointments.TestMeta" name="test_services" time="0.657" /><testcase classname="backend.tests.test_m01b_appointments.TestMeta" name="test_users_role_filter" time="0.153" /><testcase classname="backend.tests.test_m01b_appointments.TestAppointments" name="test_create_appointment" time="0.414" /><testcase classname="backend.tests.test_m01b_appointments.TestAppointments" name="test_double_booking_returns_409" time="0.133" /><testcase classname="backend.tests.test_m01b_appointments.TestAppointments" name="test_list_filters_and_no_id_leak" time="0.289" /><testcase classname="backend.tests.test_m01b_appointments.TestAppointments" name="test_reschedule_no_conflict" time="0.135" /><testcase classname="backend.tests.test_m01b_appointments.TestAppointments" name="test_reschedule_conflict_returns_409" time="0.278" /><testcase classname="backend.tests.test_m01b_appointments.TestAppointments" name="test_update_status" time="0.405" /><testcase classname="backend.tests.test_m01b_appointments.TestAppointments" name="test_cancel_appointment_logs_activity" time="0.391" /><testcase classname="backend.tests.test_m01b_appointments.TestAppointments" name="test_slots_endpoint" time="0.119" /><testcase classname="backend.tests.test_m01b_appointments.TestWaitlist" name="test_add_to_waitlist" time="0.118" /><testcase classname="backend.tests.test_m01b_appointments.TestWaitlist" name="test_list_waitlist_active" time="0.204" /><testcase classname="backend.tests.test_m01b_appointments.TestWaitlist" name="test_update_waitlist_status" time="0.134" /><testcase classname="backend.tests.test_m01b_appointments.TestWaitlist" name="test_invalid_waitlist_status_400" time="0.114" /><testcase classname="backend.tests.test_m01b_appointments.TestReminders" name="test_send_email_reminder_stub" time="0.111" /><testcase classname="backend.tests.test_m01b_appointments.TestReminders" name="test_send_whatsapp_reminder_stub" time="0.106" /><testcase classname="backend.tests.test_m01b_appointments.TestReminders" name="test_invalid_channel_400" time="0.133" /><testcase classname="backend.tests.test_m01b_appointments.TestReminders" name="test_list_reminders_logs" time="0.140" /><testcase classname="backend.tests.test_m01b_appointments.TestAuthGate" name="test_appointments_unauth" time="0.127" /><testcase classname="backend.tests.test_m01b_appointments.TestAuthGate" name="test_waitlist_unauth" time="0.149" /><testcase classname="backend.tests.test_m01b_appointments.TestAuthGate" name="test_reminders_unauth" time="0.668" /></testsuite></testsuites>