<?xml version="1.0" encoding="utf-8"?><testsuites name="pytest tests"><testsuite name="pytest" errors="0" failures="1" skipped="0" tests="16" time="6.705" timestamp="2026-04-21T19:27:41.188596+00:00" hostname="agent-env-78b3eb2e-29ea-421f-b588-3b58f3caecb2"><testcase classname="backend.tests.test_m01c_billing.TestAuthGate" name="test_no_token_401" time="0.732" /><testcase classname="backend.tests.test_m01c_billing.TestServices" name="test_seeded_catalogue" time="0.548" /><testcase classname="backend.tests.test_m01c_billing.TestServices" name="test_create_update_delete_service" time="0.838" /><testcase classname="backend.tests.test_m01c_billing.TestInvoices" name="test_mixed_invoice_inter_state_igst" time="0.525" /><testcase classname="backend.tests.test_m01c_billing.TestInvoices" name="test_intra_state_cgst_sgst_split" time="0.369" /><testcase classname="backend.tests.test_m01c_billing.TestInvoices" name="test_invoice_with_initial_payment_status_partial" time="0.269"><failure message="assert 500.0 &lt; 0.5&#10; +  where 500.0 = abs((23000.0 - 23500))">backend/tests/test_m01c_billing.py:163: in test_invoice_with_initial_payment_status_partial
    assert abs(inv["due_total"] - 23500) &lt; 0.5
E   assert 500.0 &lt; 0.5
E    +  where 500.0 = abs((23000.0 - 23500))</failure></testcase><testcase classname="backend.tests.test_m01c_billing.TestInvoices" name="test_invalid_service_id_400" time="0.169" /><testcase classname="backend.tests.test_m01c_billing.TestInvoices" name="test_empty_lines_400" time="0.121" /><testcase classname="backend.tests.test_m01c_billing.TestInvoices" name="test_list_filter_and_get_by_id" time="0.233" /><testcase classname="backend.tests.test_m01c_billing.TestInvoices" name="test_payment_progresses_to_paid" time="0.852" /><testcase classname="backend.tests.test_m01c_billing.TestInvoices" name="test_cancel_role_gate" time="0.720" /><testcase classname="backend.tests.test_m01c_billing.TestCollections" name="test_collections_today" time="0.118" /><testcase classname="backend.tests.test_m01c_billing.TestCollections" name="test_dashboard_collections_today" time="0.118" /><testcase classname="backend.tests.test_m01c_billing.TestHandover" name="test_pending_reports_listing" time="0.130" /><testcase classname="backend.tests.test_m01c_billing.TestHandover" name="test_log_delivery_and_disappear_from_pending" time="0.742" /><testcase classname="backend.tests.test_m01c_billing.TestHandover" name="test_invalid_channel_400" time="0.112" /></testsuite></testsuites>