<?xml version="1.0" encoding="utf-8"?><testsuites name="pytest tests"><testsuite name="pytest" errors="0" failures="0" skipped="1" tests="11" time="2.792" timestamp="2026-08-06T19:41:51.106351+00:00" hostname="agent-env-7c1876b2-70b8-4513-a914-ccb3c84d43a7"><testcase classname="tests.test_appointment_past_time_guard.TestPostPastTimeGuard" name="test_yesterday_10am_rejected" time="0.468" /><testcase classname="tests.test_appointment_past_time_guard.TestPostPastTimeGuard" name="test_now_minus_3min_rejected" time="0.134" /><testcase classname="tests.test_appointment_past_time_guard.TestPostPastTimeGuard" name="test_current_minute_within_grace_allowed" time="0.201" /><testcase classname="tests.test_appointment_past_time_guard.TestPostHappyPath" name="test_future_booking_succeeds" time="0.416" /><testcase classname="tests.test_appointment_past_time_guard.TestPutPastTimeGuard" name="test_moving_start_backward_to_past_rejected" time="0.383" /><testcase classname="tests.test_appointment_past_time_guard.TestPutPastTimeGuard" name="test_metadata_only_edit_on_future_appt_ok" time="0.513" /><testcase classname="tests.test_appointment_past_time_guard.TestAvailabilitySlots" name="test_yesterday_all_slots_past" time="0.121" /><testcase classname="tests.test_appointment_past_time_guard.TestAvailabilitySlots" name="test_tomorrow_no_slots_past" time="0.105" /><testcase classname="tests.test_appointment_past_time_guard.TestAvailabilitySlots" name="test_today_past_slots_marked" time="0.117"><skipped type="pytest.skip" message="No past slots on today (2026-08-07) at IST 01:11:53.506472 — slot-walk starts at 06:00, likely running before 06:30 IST.">/app/backend/tests/test_appointment_past_time_guard.py:289: No past slots on today (2026-08-07) at IST 01:11:53.506472 — slot-walk starts at 06:00, likely running before 06:30 IST.</skipped></testcase><testcase classname="tests.test_appointment_past_time_guard.TestAvailabilitySlots" name="test_override_does_not_resurrect_past" time="0.131" /><testcase classname="tests.test_appointment_past_time_guard.TestAvailabilitySlots" name="test_yesterday_next_available_null" time="0.143" /></testsuite></testsuites>