<?xml version="1.0" encoding="utf-8"?><testsuites name="pytest tests"><testsuite name="pytest" errors="0" failures="0" skipped="0" tests="5" time="2.775" timestamp="2026-08-07T09:57:51.388900+00:00" hostname="agent-env-7c1876b2-70b8-4513-a914-ccb3c84d43a7"><testcase classname="tests.test_patient_merge" name="test_merge_dry_run_returns_preview" time="0.740" /><testcase classname="tests.test_patient_merge" name="test_merge_same_id_400" time="0.305" /><testcase classname="tests.test_patient_merge" name="test_merge_cross_clinic_returns_404_or_403" time="0.466" /><testcase classname="tests.test_patient_merge" name="test_merge_role_gate_non_owner_403" time="0.260" /><testcase classname="tests.test_patient_merge" name="test_merge_wet_run_soft_marks_secondary_and_hides_from_list" time="0.950" /></testsuite></testsuites>