<?xml version="1.0" encoding="utf-8"?><testsuites name="pytest tests"><testsuite name="pytest" errors="0" failures="0" skipped="0" tests="10" time="2.212" timestamp="2026-07-27T06:52:12.668663+00:00" hostname="agent-env-78b3eb2e-29ea-421f-b588-3b58f3caecb2"><testcase classname="tests.test_perf_optimizations" name="test_founder_login_legacy_cost12_hash" time="0.344" /><testcase classname="tests.test_perf_optimizations" name="test_founder_login_wrong_password_401" time="0.313" /><testcase classname="tests.test_perf_optimizations" name="test_public_clinic_signup_new_email" time="0.461" /><testcase classname="tests.test_perf_optimizations" name="test_change_password_wrong_current" time="0.635" /><testcase classname="tests.test_perf_optimizations" name="test_gzip_compression_active" time="0.100" /><testcase classname="tests.test_perf_optimizations" name="test_gzip_body_matches_plain" time="0.189" /><testcase classname="tests.test_perf_optimizations" name="test_user_sessions_indexes_exist" time="0.004" /><testcase classname="tests.test_perf_optimizations" name="test_audit_log_indexes_exist" time="0.003" /><testcase classname="tests.test_perf_optimizations" name="test_email_events_ttl_index_still_exists" time="0.003" /><testcase classname="tests.test_perf_optimizations" name="test_auth_me_smoke" time="0.102" /></testsuite></testsuites>