<?xml version="1.0" encoding="utf-8"?><testsuites name="pytest tests"><testsuite name="pytest" errors="0" failures="1" skipped="0" tests="38" time="16.691" timestamp="2026-04-22T07:32:34.026054+00:00" hostname="agent-env-78b3eb2e-29ea-421f-b588-3b58f3caecb2"><testcase classname="backend.tests.test_phase3_ha_transactions.TestQuotations" name="test_create_quotation_happy_path" time="1.120" /><testcase classname="backend.tests.test_phase3_ha_transactions.TestQuotations" name="test_patient_not_found_404" time="0.306" /><testcase classname="backend.tests.test_phase3_ha_transactions.TestQuotations" name="test_unknown_product_400" time="0.120" /><testcase classname="backend.tests.test_phase3_ha_transactions.TestQuotations" name="test_pair_rule_left_only_400" time="0.235" /><testcase classname="backend.tests.test_phase3_ha_transactions.TestQuotations" name="test_pair_rule_l_plus_r_ok" time="0.237" /><testcase classname="backend.tests.test_phase3_ha_transactions.TestQuotations" name="test_get_quote_margin_analysis_above_floor" time="0.129" /><testcase classname="backend.tests.test_phase3_ha_transactions.TestQuotations" name="test_get_quote_margin_analysis_below_floor" time="0.361" /><testcase classname="backend.tests.test_phase3_ha_transactions.TestQuotations" name="test_role_gate_audiologist_can_create" time="0.585" /><testcase classname="backend.tests.test_phase3_ha_transactions.TestQuotations" name="test_role_gate_frontdesk_can_create" time="0.583" /><testcase classname="backend.tests.test_phase3_ha_transactions.TestQuotations" name="test_role_gate_accounts_cannot_create" time="0.622" /><testcase classname="backend.tests.test_phase3_ha_transactions.TestQuotations" name="test_status_legal_draft_to_sent" time="0.120" /><testcase classname="backend.tests.test_phase3_ha_transactions.TestQuotations" name="test_status_illegal_draft_to_accepted" time="0.472" /><testcase classname="backend.tests.test_phase3_ha_transactions.TestQuotations" name="test_put_rejected_on_converted" time="0.273" /><testcase classname="backend.tests.test_phase3_ha_transactions.TestSales" name="test_sale_happy_path" time="1.549" /><testcase classname="backend.tests.test_phase3_ha_transactions.TestSales" name="test_sale_below_floor_no_approval_409" time="0.984" /><testcase classname="backend.tests.test_phase3_ha_transactions.TestSales" name="test_sale_below_floor_frontdesk_approver_403" time="0.246" /><testcase classname="backend.tests.test_phase3_ha_transactions.TestSales" name="test_sale_below_floor_super_admin_approver_200" time="0.229" /><testcase classname="backend.tests.test_phase3_ha_transactions.TestSales" name="test_sale_serial_not_in_stock_409" time="0.358" /><testcase classname="backend.tests.test_phase3_ha_transactions.TestSales" name="test_sale_serial_product_mismatch_400" time="1.068" /><testcase classname="backend.tests.test_phase3_ha_transactions.TestSales" name="test_sale_duplicate_serial_400" time="0.929" /><testcase classname="backend.tests.test_phase3_ha_transactions.TestSales" name="test_sale_missing_serial_assignment_400" time="0.389" /><testcase classname="backend.tests.test_phase3_ha_transactions.TestSales" name="test_mark_paid_transitions_sold" time="0.355" /><testcase classname="backend.tests.test_phase3_ha_transactions.TestSales" name="test_cancel_paid_sale_409" time="0.139" /><testcase classname="backend.tests.test_phase3_ha_transactions.TestSales" name="test_cancel_reserved_sale_unreserves" time="1.320" /><testcase classname="backend.tests.test_phase3_ha_transactions.TestTechDebt" name="test_unique_serial_index_rejects_colliding_grn_409" time="1.174"><failure message="AssertionError: Internal Server Error&#10;assert 500 == 409&#10; +  where 500 = &lt;Response [500]&gt;.status_code">backend/tests/test_phase3_ha_transactions.py:491: in test_unique_serial_index_rejects_colliding_grn_409
    assert g.status_code == 409, g.text
E   AssertionError: Internal Server Error
E   assert 500 == 409
E    +  where 500 = &lt;Response [500]&gt;.status_code</failure></testcase><testcase classname="backend.tests.test_phase3_ha_transactions.TestTechDebt" name="test_warranty_calc_uses_relativedelta" time="0.739" /><testcase classname="backend.tests.test_phase3_ha_transactions.TestTechDebt" name="test_po_state_machine_illegal_draft_to_received_409" time="0.331" /><testcase classname="backend.tests.test_phase3_ha_transactions.TestTechDebt" name="test_po_state_machine_legal_draft_to_approved" time="0.396" /><testcase classname="backend.tests.test_phase3_ha_transactions.TestRegressionIter14" name="test_iter14_endpoints_200[/ha/products]" time="0.111" /><testcase classname="backend.tests.test_phase3_ha_transactions.TestRegressionIter14" name="test_iter14_endpoints_200[/ha/serial-items]" time="0.115" /><testcase classname="backend.tests.test_phase3_ha_transactions.TestRegressionIter14" name="test_iter14_endpoints_200[/ha/grns]" time="0.115" /><testcase classname="backend.tests.test_phase3_ha_transactions.TestRegressionIter14" name="test_iter14_endpoints_200[/ha/purchase-orders]" time="0.115" /><testcase classname="backend.tests.test_phase3_ha_transactions.TestRegressionIter14" name="test_iter14_endpoints_200[/branches]" time="0.100" /><testcase classname="backend.tests.test_phase3_ha_transactions.TestRegressionIter14" name="test_iter14_endpoints_200[/vendors]" time="0.105" /><testcase classname="backend.tests.test_phase3_ha_transactions.TestRegressionIter14" name="test_iter14_endpoints_200[/patients]" time="0.120" /><testcase classname="backend.tests.test_phase3_ha_transactions.TestRegressionIter14" name="test_iter14_endpoints_200[/appointments]" time="0.124" /><testcase classname="backend.tests.test_phase3_ha_transactions.TestRegressionIter14" name="test_iter14_endpoints_200[/sessions]" time="0.184" /><testcase classname="backend.tests.test_phase3_ha_transactions.TestRegressionIter14" name="test_iter14_endpoints_200[/dashboard/frontdesk]" time="0.109" /></testsuite></testsuites>