<?xml version="1.0" encoding="utf-8"?><testsuites name="pytest tests"><testsuite name="pytest" errors="0" failures="7" skipped="0" tests="39" time="9.301" timestamp="2026-04-22T18:42:09.161038+00:00" hostname="agent-env-78b3eb2e-29ea-421f-b588-3b58f3caecb2"><testcase classname="backend.tests.test_phase14b_admin_panel" name="test_internal_users_seeded" time="0.647" /><testcase classname="backend.tests.test_phase14b_admin_panel" name="test_tickets_list_with_stats" time="0.146" /><testcase classname="backend.tests.test_phase14b_admin_panel" name="test_tickets_create_with_sla" time="0.115" /><testcase classname="backend.tests.test_phase14b_admin_panel" name="test_tickets_filter_by_status" time="0.139" /><testcase classname="backend.tests.test_phase14b_admin_panel" name="test_ticket_reply_then_resolve" time="0.262" /><testcase classname="backend.tests.test_phase14b_admin_panel" name="test_ticket_invalid_category" time="0.118"><failure message="assert 422 == 400&#10; +  where 422 = &lt;Response [422]&gt;.status_code">backend/tests/test_phase14b_admin_panel.py:191: in test_ticket_invalid_category
    assert r.status_code == 400
E   assert 422 == 400
E    +  where 422 = &lt;Response [422]&gt;.status_code</failure></testcase><testcase classname="backend.tests.test_phase14b_admin_panel" name="test_usage_analytics_shape" time="0.372" /><testcase classname="backend.tests.test_phase14b_admin_panel" name="test_system_health_subsystems" time="0.131" /><testcase classname="backend.tests.test_phase14b_admin_panel" name="test_incident_create_and_resolve" time="0.403" /><testcase classname="backend.tests.test_phase14b_admin_panel" name="test_marketing_campaigns_enriched" time="0.137" /><testcase classname="backend.tests.test_phase14b_admin_panel" name="test_create_campaign" time="0.113" /><testcase classname="backend.tests.test_phase14b_admin_panel" name="test_send_broadcast_and_list" time="0.268" /><testcase classname="backend.tests.test_phase14b_admin_panel" name="test_feed_visible_to_clinic_owner" time="0.587" /><testcase classname="backend.tests.test_phase14b_admin_panel" name="test_send_to_specific_tenant" time="0.188" /><testcase classname="backend.tests.test_phase14b_admin_panel" name="test_audit_filtered" time="0.159" /><testcase classname="backend.tests.test_phase14b_admin_panel" name="test_get_settings_defaults" time="0.127" /><testcase classname="backend.tests.test_phase14b_admin_panel" name="test_settings_update_founder" time="0.229" /><testcase classname="backend.tests.test_phase14b_admin_panel" name="test_settings_update_denied_for_sales" time="0.457" /><testcase classname="backend.tests.test_phase14b_admin_panel" name="test_invite_internal_user" time="0.344" /><testcase classname="backend.tests.test_phase14b_admin_panel" name="test_invite_internal_user_invalid_role" time="0.164" /><testcase classname="backend.tests.test_phase14b_admin_panel" name="test_disable_internal_user" time="0.175" /><testcase classname="backend.tests.test_phase14b_admin_panel" name="test_internal_users_denied_for_sales" time="0.111" /><testcase classname="backend.tests.test_phase14b_admin_panel" name="test_rbac_matrix_visible_to_founder" time="0.120" /><testcase classname="backend.tests.test_phase14b_admin_panel" name="test_rbac_matrix_denied_for_sales" time="0.126" /><testcase classname="backend.tests.test_phase14b_admin_panel" name="test_rbac_matrix_visible_to_product_ops" time="0.449" /><testcase classname="backend.tests.test_phase14b_admin_panel.TestRbacSalesManager" name="test_can_read_leads" time="0.150"><failure message="assert 403 == 200&#10; +  where 403 = &lt;Response [403]&gt;.status_code">backend/tests/test_phase14b_admin_panel.py:413: in test_can_read_leads
    assert r.status_code == 200
E   assert 403 == 200
E    +  where 403 = &lt;Response [403]&gt;.status_code</failure></testcase><testcase classname="backend.tests.test_phase14b_admin_panel.TestRbacSalesManager" name="test_can_read_marketing" time="0.128" /><testcase classname="backend.tests.test_phase14b_admin_panel.TestRbacSalesManager" name="test_cannot_write_tickets" time="0.116" /><testcase classname="backend.tests.test_phase14b_admin_panel.TestRbacSupportAgent" name="test_can_write_tickets" time="0.516" /><testcase classname="backend.tests.test_phase14b_admin_panel.TestRbacSupportAgent" name="test_cannot_write_revenue" time="0.112" /><testcase classname="backend.tests.test_phase14b_admin_panel.TestRbacFinanceManager" name="test_can_read_revenue" time="0.472"><failure message="assert 403 == 200&#10; +  where 403 = &lt;Response [403]&gt;.status_code">backend/tests/test_phase14b_admin_panel.py:443: in test_can_read_revenue
    assert r.status_code == 200
E   assert 403 == 200
E    +  where 403 = &lt;Response [403]&gt;.status_code</failure></testcase><testcase classname="backend.tests.test_phase14b_admin_panel.TestRbacFinanceManager" name="test_can_read_invoices" time="0.116"><failure message="assert 403 == 200&#10; +  where 403 = &lt;Response [403]&gt;.status_code">backend/tests/test_phase14b_admin_panel.py:448: in test_can_read_invoices
    assert r.status_code == 200
E   assert 403 == 200
E    +  where 403 = &lt;Response [403]&gt;.status_code</failure></testcase><testcase classname="backend.tests.test_phase14b_admin_panel.TestRbacFinanceManager" name="test_cannot_write_features" time="0.114" /><testcase classname="backend.tests.test_phase14b_admin_panel.TestRbacProductOps" name="test_can_write_features" time="0.113"><failure message="AssertionError: {&quot;detail&quot;:&quot;Requires one of: ('founder', 'super_admin')&quot;}&#10;assert 403 == 200&#10; +  where 403 = &lt;Response [403]&gt;.status_code">backend/tests/test_phase14b_admin_panel.py:462: in test_can_write_features
    assert r.status_code == 200, r.text
E   AssertionError: {"detail":"Requires one of: ('founder', 'super_admin')"}
E   assert 403 == 200
E    +  where 403 = &lt;Response [403]&gt;.status_code</failure></testcase><testcase classname="backend.tests.test_phase14b_admin_panel.TestRbacProductOps" name="test_cannot_write_revenue" time="0.121" /><testcase classname="backend.tests.test_phase14b_admin_panel.TestRbacReadOnly" name="test_can_read_dashboard" time="0.446"><failure message="assert 403 == 200&#10; +  where 403 = &lt;Response [403]&gt;.status_code">backend/tests/test_phase14b_admin_panel.py:474: in test_can_read_dashboard
    assert r.status_code == 200
E   assert 403 == 200
E    +  where 403 = &lt;Response [403]&gt;.status_code</failure></testcase><testcase classname="backend.tests.test_phase14b_admin_panel.TestRbacReadOnly" name="test_can_read_tenants" time="0.124"><failure message="assert 403 == 200&#10; +  where 403 = &lt;Response [403]&gt;.status_code">backend/tests/test_phase14b_admin_panel.py:478: in test_can_read_tenants
    assert r.status_code == 200
E   assert 403 == 200
E    +  where 403 = &lt;Response [403]&gt;.status_code</failure></testcase><testcase classname="backend.tests.test_phase14b_admin_panel.TestRbacReadOnly" name="test_cannot_write_anything" time="0.362" /><testcase classname="backend.tests.test_phase14b_admin_panel" name="test_tickets_unauth" time="0.116" /></testsuite></testsuites>