<?xml version="1.0" encoding="utf-8"?><testsuites name="pytest tests"><testsuite name="pytest" errors="0" failures="3" skipped="0" tests="9" time="2.638" timestamp="2026-07-30T19:35:04.924895+00:00" hostname="agent-env-78b3eb2e-29ea-421f-b588-3b58f3caecb2"><testcase classname="tests.test_diagnostics_queue_checkin.TestQueueCheckin" name="test_checkin_promotes_scheduled_to_checked_in" time="0.752"><failure message="AssertionError: {&quot;detail&quot;:{&quot;message&quot;:&quot;Time slot conflicts with an existing appointment&quot;,&quot;conflict_with&quot;:{&quot;appointment_id&quot;:&quot;APT-F931FDB5-5&quot;,&quot;patient_name&quot;:&quot;TEST UI B 787&quot;,&quot;start_at&quot;:&quot;2026-07-31T15:02:00&quot;,&quot;end_at&quot;:&quot;2026-07-31T15:32:00&quot;}}}&#10;assert 409 in (200, 201)&#10; +  where 409 = &lt;Response [409]&gt;.status_code">backend/tests/test_diagnostics_queue_checkin.py:110: in test_checkin_promotes_scheduled_to_checked_in
    apt_id = _make_today_appt(hdrs, patient_id, audiologist_id, hour=15, minute=minute)
             ^^^^^^^^^^^^^^^^^^^^^^^^^^^^^^^^^^^^^^^^^^^^^^^^^^^^^^^^^^^^^^^^^^^^^^^^^^
backend/tests/test_diagnostics_queue_checkin.py:101: in _make_today_appt
    assert r.status_code in (200, 201), r.text
E   AssertionError: {"detail":{"message":"Time slot conflicts with an existing appointment","conflict_with":{"appointment_id":"APT-F931FDB5-5","patient_name":"TEST UI B 787","start_at":"2026-07-31T15:02:00","end_at":"2026-07-31T15:32:00"}}}
E   assert 409 in (200, 201)
E    +  where 409 = &lt;Response [409]&gt;.status_code</failure></testcase><testcase classname="tests.test_diagnostics_queue_checkin.TestQueueCheckin" name="test_checkin_is_idempotent" time="0.118"><failure message="AssertionError: {&quot;detail&quot;:{&quot;message&quot;:&quot;Time slot conflicts with an existing appointment&quot;,&quot;conflict_with&quot;:{&quot;appointment_id&quot;:&quot;APT-D1C6D856-E&quot;,&quot;patient_name&quot;:&quot;TEST UI B 787&quot;,&quot;start_at&quot;:&quot;2026-07-31T16:03:00&quot;,&quot;end_at&quot;:&quot;2026-07-31T16:33:00&quot;}}}&#10;assert 409 in (200, 201)&#10; +  where 409 = &lt;Response [409]&gt;.status_code">backend/tests/test_diagnostics_queue_checkin.py:125: in test_checkin_is_idempotent
    apt_id = _make_today_appt(hdrs, patient_id, audiologist_id, hour=16, minute=minute)
             ^^^^^^^^^^^^^^^^^^^^^^^^^^^^^^^^^^^^^^^^^^^^^^^^^^^^^^^^^^^^^^^^^^^^^^^^^^
backend/tests/test_diagnostics_queue_checkin.py:101: in _make_today_appt
    assert r.status_code in (200, 201), r.text
E   AssertionError: {"detail":{"message":"Time slot conflicts with an existing appointment","conflict_with":{"appointment_id":"APT-D1C6D856-E","patient_name":"TEST UI B 787","start_at":"2026-07-31T16:03:00","end_at":"2026-07-31T16:33:00"}}}
E   assert 409 in (200, 201)
E    +  where 409 = &lt;Response [409]&gt;.status_code</failure></testcase><testcase classname="tests.test_diagnostics_queue_checkin.TestQueueCheckin" name="test_checkin_refuses_to_demote_in_progress" time="0.144"><failure message="AssertionError: {&quot;detail&quot;:{&quot;message&quot;:&quot;Time slot conflicts with an existing appointment&quot;,&quot;conflict_with&quot;:{&quot;appointment_id&quot;:&quot;APT-E8D3D094-C&quot;,&quot;patient_name&quot;:&quot;TEST UI B 787&quot;,&quot;start_at&quot;:&quot;2026-07-31T17:05:00&quot;,&quot;end_at&quot;:&quot;2026-07-31T17:35:00&quot;}}}&#10;assert 409 in (200, 201)&#10; +  where 409 = &lt;Response [409]&gt;.status_code">backend/tests/test_diagnostics_queue_checkin.py:154: in test_checkin_refuses_to_demote_in_progress
    apt_id = _make_today_appt(hdrs, patient_id, audiologist_id, hour=17, minute=minute)
             ^^^^^^^^^^^^^^^^^^^^^^^^^^^^^^^^^^^^^^^^^^^^^^^^^^^^^^^^^^^^^^^^^^^^^^^^^^
backend/tests/test_diagnostics_queue_checkin.py:101: in _make_today_appt
    assert r.status_code in (200, 201), r.text
E   AssertionError: {"detail":{"message":"Time slot conflicts with an existing appointment","conflict_with":{"appointment_id":"APT-E8D3D094-C","patient_name":"TEST UI B 787","start_at":"2026-07-31T17:05:00","end_at":"2026-07-31T17:35:00"}}}
E   assert 409 in (200, 201)
E    +  where 409 = &lt;Response [409]&gt;.status_code</failure></testcase><testcase classname="tests.test_diagnostics_queue_checkin.TestQueueCheckin" name="test_checkin_returns_already_when_no_match" time="0.128" /><testcase classname="tests.test_appointment_ha_wing.TestHAWingAppointment" name="test_create_ha_wing_appointment" time="0.789" /><testcase classname="tests.test_appointment_ha_wing.TestHAWingAppointment" name="test_update_ha_wing_appointment" time="0.246" /><testcase classname="tests.test_appointment_ha_wing.TestHAWingAppointment" name="test_default_wing_backwards_compat" time="0.112" /><testcase classname="tests.test_appointment_ha_wing.TestHAWingWithInvoice" name="test_with_invoice_ha_wing" time="0.114" /><testcase classname="tests.test_appointment_ha_wing.TestHAWingWithInvoice" name="test_with_invoice_diagnostic_default" time="0.142" /></testsuite></testsuites>