<?xml version="1.0" encoding="utf-8"?><testsuites name="pytest tests"><testsuite name="pytest" errors="0" failures="0" skipped="0" tests="12" time="11.124" timestamp="2026-04-22T07:06:57.282687+00:00" hostname="agent-env-78b3eb2e-29ea-421f-b588-3b58f3caecb2"><testcase classname="backend.tests.test_phase2_ha_core.TestPOandGRN" name="test_po_create_totals_and_number" time="8.086" /><testcase classname="backend.tests.test_phase2_ha_core.TestPOandGRN" name="test_po_frontdesk_403" time="0.443" /><testcase classname="backend.tests.test_phase2_ha_core.TestPOandGRN" name="test_po_unknown_product_400" time="0.100" /><testcase classname="backend.tests.test_phase2_ha_core.TestPOandGRN" name="test_po_unknown_vendor_404" time="0.117" /><testcase classname="backend.tests.test_phase2_ha_core.TestPOandGRN" name="test_grn_against_draft_rejects_409" time="0.120" /><testcase classname="backend.tests.test_phase2_ha_core.TestPOandGRN" name="test_status_transitions_legal" time="0.219" /><testcase classname="backend.tests.test_phase2_ha_core.TestPOandGRN" name="test_status_transition_illegal_409" time="0.106" /><testcase classname="backend.tests.test_phase2_ha_core.TestPOandGRN" name="test_grn_serial_count_mismatch_400" time="0.111" /><testcase classname="backend.tests.test_phase2_ha_core.TestPOandGRN" name="test_grn_duplicate_serials_same_line_400" time="0.108" /><testcase classname="backend.tests.test_phase2_ha_core.TestPOandGRN" name="test_grn_happy_path_partial_then_full" time="0.777" /><testcase classname="backend.tests.test_phase2_ha_core.TestPOandGRN" name="test_grn_against_closed_po_409" time="0.234" /><testcase classname="backend.tests.test_phase2_ha_core.TestPOandGRN" name="test_cross_tenant_po_read" time="0.648" /></testsuite></testsuites>