<?xml version="1.0" encoding="utf-8"?><testsuites name="pytest tests"><testsuite name="pytest" errors="0" failures="0" skipped="0" tests="74" time="16.207" timestamp="2026-07-27T06:52:21.835420+00:00" hostname="agent-env-78b3eb2e-29ea-421f-b588-3b58f3caecb2"><testcase classname="tests.test_phase12_subscription.TestPublicTiers" name="test_tiers_exposed" time="0.123" /><testcase classname="tests.test_phase12_subscription.TestPublicTiers" name="test_waitlist_signup_idempotent" time="0.216" /><testcase classname="tests.test_phase12_subscription.TestPublicTiers" name="test_waitlist_rejects_bad_email" time="0.093" /><testcase classname="tests.test_phase12_subscription.TestPublicTiers" name="test_tiers_is_public_no_auth" time="0.097" /><testcase classname="tests.test_phase12_subscription.TestAuthenticatedSubscription" name="test_my_subscription" time="0.431" /><testcase classname="tests.test_phase12_subscription.TestAuthenticatedSubscription" name="test_access_map_superadmin_bypass" time="0.098" /><testcase classname="tests.test_phase12_subscription.TestAuthenticatedSubscription" name="test_access_map_regular_user_follows_tier" time="0.420" /><testcase classname="tests.test_phase12_subscription.TestAdminClinics" name="test_list_requires_super_admin" time="0.104" /><testcase classname="tests.test_phase12_subscription.TestAdminClinics" name="test_list_as_super_admin" time="0.106" /><testcase classname="tests.test_phase12_subscription.TestAdminClinics" name="test_flip_tier_and_revert" time="0.290" /><testcase classname="tests.test_phase12_subscription.TestAdminClinics" name="test_flip_unknown_clinic_404" time="0.101" /><testcase classname="tests.test_phase12_subscription.TestAdminClinics" name="test_extend_trial" time="0.099" /><testcase classname="tests.test_phase12_subscription.TestAdminClinics" name="test_waitlist_list" time="0.095" /><testcase classname="tests.test_phase12_subscription.TestAdminClinics" name="test_waitlist_csv_export" time="0.096" /><testcase classname="tests.test_phase14_admin_panel" name="test_founder_login_role" time="0.424" /><testcase classname="tests.test_phase14_admin_panel" name="test_demo_tenants_seeded" time="0.636" /><testcase classname="tests.test_phase14_admin_panel" name="test_dashboard_kpi_structure" time="0.106" /><testcase classname="tests.test_phase14_admin_panel" name="test_tenants_filters" time="0.233" /><testcase classname="tests.test_phase14_admin_panel" name="test_tenant_detail_shape" time="0.164" /><testcase classname="tests.test_phase14_admin_panel" name="test_tenant_update_audit" time="0.258" /><testcase classname="tests.test_phase14_admin_panel" name="test_suspend_then_activate" time="0.207" /><testcase classname="tests.test_phase14_admin_panel" name="test_impersonate_returns_working_token" time="0.194" /><testcase classname="tests.test_phase14_admin_panel" name="test_delete_blocked_for_super_admin" time="0.431" /><testcase classname="tests.test_phase14_admin_panel" name="test_delete_allowed_for_founder" time="0.429" /><testcase classname="tests.test_phase14_admin_panel" name="test_get_plans" time="0.102" /><testcase classname="tests.test_phase14_admin_panel" name="test_plan_override_persists" time="0.216" /><testcase classname="tests.test_phase14_admin_panel" name="test_create_invoice_and_mark_paid" time="0.208" /><testcase classname="tests.test_phase14_admin_panel" name="test_revenue_shape" time="0.113" /><testcase classname="tests.test_phase14_admin_panel" name="test_leads_list_has_stages" time="0.101" /><testcase classname="tests.test_phase14_admin_panel" name="test_lead_stage_update" time="0.209" /><testcase classname="tests.test_phase14_admin_panel" name="test_feature_flags_additive" time="0.287" /><testcase classname="tests.test_phase14_admin_panel" name="test_audit_log_appends" time="0.098" /><testcase classname="tests.test_phase14_admin_panel" name="test_frontdesk_denied" time="0.823" /><testcase classname="tests.test_phase14_admin_panel" name="test_unauth_denied" time="0.102" /><testcase classname="tests.test_phase14_admin_panel" name="test_founder_bypasses_tier_gates" time="0.112" /><testcase classname="tests.test_phase14b_admin_panel" name="test_internal_users_seeded" time="0.443" /><testcase classname="tests.test_phase14b_admin_panel" name="test_tickets_list_with_stats" time="0.120" /><testcase classname="tests.test_phase14b_admin_panel" name="test_tickets_create_with_sla" time="0.107" /><testcase classname="tests.test_phase14b_admin_panel" name="test_tickets_filter_by_status" time="0.115" /><testcase classname="tests.test_phase14b_admin_panel" name="test_ticket_reply_then_resolve" time="0.208" /><testcase classname="tests.test_phase14b_admin_panel" name="test_ticket_invalid_category" time="0.095" /><testcase classname="tests.test_phase14b_admin_panel" name="test_usage_analytics_shape" time="0.763" /><testcase classname="tests.test_phase14b_admin_panel" name="test_system_health_subsystems" time="0.116" /><testcase classname="tests.test_phase14b_admin_panel" name="test_incident_create_and_resolve" time="0.337" /><testcase classname="tests.test_phase14b_admin_panel" name="test_marketing_campaigns_enriched" time="0.143" /><testcase classname="tests.test_phase14b_admin_panel" name="test_create_campaign" time="0.100" /><testcase classname="tests.test_phase14b_admin_panel" name="test_send_broadcast_and_list" time="0.218" /><testcase classname="tests.test_phase14b_admin_panel" name="test_feed_visible_to_clinic_owner" time="0.543" /><testcase classname="tests.test_phase14b_admin_panel" name="test_send_to_specific_tenant" time="0.100" /><testcase classname="tests.test_phase14b_admin_panel" name="test_audit_filtered" time="0.114" /><testcase classname="tests.test_phase14b_admin_panel" name="test_get_settings_defaults" time="0.109" /><testcase classname="tests.test_phase14b_admin_panel" name="test_settings_update_founder" time="0.208" /><testcase classname="tests.test_phase14b_admin_panel" name="test_settings_update_denied_for_sales" time="0.427" /><testcase classname="tests.test_phase14b_admin_panel" name="test_invite_internal_user" time="0.161" /><testcase classname="tests.test_phase14b_admin_panel" name="test_invite_internal_user_invalid_role" time="0.108" /><testcase classname="tests.test_phase14b_admin_panel" name="test_disable_internal_user" time="0.099" /><testcase classname="tests.test_phase14b_admin_panel" name="test_internal_users_denied_for_sales" time="0.095" /><testcase classname="tests.test_phase14b_admin_panel" name="test_rbac_matrix_visible_to_founder" time="0.100" /><testcase classname="tests.test_phase14b_admin_panel" name="test_rbac_matrix_denied_for_sales" time="0.094" /><testcase classname="tests.test_phase14b_admin_panel" name="test_rbac_matrix_visible_to_product_ops" time="0.430" /><testcase classname="tests.test_phase14b_admin_panel.TestRbacSalesManager" name="test_can_read_leads" time="0.103" /><testcase classname="tests.test_phase14b_admin_panel.TestRbacSalesManager" name="test_can_read_marketing" time="0.124" /><testcase classname="tests.test_phase14b_admin_panel.TestRbacSalesManager" name="test_cannot_write_tickets" time="0.104" /><testcase classname="tests.test_phase14b_admin_panel.TestRbacSupportAgent" name="test_can_write_tickets" time="0.435" /><testcase classname="tests.test_phase14b_admin_panel.TestRbacSupportAgent" name="test_cannot_write_revenue" time="0.107" /><testcase classname="tests.test_phase14b_admin_panel.TestRbacFinanceManager" name="test_can_read_revenue" time="0.427" /><testcase classname="tests.test_phase14b_admin_panel.TestRbacFinanceManager" name="test_can_read_invoices" time="0.101" /><testcase classname="tests.test_phase14b_admin_panel.TestRbacFinanceManager" name="test_cannot_write_features" time="0.106" /><testcase classname="tests.test_phase14b_admin_panel.TestRbacProductOps" name="test_can_write_features" time="0.112" /><testcase classname="tests.test_phase14b_admin_panel.TestRbacProductOps" name="test_cannot_write_revenue" time="0.098" /><testcase classname="tests.test_phase14b_admin_panel.TestRbacReadOnly" name="test_can_read_dashboard" time="0.454" /><testcase classname="tests.test_phase14b_admin_panel.TestRbacReadOnly" name="test_can_read_tenants" time="0.368" /><testcase classname="tests.test_phase14b_admin_panel.TestRbacReadOnly" name="test_cannot_write_anything" time="0.304" /><testcase classname="tests.test_phase14b_admin_panel" name="test_tickets_unauth" time="0.095" /></testsuite></testsuites>