<?xml version="1.0" encoding="utf-8"?><testsuites name="pytest tests"><testsuite name="pytest" errors="0" failures="0" skipped="0" tests="35" time="6.377" timestamp="2026-04-22T06:40:32.258271+00:00" hostname="agent-env-78b3eb2e-29ea-421f-b588-3b58f3caecb2"><testcase classname="backend.tests.test_phase1_ha_foundation.TestAuthBranchIds" name="test_login_includes_branch_ids" time="0.375" /><testcase classname="backend.tests.test_phase1_ha_foundation.TestAuthBranchIds" name="test_me_includes_branch_ids" time="0.136" /><testcase classname="backend.tests.test_phase1_ha_foundation.TestAuthBranchIds" name="test_frontdesk_has_branch_ids" time="0.337" /><testcase classname="backend.tests.test_phase1_ha_foundation.TestBranches" name="test_list_as_admin_has_primary" time="0.101" /><testcase classname="backend.tests.test_phase1_ha_foundation.TestBranches" name="test_list_as_frontdesk_scoped" time="0.114" /><testcase classname="backend.tests.test_phase1_ha_foundation.TestBranches" name="test_post_denied_for_frontdesk" time="0.098" /><testcase classname="backend.tests.test_phase1_ha_foundation.TestBranches" name="test_post_as_admin" time="0.205" /><testcase classname="backend.tests.test_phase1_ha_foundation.TestBranches" name="test_primary_invariant" time="0.536" /><testcase classname="backend.tests.test_phase1_ha_foundation.TestBranches" name="test_put_role_gate" time="0.304" /><testcase classname="backend.tests.test_phase1_ha_foundation.TestBranches" name="test_delete_soft" time="0.313" /><testcase classname="backend.tests.test_phase1_ha_foundation.TestVendors" name="test_list_initially" time="0.103" /><testcase classname="backend.tests.test_phase1_ha_foundation.TestVendors" name="test_post_as_admin" time="0.107" /><testcase classname="backend.tests.test_phase1_ha_foundation.TestVendors" name="test_post_denied_for_frontdesk" time="0.103" /><testcase classname="backend.tests.test_phase1_ha_foundation.TestVendors" name="test_post_as_inventory_manager" time="0.895" /><testcase classname="backend.tests.test_phase1_ha_foundation.TestVendors" name="test_search_case_insensitive" time="0.126" /><testcase classname="backend.tests.test_phase1_ha_foundation.TestVendors" name="test_search_special_chars_no_500" time="0.115" /><testcase classname="backend.tests.test_phase1_ha_foundation.TestVendors" name="test_delete_soft_and_active_filter" time="0.345" /><testcase classname="backend.tests.test_phase1_ha_foundation.TestVendors" name="test_cleanup_vendors" time="0.220" /><testcase classname="backend.tests.test_phase1_ha_foundation.TestNumbering" name="test_po_counters_scoped" time="0.005" /><testcase classname="backend.tests.test_phase1_ha_foundation.TestNumbering" name="test_unknown_kind_raises" time="0.000" /><testcase classname="backend.tests.test_phase1_ha_foundation.TestStateMachine" name="test_states_complete" time="0.000" /><testcase classname="backend.tests.test_phase1_ha_foundation.TestStateMachine" name="test_legal_transition_silent" time="0.000" /><testcase classname="backend.tests.test_phase1_ha_foundation.TestStateMachine" name="test_illegal_transition_409" time="0.000" /><testcase classname="backend.tests.test_phase1_ha_foundation.TestStateMachine" name="test_transition_serial_writes_audit" time="0.006" /><testcase classname="backend.tests.test_phase1_ha_foundation.TestCrossTenant" name="test_delhi_admin_cannot_see_mumbai_branches" time="0.582" /><testcase classname="backend.tests.test_phase1_ha_foundation.TestCrossTenant" name="test_delhi_admin_cannot_get_mumbai_branch" time="0.218" /><testcase classname="backend.tests.test_phase1_ha_foundation.TestRegression" name="test_endpoint_200[/patients-ok_codes0]" time="0.101" /><testcase classname="backend.tests.test_phase1_ha_foundation.TestRegression" name="test_endpoint_200[/appointments-ok_codes1]" time="0.102" /><testcase classname="backend.tests.test_phase1_ha_foundation.TestRegression" name="test_endpoint_200[/tokens-ok_codes2]" time="0.104" /><testcase classname="backend.tests.test_phase1_ha_foundation.TestRegression" name="test_endpoint_200[/dashboard/frontdesk-ok_codes3]" time="0.115" /><testcase classname="backend.tests.test_phase1_ha_foundation.TestRegression" name="test_endpoint_200[/sessions-ok_codes4]" time="0.173" /><testcase classname="backend.tests.test_phase1_ha_foundation.TestRegression" name="test_endpoint_200[/billing/services-ok_codes5]" time="0.106" /><testcase classname="backend.tests.test_phase1_ha_foundation.TestRegression" name="test_endpoint_200[/billing/invoices-ok_codes6]" time="0.128" /><testcase classname="backend.tests.test_phase1_ha_foundation.TestRegression" name="test_endpoint_200[/closeouts/current-ok_codes7]" time="0.110" /><testcase classname="backend.tests.test_phase1_ha_foundation.TestSeedIdempotency" name="test_no_duplicate_primary_branches" time="0.005" /></testsuite></testsuites>