<?xml version="1.0" encoding="utf-8"?><testsuites name="pytest tests"><testsuite name="pytest" errors="0" failures="17" skipped="2" tests="280" time="102.021" timestamp="2026-04-22T10:33:07.271125+00:00" hostname="agent-env-78b3eb2e-29ea-421f-b588-3b58f3caecb2"><testcase classname="backend.tests.test_phase1_ha_foundation.TestAuthBranchIds" name="test_login_includes_branch_ids" time="0.353" /><testcase classname="backend.tests.test_phase1_ha_foundation.TestAuthBranchIds" name="test_me_includes_branch_ids" time="0.102" /><testcase classname="backend.tests.test_phase1_ha_foundation.TestAuthBranchIds" name="test_frontdesk_has_branch_ids" time="0.337" /><testcase classname="backend.tests.test_phase1_ha_foundation.TestBranches" name="test_list_as_admin_has_primary" time="0.100" /><testcase classname="backend.tests.test_phase1_ha_foundation.TestBranches" name="test_list_as_frontdesk_scoped" time="0.099" /><testcase classname="backend.tests.test_phase1_ha_foundation.TestBranches" name="test_post_denied_for_frontdesk" time="0.113" /><testcase classname="backend.tests.test_phase1_ha_foundation.TestBranches" name="test_post_as_admin" time="0.224" /><testcase classname="backend.tests.test_phase1_ha_foundation.TestBranches" name="test_primary_invariant" time="0.508" /><testcase classname="backend.tests.test_phase1_ha_foundation.TestBranches" name="test_put_role_gate" time="0.316" /><testcase classname="backend.tests.test_phase1_ha_foundation.TestBranches" name="test_delete_soft" time="0.305" /><testcase classname="backend.tests.test_phase1_ha_foundation.TestVendors" name="test_list_initially" time="0.106" /><testcase classname="backend.tests.test_phase1_ha_foundation.TestVendors" name="test_post_as_admin" time="0.102" /><testcase classname="backend.tests.test_phase1_ha_foundation.TestVendors" name="test_post_denied_for_frontdesk" time="0.119" /><testcase classname="backend.tests.test_phase1_ha_foundation.TestVendors" name="test_post_as_inventory_manager" time="0.233"><failure message="KeyError: 'MONGO_URL'">E   KeyError: 'MONGO_URL'</failure></testcase><testcase classname="backend.tests.test_phase1_ha_foundation.TestVendors" name="test_search_case_insensitive" time="0.110" /><testcase classname="backend.tests.test_phase1_ha_foundation.TestVendors" name="test_search_special_chars_no_500" time="0.106" /><testcase classname="backend.tests.test_phase1_ha_foundation.TestVendors" name="test_delete_soft_and_active_filter" time="0.317" /><testcase classname="backend.tests.test_phase1_ha_foundation.TestVendors" name="test_cleanup_vendors" time="0.110"><failure message="KeyError: 'MONGO_URL'">E   KeyError: 'MONGO_URL'</failure></testcase><testcase classname="backend.tests.test_phase1_ha_foundation.TestNumbering" name="test_po_counters_scoped" time="0.001"><failure message="KeyError: 'MONGO_URL'">E   KeyError: 'MONGO_URL'</failure></testcase><testcase classname="backend.tests.test_phase1_ha_foundation.TestNumbering" name="test_unknown_kind_raises" time="0.001" /><testcase classname="backend.tests.test_phase1_ha_foundation.TestStateMachine" name="test_states_complete" time="0.000" /><testcase classname="backend.tests.test_phase1_ha_foundation.TestStateMachine" name="test_legal_transition_silent" time="0.000" /><testcase classname="backend.tests.test_phase1_ha_foundation.TestStateMachine" name="test_illegal_transition_409" time="0.000" /><testcase classname="backend.tests.test_phase1_ha_foundation.TestStateMachine" name="test_transition_serial_writes_audit" time="0.000"><failure message="KeyError: 'MONGO_URL'">E   KeyError: 'MONGO_URL'</failure></testcase><testcase classname="backend.tests.test_phase1_ha_foundation.TestCrossTenant" name="test_delhi_admin_cannot_see_mumbai_branches" time="0.562" /><testcase classname="backend.tests.test_phase1_ha_foundation.TestCrossTenant" name="test_delhi_admin_cannot_get_mumbai_branch" time="0.205" /><testcase classname="backend.tests.test_phase1_ha_foundation.TestRegression" name="test_endpoint_200[/patients-ok_codes0]" time="0.115" /><testcase classname="backend.tests.test_phase1_ha_foundation.TestRegression" name="test_endpoint_200[/appointments-ok_codes1]" time="0.106" /><testcase classname="backend.tests.test_phase1_ha_foundation.TestRegression" name="test_endpoint_200[/tokens-ok_codes2]" time="0.115" /><testcase classname="backend.tests.test_phase1_ha_foundation.TestRegression" name="test_endpoint_200[/dashboard/frontdesk-ok_codes3]" time="0.127" /><testcase classname="backend.tests.test_phase1_ha_foundation.TestRegression" name="test_endpoint_200[/sessions-ok_codes4]" time="0.169" /><testcase classname="backend.tests.test_phase1_ha_foundation.TestRegression" name="test_endpoint_200[/billing/services-ok_codes5]" time="0.138" /><testcase classname="backend.tests.test_phase1_ha_foundation.TestRegression" name="test_endpoint_200[/billing/invoices-ok_codes6]" time="0.107" /><testcase classname="backend.tests.test_phase1_ha_foundation.TestRegression" name="test_endpoint_200[/closeouts/current-ok_codes7]" time="0.109" /><testcase classname="backend.tests.test_phase1_ha_foundation.TestSeedIdempotency" name="test_no_duplicate_primary_branches" time="0.000"><failure message="KeyError: 'MONGO_URL'">E   KeyError: 'MONGO_URL'</failure></testcase><testcase classname="backend.tests.test_phase1_patient_records" name="test_health" time="0.101" /><testcase classname="backend.tests.test_phase1_patient_records" name="test_create_referring_doctor" time="0.046"><failure message="AssertionError: {&quot;detail&quot;:&quot;Not authenticated&quot;}&#10;assert 401 == 200&#10; +  where 401 = &lt;Response [401]&gt;.status_code">E   AssertionError: {"detail":"Not authenticated"}
    assert 401 == 200
     +  where 401 = &lt;Response [401]&gt;.status_code</failure></testcase><testcase classname="backend.tests.test_phase1_patient_records" name="test_list_referring_doctors_search" time="0.043"><failure message="assert 401 == 200&#10; +  where 401 = &lt;Response [401]&gt;.status_code">E   assert 401 == 200
     +  where 401 = &lt;Response [401]&gt;.status_code</failure></testcase><testcase classname="backend.tests.test_phase1_patient_records" name="test_update_referring_doctor" time="0.000"><skipped type="pytest.skip" message="no doctor created">/app/backend/tests/test_phase1_patient_records.py:66: no doctor created</skipped></testcase><testcase classname="backend.tests.test_phase1_patient_records" name="test_delete_referring_doctor_404" time="0.047"><failure message="assert 401 == 404&#10; +  where 401 = &lt;Response [401]&gt;.status_code">E   assert 401 == 404
     +  where 401 = &lt;Response [401]&gt;.status_code</failure></testcase><testcase classname="backend.tests.test_phase1_patient_records" name="test_create_patient_india_fields" time="0.044"><failure message="AssertionError: {&quot;detail&quot;:&quot;Not authenticated&quot;}&#10;assert 401 == 200&#10; +  where 401 = &lt;Response [401]&gt;.status_code">E   AssertionError: {"detail":"Not authenticated"}
    assert 401 == 200
     +  where 401 = &lt;Response [401]&gt;.status_code</failure></testcase><testcase classname="backend.tests.test_phase1_patient_records" name="test_search_patient_case_insensitive" time="0.046"><failure message="assert 401 == 200&#10; +  where 401 = &lt;Response [401]&gt;.status_code">E   assert 401 == 200
     +  where 401 = &lt;Response [401]&gt;.status_code</failure></testcase><testcase classname="backend.tests.test_phase1_patient_records" name="test_update_patient_persistence" time="0.000"><failure message="IndexError: list index out of range">E   IndexError: list index out of range</failure></testcase><testcase classname="backend.tests.test_phase1_patient_records" name="test_create_patient_note" time="0.000"><failure message="IndexError: list index out of range">E   IndexError: list index out of range</failure></testcase><testcase classname="backend.tests.test_phase1_patient_records" name="test_create_patient_note_unknown_patient_404" time="0.046"><failure message="assert 401 == 404&#10; +  where 401 = &lt;Response [401]&gt;.status_code">E   assert 401 == 404
     +  where 401 = &lt;Response [401]&gt;.status_code</failure></testcase><testcase classname="backend.tests.test_phase1_patient_records" name="test_list_notes_sorted_desc" time="0.000"><failure message="IndexError: list index out of range">E   IndexError: list index out of range</failure></testcase><testcase classname="backend.tests.test_phase1_patient_records" name="test_delete_patient_note" time="0.000"><skipped type="pytest.skip" message="no notes">/app/backend/tests/test_phase1_patient_records.py:179: no notes</skipped></testcase><testcase classname="backend.tests.test_phase1_patient_records" name="test_create_two_sessions_and_sort" time="0.000"><failure message="IndexError: list index out of range">E   IndexError: list index out of range</failure></testcase><testcase classname="backend.tests.test_phase1_patient_records" name="test_delete_patient_cascades_notes" time="0.045"><failure message="KeyError: 'patient_id'">E   KeyError: 'patient_id'</failure></testcase><testcase classname="backend.tests.test_phase2_ha_core.TestProducts" name="test_list_products" time="0.457" /><testcase classname="backend.tests.test_phase2_ha_core.TestProducts" name="test_create_serialised_product" time="0.329" /><testcase classname="backend.tests.test_phase2_ha_core.TestProducts" name="test_create_accessory_product" time="0.315" /><testcase classname="backend.tests.test_phase2_ha_core.TestProducts" name="test_update_product" time="0.308" /><testcase classname="backend.tests.test_phase2_ha_core.TestProducts" name="test_soft_delete_product" time="0.330" /><testcase classname="backend.tests.test_phase2_ha_core.TestProducts" name="test_create_product_role_gate_frontdesk_403" time="0.446" /><testcase classname="backend.tests.test_phase2_ha_core.TestSerialItems" name="test_list_serial_items" time="0.119" /><testcase classname="backend.tests.test_phase2_ha_core.TestSerialItems" name="test_summary" time="0.210" /><testcase classname="backend.tests.test_phase2_ha_core.TestSerialItems" name="test_filters" time="0.104" /><testcase classname="backend.tests.test_phase2_ha_core.TestSerialItems" name="test_get_and_timeline" time="0.313" /><testcase classname="backend.tests.test_phase2_ha_core.TestSerialItems" name="test_cross_tenant_404" time="0.549" /><testcase classname="backend.tests.test_phase2_ha_core.TestSerialItems" name="test_illegal_transition_409" time="0.326" /><testcase classname="backend.tests.test_phase2_ha_core.TestAccessoryStock" name="test_list" time="0.106" /><testcase classname="backend.tests.test_phase2_ha_core.TestAccessoryStock" name="test_adjust_positive_and_below_zero" time="0.470" /><testcase classname="backend.tests.test_phase2_ha_core.TestPOandGRN" name="test_po_create_totals_and_number" time="0.435" /><testcase classname="backend.tests.test_phase2_ha_core.TestPOandGRN" name="test_po_frontdesk_403" time="0.105" /><testcase classname="backend.tests.test_phase2_ha_core.TestPOandGRN" name="test_po_unknown_product_400" time="0.107" /><testcase classname="backend.tests.test_phase2_ha_core.TestPOandGRN" name="test_po_unknown_vendor_404" time="0.106" /><testcase classname="backend.tests.test_phase2_ha_core.TestPOandGRN" name="test_grn_against_draft_rejects_409" time="0.105" /><testcase classname="backend.tests.test_phase2_ha_core.TestPOandGRN" name="test_status_transitions_legal" time="0.210" /><testcase classname="backend.tests.test_phase2_ha_core.TestPOandGRN" name="test_status_transition_illegal_409" time="0.098" /><testcase classname="backend.tests.test_phase2_ha_core.TestPOandGRN" name="test_grn_serial_count_mismatch_400" time="0.129" /><testcase classname="backend.tests.test_phase2_ha_core.TestPOandGRN" name="test_grn_duplicate_serials_same_line_400" time="0.115" /><testcase classname="backend.tests.test_phase2_ha_core.TestPOandGRN" name="test_grn_happy_path_partial_then_full" time="0.653"><failure message="AssertionError: {&quot;detail&quot;:&quot;Over-receipt: 3 received vs 2 ordered for product PRD-84B7031F&quot;}&#10;assert 409 == 200&#10; +  where 409 = &lt;Response [409]&gt;.status_code">E   AssertionError: {"detail":"Over-receipt: 3 received vs 2 ordered for product PRD-84B7031F"}
    assert 409 == 200
     +  where 409 = &lt;Response [409]&gt;.status_code</failure></testcase><testcase classname="backend.tests.test_phase2_ha_core.TestPOandGRN" name="test_grn_against_closed_po_409" time="0.234" /><testcase classname="backend.tests.test_phase2_ha_core.TestPOandGRN" name="test_cross_tenant_po_read" time="0.315" /><testcase classname="backend.tests.test_phase2_ha_core.TestRegression" name="test_branches_list" time="0.102" /><testcase classname="backend.tests.test_phase2_ha_core.TestRegression" name="test_vendors_list" time="0.106" /><testcase classname="backend.tests.test_phase2_ha_core.TestRegression" name="test_patients_list" time="0.100" /><testcase classname="backend.tests.test_phase2_ha_core.TestRegression" name="test_auth_me_has_branch_ids" time="0.107" /><testcase classname="backend.tests.test_phase3_ha_transactions.TestQuotations" name="test_create_quotation_happy_path" time="0.744" /><testcase classname="backend.tests.test_phase3_ha_transactions.TestQuotations" name="test_patient_not_found_404" time="0.215" /><testcase classname="backend.tests.test_phase3_ha_transactions.TestQuotations" name="test_unknown_product_400" time="0.104" /><testcase classname="backend.tests.test_phase3_ha_transactions.TestQuotations" name="test_pair_rule_left_only_400" time="0.232" /><testcase classname="backend.tests.test_phase3_ha_transactions.TestQuotations" name="test_pair_rule_l_plus_r_ok" time="0.209" /><testcase classname="backend.tests.test_phase3_ha_transactions.TestQuotations" name="test_get_quote_margin_analysis_above_floor" time="0.105" /><testcase classname="backend.tests.test_phase3_ha_transactions.TestQuotations" name="test_get_quote_margin_analysis_below_floor" time="0.313" /><testcase classname="backend.tests.test_phase3_ha_transactions.TestQuotations" name="test_role_gate_audiologist_can_create" time="0.550" /><testcase classname="backend.tests.test_phase3_ha_transactions.TestQuotations" name="test_role_gate_frontdesk_can_create" time="0.548" /><testcase classname="backend.tests.test_phase3_ha_transactions.TestQuotations" name="test_role_gate_accounts_cannot_create" time="0.546" /><testcase classname="backend.tests.test_phase3_ha_transactions.TestQuotations" name="test_status_legal_draft_to_sent" time="0.122" /><testcase classname="backend.tests.test_phase3_ha_transactions.TestQuotations" name="test_status_illegal_draft_to_accepted" time="0.319" /><testcase classname="backend.tests.test_phase3_ha_transactions.TestQuotations" name="test_put_rejected_on_converted" time="0.216" /><testcase classname="backend.tests.test_phase3_ha_transactions.TestSales" name="test_sale_happy_path" time="1.323" /><testcase classname="backend.tests.test_phase3_ha_transactions.TestSales" name="test_sale_below_floor_no_approval_409" time="0.865" /><testcase classname="backend.tests.test_phase3_ha_transactions.TestSales" name="test_sale_below_floor_frontdesk_approver_403" time="0.198" /><testcase classname="backend.tests.test_phase3_ha_transactions.TestSales" name="test_sale_below_floor_super_admin_approver_200" time="0.231" /><testcase classname="backend.tests.test_phase3_ha_transactions.TestSales" name="test_sale_serial_not_in_stock_409" time="0.346" /><testcase classname="backend.tests.test_phase3_ha_transactions.TestSales" name="test_sale_serial_product_mismatch_400" time="0.949" /><testcase classname="backend.tests.test_phase3_ha_transactions.TestSales" name="test_sale_duplicate_serial_400" time="0.852" /><testcase classname="backend.tests.test_phase3_ha_transactions.TestSales" name="test_sale_missing_serial_assignment_400" time="0.310" /><testcase classname="backend.tests.test_phase3_ha_transactions.TestSales" name="test_mark_paid_transitions_sold" time="0.314" /><testcase classname="backend.tests.test_phase3_ha_transactions.TestSales" name="test_cancel_paid_sale_409" time="0.113" /><testcase classname="backend.tests.test_phase3_ha_transactions.TestSales" name="test_cancel_reserved_sale_unreserves" time="1.220" /><testcase classname="backend.tests.test_phase3_ha_transactions.TestTechDebt" name="test_unique_serial_index_rejects_colliding_grn_409" time="1.058" /><testcase classname="backend.tests.test_phase3_ha_transactions.TestTechDebt" name="test_warranty_calc_uses_relativedelta" time="0.765" /><testcase classname="backend.tests.test_phase3_ha_transactions.TestTechDebt" name="test_po_state_machine_illegal_draft_to_received_409" time="0.302" /><testcase classname="backend.tests.test_phase3_ha_transactions.TestTechDebt" name="test_po_state_machine_legal_draft_to_approved" time="0.337" /><testcase classname="backend.tests.test_phase3_ha_transactions.TestRegressionIter14" name="test_iter14_endpoints_200[/ha/products]" time="0.132" /><testcase classname="backend.tests.test_phase3_ha_transactions.TestRegressionIter14" name="test_iter14_endpoints_200[/ha/serial-items]" time="0.109" /><testcase classname="backend.tests.test_phase3_ha_transactions.TestRegressionIter14" name="test_iter14_endpoints_200[/ha/grns]" time="0.111" /><testcase classname="backend.tests.test_phase3_ha_transactions.TestRegressionIter14" name="test_iter14_endpoints_200[/ha/purchase-orders]" time="0.121" /><testcase classname="backend.tests.test_phase3_ha_transactions.TestRegressionIter14" name="test_iter14_endpoints_200[/branches]" time="0.110" /><testcase classname="backend.tests.test_phase3_ha_transactions.TestRegressionIter14" name="test_iter14_endpoints_200[/vendors]" time="0.099" /><testcase classname="backend.tests.test_phase3_ha_transactions.TestRegressionIter14" name="test_iter14_endpoints_200[/patients]" time="0.104" /><testcase classname="backend.tests.test_phase3_ha_transactions.TestRegressionIter14" name="test_iter14_endpoints_200[/appointments]" time="0.102" /><testcase classname="backend.tests.test_phase3_ha_transactions.TestRegressionIter14" name="test_iter14_endpoints_200[/sessions]" time="0.166" /><testcase classname="backend.tests.test_phase3_ha_transactions.TestRegressionIter14" name="test_iter14_endpoints_200[/dashboard/frontdesk]" time="0.122" /><testcase classname="backend.tests.test_phase4_ha_clinical.TestFittingCRUD" name="test_audiologist_can_create_fitting" time="0.969" /><testcase classname="backend.tests.test_phase4_ha_clinical.TestFittingCRUD" name="test_front_desk_cannot_create" time="0.427" /><testcase classname="backend.tests.test_phase4_ha_clinical.TestFittingCRUD" name="test_front_desk_can_list" time="0.113" /><testcase classname="backend.tests.test_phase4_ha_clinical.TestFittingCRUD" name="test_accounts_cannot_create" time="0.438" /><testcase classname="backend.tests.test_phase4_ha_clinical.TestFittingCRUD" name="test_patient_not_found_404" time="0.100" /><testcase classname="backend.tests.test_phase4_ha_clinical.TestFittingCRUD" name="test_get_by_id" time="0.099" /><testcase classname="backend.tests.test_phase4_ha_clinical.TestFittingCRUD" name="test_filter_by_patient" time="0.104" /><testcase classname="backend.tests.test_phase4_ha_clinical.TestLedger" name="test_append_visit_with_adjustments" time="0.111" /><testcase classname="backend.tests.test_phase4_ha_clinical.TestLedger" name="test_comfort_score_out_of_range_400" time="0.102" /><testcase classname="backend.tests.test_phase4_ha_clinical.TestLedger" name="test_wear_hours_out_of_range_400" time="0.122" /><testcase classname="backend.tests.test_phase4_ha_clinical.TestLedger" name="test_front_desk_cannot_append" time="0.101" /><testcase classname="backend.tests.test_phase4_ha_clinical.TestLedger" name="test_visits_append_only" time="0.310" /><testcase classname="backend.tests.test_phase4_ha_clinical.TestAidedAudiogram" name="test_set_aided_audiogram" time="0.110" /><testcase classname="backend.tests.test_phase4_ha_clinical.TestAidedAudiogram" name="test_update_is_idempotent_and_overwrites" time="0.111" /><testcase classname="backend.tests.test_phase4_ha_clinical.TestAidedAudiogram" name="test_front_desk_cannot_set_audiogram" time="0.121" /><testcase classname="backend.tests.test_phase4_ha_clinical.TestStatusMachine" name="test_complete_then_cannot_append_visit" time="0.225" /><testcase classname="backend.tests.test_phase4_ha_clinical.TestStatusMachine" name="test_cannot_reopen_completed" time="0.109" /><testcase classname="backend.tests.test_phase4_ha_clinical.TestM02Bridge" name="test_fittings_candidates_returns_structure" time="0.106" /><testcase classname="backend.tests.test_phase4_ha_clinical.TestM02Bridge" name="test_candidates_bad_patient_404" time="0.103" /><testcase classname="backend.tests.test_phase4_ha_clinical.TestSaleLink" name="test_create_with_bad_sale_404" time="0.108" /><testcase classname="backend.tests.test_phase4_ha_clinical.TestRegression" name="test_endpoint_200[/ha/products]" time="0.100" /><testcase classname="backend.tests.test_phase4_ha_clinical.TestRegression" name="test_endpoint_200[/ha/serial-items]" time="0.111" /><testcase classname="backend.tests.test_phase4_ha_clinical.TestRegression" name="test_endpoint_200[/ha/grns]" time="0.112" /><testcase classname="backend.tests.test_phase4_ha_clinical.TestRegression" name="test_endpoint_200[/ha/purchase-orders]" time="0.112" /><testcase classname="backend.tests.test_phase4_ha_clinical.TestRegression" name="test_endpoint_200[/ha/quotations]" time="0.124" /><testcase classname="backend.tests.test_phase4_ha_clinical.TestRegression" name="test_endpoint_200[/ha/sales]" time="0.107" /><testcase classname="backend.tests.test_phase4_ha_clinical.TestRegression" name="test_endpoint_200[/ha/fittings]" time="0.098" /><testcase classname="backend.tests.test_phase4_ha_clinical.TestRegression" name="test_endpoint_200[/branches]" time="0.101" /><testcase classname="backend.tests.test_phase4_ha_clinical.TestRegression" name="test_endpoint_200[/vendors]" time="0.108" /><testcase classname="backend.tests.test_phase4_ha_clinical.TestRegression" name="test_endpoint_200[/patients]" time="0.104" /><testcase classname="backend.tests.test_phase4_ha_clinical.TestRegression" name="test_endpoint_200[/appointments]" time="0.114" /><testcase classname="backend.tests.test_phase4_ha_clinical.TestRegression" name="test_endpoint_200[/sessions]" time="0.146" /><testcase classname="backend.tests.test_phase4_ha_clinical.TestRegression" name="test_endpoint_200[/dashboard/frontdesk]" time="0.101" /><testcase classname="backend.tests.test_phase4_5_ha_trials.TestTrialCreate" name="test_audiologist_create" time="16.339" /><testcase classname="backend.tests.test_phase4_5_ha_trials.TestTrialCreate" name="test_frontdesk_can_create" time="11.912" /><testcase classname="backend.tests.test_phase4_5_ha_trials.TestTrialCreate" name="test_accounts_cannot_create" time="0.531" /><testcase classname="backend.tests.test_phase4_5_ha_trials.TestTrialCreate" name="test_empty_serials_400" time="0.100" /><testcase classname="backend.tests.test_phase4_5_ha_trials.TestTrialCreate" name="test_return_before_start_400" time="0.208" /><testcase classname="backend.tests.test_phase4_5_ha_trials.TestTrialCreate" name="test_duplicate_serial_in_request_400" time="0.209" /><testcase classname="backend.tests.test_phase4_5_ha_trials.TestTrialCreate" name="test_serial_not_in_stock_409" time="0.437" /><testcase classname="backend.tests.test_phase4_5_ha_trials.TestTrialLifecycle" name="test_extend_flow" time="0.439" /><testcase classname="backend.tests.test_phase4_5_ha_trials.TestTrialLifecycle" name="test_extend_earlier_date_400" time="0.433" /><testcase classname="backend.tests.test_phase4_5_ha_trials.TestTrialLifecycle" name="test_return_flow" time="0.641" /><testcase classname="backend.tests.test_phase4_5_ha_trials.TestTrialLifecycle" name="test_lost_flow" time="0.482" /><testcase classname="backend.tests.test_phase4_5_ha_trials.TestTrialLifecycle" name="test_cannot_return_already_returned" time="0.459" /><testcase classname="backend.tests.test_phase4_5_ha_trials.TestTrialConvert" name="test_convert_mints_sale_and_sells_serial" time="0.550" /><testcase classname="backend.tests.test_phase4_5_ha_trials.TestTrialConvert" name="test_convert_length_mismatch_400" time="0.430" /><testcase classname="backend.tests.test_phase4_5_ha_trials.TestKpisAndFilters" name="test_kpis_endpoint" time="0.156" /><testcase classname="backend.tests.test_phase4_5_ha_trials.TestKpisAndFilters" name="test_filter_by_status" time="0.105" /><testcase classname="backend.tests.test_phase4_5_ha_trials.TestKpisAndFilters" name="test_overdue_filter" time="0.107" /><testcase classname="backend.tests.test_phase4_5_ha_trials.TestRegression" name="test_endpoint_200[/ha/products]" time="0.111" /><testcase classname="backend.tests.test_phase4_5_ha_trials.TestRegression" name="test_endpoint_200[/ha/serial-items]" time="0.103" /><testcase classname="backend.tests.test_phase4_5_ha_trials.TestRegression" name="test_endpoint_200[/ha/trials]" time="0.102" /><testcase classname="backend.tests.test_phase4_5_ha_trials.TestRegression" name="test_endpoint_200[/ha/trials-kpis]" time="0.111" /><testcase classname="backend.tests.test_phase4_5_ha_trials.TestRegression" name="test_endpoint_200[/ha/quotations]" time="0.115" /><testcase classname="backend.tests.test_phase4_5_ha_trials.TestRegression" name="test_endpoint_200[/ha/sales]" time="0.114" /><testcase classname="backend.tests.test_phase4_5_ha_trials.TestRegression" name="test_endpoint_200[/ha/fittings]" time="0.103" /><testcase classname="backend.tests.test_phase4_5_ha_trials.TestRegression" name="test_endpoint_200[/branches]" time="0.105" /><testcase classname="backend.tests.test_phase4_5_ha_trials.TestRegression" name="test_endpoint_200[/vendors]" time="0.101" /><testcase classname="backend.tests.test_phase6_ha_crm.TestSubscriptions" name="test_create_subscription" time="0.988" /><testcase classname="backend.tests.test_phase6_ha_crm.TestSubscriptions" name="test_bad_cadence_400" time="0.101" /><testcase classname="backend.tests.test_phase6_ha_crm.TestSubscriptions" name="test_accounts_cannot_create_subscription" time="0.447" /><testcase classname="backend.tests.test_phase6_ha_crm.TestSubscriptions" name="test_deliver_rolls_next_due" time="0.102" /><testcase classname="backend.tests.test_phase6_ha_crm.TestSubscriptions" name="test_pause_blocks_deliver" time="0.206" /><testcase classname="backend.tests.test_phase6_ha_crm.TestSubscriptions" name="test_resume" time="0.105" /><testcase classname="backend.tests.test_phase6_ha_crm.TestFollowUpGeneration" name="test_generate_is_idempotent" time="0.279" /><testcase classname="backend.tests.test_phase6_ha_crm.TestFollowUpGeneration" name="test_generate_requires_owner" time="0.106" /><testcase classname="backend.tests.test_phase6_ha_crm.TestFollowUpGeneration" name="test_kpis_structure" time="0.113" /><testcase classname="backend.tests.test_phase6_ha_crm.TestFollowUpGeneration" name="test_bucket_filters_disjoint" time="0.457" /><testcase classname="backend.tests.test_phase6_ha_crm.TestConsumableFlow" name="test_overdue_subscription_spawns_followup" time="0.339" /><testcase classname="backend.tests.test_phase6_ha_crm.TestFollowUpLifecycle" name="test_mark_sent_appends_channel" time="0.241" /><testcase classname="backend.tests.test_phase6_ha_crm.TestFollowUpLifecycle" name="test_done_closes_row" time="0.219" /><testcase classname="backend.tests.test_phase6_ha_crm.TestFollowUpLifecycle" name="test_cannot_mark_sent_on_done" time="0.232" /><testcase classname="backend.tests.test_phase6_ha_crm.TestFollowUpLifecycle" name="test_accounts_cannot_mark_sent" time="0.338" /><testcase classname="backend.tests.test_phase6_ha_crm.TestFollowUpLifecycle" name="test_dismiss" time="0.313" /><testcase classname="backend.tests.test_phase6_ha_crm.TestUpgradeCandidates" name="test_endpoint_returns_structure" time="0.124" /><testcase classname="backend.tests.test_phase6_ha_crm.TestRegression" name="test_endpoint_200[/ha/followups]" time="0.124" /><testcase classname="backend.tests.test_phase6_ha_crm.TestRegression" name="test_endpoint_200[/ha/followups-kpis]" time="0.115" /><testcase classname="backend.tests.test_phase6_ha_crm.TestRegression" name="test_endpoint_200[/ha/subscriptions]" time="0.106" /><testcase classname="backend.tests.test_phase6_ha_crm.TestRegression" name="test_endpoint_200[/ha/upgrade-candidates]" time="0.144" /><testcase classname="backend.tests.test_phase6_ha_crm.TestRegression" name="test_endpoint_200[/ha/trials]" time="0.124" /><testcase classname="backend.tests.test_phase6_ha_crm.TestRegression" name="test_endpoint_200[/ha/fittings]" time="0.105" /><testcase classname="backend.tests.test_phase6_ha_crm.TestRegression" name="test_endpoint_200[/ha/sales]" time="0.106" /><testcase classname="backend.tests.test_phase6_ha_crm.TestRegression" name="test_endpoint_200[/ha/quotations]" time="0.111" /><testcase classname="backend.tests.test_phase6_ha_crm.TestRegression" name="test_endpoint_200[/ha/products]" time="0.111" /><testcase classname="backend.tests.test_phase6_ha_crm.TestRegression" name="test_endpoint_200[/ha/serial-items]" time="0.116" /><testcase classname="backend.tests.test_phase6_ha_crm.TestRegression" name="test_endpoint_200[/branches]" time="0.106" /><testcase classname="backend.tests.test_phase6_ha_crm.TestRegression" name="test_endpoint_200[/vendors]" time="0.102" /><testcase classname="backend.tests.test_phase6_ha_crm.TestRegression" name="test_endpoint_200[/patients]" time="0.107" /><testcase classname="backend.tests.test_phase7_ha_analytics.TestRevenue" name="test_structure" time="0.445" /><testcase classname="backend.tests.test_phase7_ha_analytics.TestRevenue" name="test_consistency" time="0.114" /><testcase classname="backend.tests.test_phase7_ha_analytics.TestRevenue" name="test_avg_ticket" time="0.124" /><testcase classname="backend.tests.test_phase7_ha_analytics.TestRevenue" name="test_invalid_months_clamp" time="0.102" /><testcase classname="backend.tests.test_phase7_ha_analytics.TestAudiologists" name="test_structure" time="0.112" /><testcase classname="backend.tests.test_phase7_ha_analytics.TestAudiologists" name="test_no_accounts_role_in_performance" time="0.114" /><testcase classname="backend.tests.test_phase7_ha_analytics.TestInventory" name="test_structure" time="0.113" /><testcase classname="backend.tests.test_phase7_ha_analytics.TestInventory" name="test_custom_thresholds" time="0.106" /><testcase classname="backend.tests.test_phase7_ha_analytics.TestFunnel" name="test_structure" time="0.106" /><testcase classname="backend.tests.test_phase7_ha_analytics.TestRetention" name="test_structure" time="0.108" /><testcase classname="backend.tests.test_phase7_ha_analytics.TestRoleGates" name="test_front_desk_forbidden[revenue]" time="0.437" /><testcase classname="backend.tests.test_phase7_ha_analytics.TestRoleGates" name="test_front_desk_forbidden[audiologists]" time="0.099" /><testcase classname="backend.tests.test_phase7_ha_analytics.TestRoleGates" name="test_front_desk_forbidden[inventory]" time="0.107" /><testcase classname="backend.tests.test_phase7_ha_analytics.TestRoleGates" name="test_front_desk_forbidden[funnel]" time="0.106" /><testcase classname="backend.tests.test_phase7_ha_analytics.TestRoleGates" name="test_front_desk_forbidden[retention]" time="0.107" /><testcase classname="backend.tests.test_phase7_ha_analytics.TestRoleGates" name="test_audiologist_forbidden[revenue]" time="0.457" /><testcase classname="backend.tests.test_phase7_ha_analytics.TestRoleGates" name="test_audiologist_forbidden[audiologists]" time="0.109" /><testcase classname="backend.tests.test_phase7_ha_analytics.TestRoleGates" name="test_audiologist_forbidden[inventory]" time="0.109" /><testcase classname="backend.tests.test_phase7_ha_analytics.TestRoleGates" name="test_audiologist_forbidden[funnel]" time="0.107" /><testcase classname="backend.tests.test_phase7_ha_analytics.TestRoleGates" name="test_audiologist_forbidden[retention]" time="0.116" /><testcase classname="backend.tests.test_phase7_ha_analytics.TestRoleGates" name="test_accounts_allowed[revenue]" time="0.440" /><testcase classname="backend.tests.test_phase7_ha_analytics.TestRoleGates" name="test_accounts_allowed[audiologists]" time="0.109" /><testcase classname="backend.tests.test_phase7_ha_analytics.TestRoleGates" name="test_accounts_allowed[inventory]" time="0.109" /><testcase classname="backend.tests.test_phase7_ha_analytics.TestRoleGates" name="test_accounts_allowed[funnel]" time="0.111" /><testcase classname="backend.tests.test_phase7_ha_analytics.TestRoleGates" name="test_accounts_allowed[retention]" time="0.125" /><testcase classname="backend.tests.test_phase7_ha_analytics.TestRegression" name="test_endpoint_200[/ha/analytics/revenue]" time="0.121" /><testcase classname="backend.tests.test_phase7_ha_analytics.TestRegression" name="test_endpoint_200[/ha/analytics/audiologists]" time="0.107" /><testcase classname="backend.tests.test_phase7_ha_analytics.TestRegression" name="test_endpoint_200[/ha/analytics/inventory]" time="0.121" /><testcase classname="backend.tests.test_phase7_ha_analytics.TestRegression" name="test_endpoint_200[/ha/analytics/funnel]" time="0.110" /><testcase classname="backend.tests.test_phase7_ha_analytics.TestRegression" name="test_endpoint_200[/ha/analytics/retention]" time="0.106" /><testcase classname="backend.tests.test_phase7_ha_analytics.TestRegression" name="test_endpoint_200[/ha/followups]" time="0.104" /><testcase classname="backend.tests.test_phase7_ha_analytics.TestRegression" name="test_endpoint_200[/ha/subscriptions]" time="0.124" /><testcase classname="backend.tests.test_phase7_ha_analytics.TestRegression" name="test_endpoint_200[/ha/trials]" time="0.121" /><testcase classname="backend.tests.test_phase7_ha_analytics.TestRegression" name="test_endpoint_200[/ha/fittings]" time="0.125" /><testcase classname="backend.tests.test_phase7_ha_analytics.TestRegression" name="test_endpoint_200[/ha/sales]" time="0.127" /><testcase classname="backend.tests.test_phase7_ha_analytics.TestRegression" name="test_endpoint_200[/ha/quotations]" time="0.110" /><testcase classname="backend.tests.test_phase7_ha_analytics.TestRegression" name="test_endpoint_200[/ha/products]" time="15.191" /><testcase classname="backend.tests.test_phase7_ha_analytics.TestRegression" name="test_endpoint_200[/ha/serial-items]" time="0.168" /><testcase classname="backend.tests.test_phase7_ha_analytics.TestRegression" name="test_endpoint_200[/branches]" time="0.110" /><testcase classname="backend.tests.test_phase7_ha_analytics.TestRegression" name="test_endpoint_200[/vendors]" time="0.104" /><testcase classname="backend.tests.test_phase7_ha_analytics.TestRegression" name="test_endpoint_200[/patients]" time="0.101" /><testcase classname="backend.tests.test_phase8_service_and_drilldown.TestTicketCRUD" name="test_audiologist_create_with_serial" time="1.192" /><testcase classname="backend.tests.test_phase8_service_and_drilldown.TestTicketCRUD" name="test_accounts_cannot_create" time="0.421" /><testcase classname="backend.tests.test_phase8_service_and_drilldown.TestTicketCRUD" name="test_short_complaint_400" time="0.123" /><testcase classname="backend.tests.test_phase8_service_and_drilldown.TestLifecycle" name="test_move_to_in_progress" time="0.114" /><testcase classname="backend.tests.test_phase8_service_and_drilldown.TestLifecycle" name="test_cannot_skip_to_closed" time="0.128" /><testcase classname="backend.tests.test_phase8_service_and_drilldown.TestLifecycle" name="test_resolve_moves_serial_back" time="0.228" /><testcase classname="backend.tests.test_phase8_service_and_drilldown.TestLifecycle" name="test_cannot_resolve_twice" time="0.108" /><testcase classname="backend.tests.test_phase8_service_and_drilldown.TestLifecycle" name="test_close" time="0.123" /><testcase classname="backend.tests.test_phase8_service_and_drilldown.TestCancel" name="test_cancel_damages_serial" time="0.428" /><testcase classname="backend.tests.test_phase8_service_and_drilldown.TestCancel" name="test_front_desk_cannot_cancel" time="1.103" /><testcase classname="backend.tests.test_phase8_service_and_drilldown.TestKPIs" name="test_structure" time="0.101" /><testcase classname="backend.tests.test_phase8_service_and_drilldown.TestDrillDown" name="test_sales_drill_default" time="0.108" /><testcase classname="backend.tests.test_phase8_service_and_drilldown.TestDrillDown" name="test_sales_drill_date_range" time="0.118" /><testcase classname="backend.tests.test_phase8_service_and_drilldown.TestDrillDown" name="test_sales_drill_frontdesk_forbidden" time="0.101" /><testcase classname="backend.tests.test_phase8_service_and_drilldown.TestCSVExport" name="test_export_sales_csv" time="0.101" /><testcase classname="backend.tests.test_phase8_service_and_drilldown.TestCSVExport" name="test_export_revenue_csv" time="0.104" /><testcase classname="backend.tests.test_phase8_service_and_drilldown.TestCSVExport" name="test_export_inventory_csv" time="0.122" /><testcase classname="backend.tests.test_phase8_service_and_drilldown.TestCSVExport" name="test_audiologist_cannot_export" time="0.107" /><testcase classname="backend.tests.test_phase8_service_and_drilldown.TestRegression" name="test_endpoint_200[/ha/service-tickets]" time="0.107" /><testcase classname="backend.tests.test_phase8_service_and_drilldown.TestRegression" name="test_endpoint_200[/ha/service-tickets-kpis]" time="0.105" /><testcase classname="backend.tests.test_phase8_service_and_drilldown.TestRegression" name="test_endpoint_200[/ha/analytics/sales-drill]" time="0.105" /><testcase classname="backend.tests.test_phase8_service_and_drilldown.TestRegression" name="test_endpoint_200[/ha/analytics/revenue]" time="0.120" /><testcase classname="backend.tests.test_phase8_service_and_drilldown.TestRegression" name="test_endpoint_200[/ha/analytics/funnel]" time="0.119" /><testcase classname="backend.tests.test_phase8_service_and_drilldown.TestRegression" name="test_endpoint_200[/ha/followups]" time="0.104" /><testcase classname="backend.tests.test_phase8_service_and_drilldown.TestRegression" name="test_endpoint_200[/ha/subscriptions]" time="0.105" /><testcase classname="backend.tests.test_phase8_service_and_drilldown.TestRegression" name="test_endpoint_200[/ha/trials]" time="0.117" /><testcase classname="backend.tests.test_phase8_service_and_drilldown.TestRegression" name="test_endpoint_200[/ha/fittings]" time="0.103" /><testcase classname="backend.tests.test_phase8_service_and_drilldown.TestRegression" name="test_endpoint_200[/ha/sales]" time="0.101" /><testcase classname="backend.tests.test_phase8_service_and_drilldown.TestRegression" name="test_endpoint_200[/ha/quotations]" time="0.118" /><testcase classname="backend.tests.test_phase8_service_and_drilldown.TestRegression" name="test_endpoint_200[/ha/products]" time="0.107" /><testcase classname="backend.tests.test_phase8_service_and_drilldown.TestRegression" name="test_endpoint_200[/ha/serial-items]" time="0.131" /><testcase classname="backend.tests.test_phase9_response_rate.TestResponseRate" name="test_fields_present" time="0.433" /><testcase classname="backend.tests.test_phase9_response_rate.TestResponseRate" name="test_actors_without_sales_still_surface" time="0.109" /></testsuite></testsuites>