<?xml version="1.0" encoding="utf-8"?><testsuites name="pytest tests"><testsuite name="pytest" errors="0" failures="0" skipped="0" tests="36" time="7.639" timestamp="2026-04-22T16:20:23.783868+00:00" hostname="agent-env-78b3eb2e-29ea-421f-b588-3b58f3caecb2"><testcase classname="backend.tests.test_phase13_all.TestAMC" name="test_create_plan" time="0.620" /><testcase classname="backend.tests.test_phase13_all.TestAMC" name="test_list_plans" time="0.129" /><testcase classname="backend.tests.test_phase13_all.TestAMC" name="test_patch_plan" time="0.151" /><testcase classname="backend.tests.test_phase13_all.TestAMC" name="test_create_contract" time="0.286" /><testcase classname="backend.tests.test_phase13_all.TestAMC" name="test_consume_increments" time="0.138" /><testcase classname="backend.tests.test_phase13_all.TestAMC" name="test_consume_blocks_at_limit" time="0.561" /><testcase classname="backend.tests.test_phase13_all.TestAMC" name="test_renew_marks_old_and_creates_new" time="0.285" /><testcase classname="backend.tests.test_phase13_all.TestAMC" name="test_cancel" time="0.322" /><testcase classname="backend.tests.test_phase13_all.TestAMC" name="test_renewals_due" time="0.164" /><testcase classname="backend.tests.test_phase13_all.TestAMC" name="test_stats" time="0.141" /><testcase classname="backend.tests.test_phase13_all.TestAnalytics" name="test_diagnosis" time="0.134" /><testcase classname="backend.tests.test_phase13_all.TestAnalytics" name="test_referrals" time="0.117" /><testcase classname="backend.tests.test_phase13_all.TestAnalytics" name="test_analytics_tier_gate_basic_blocked" time="0.476" /><testcase classname="backend.tests.test_phase13_all.TestPartners" name="test_create_partner_with_password" time="0.376" /><testcase classname="backend.tests.test_phase13_all.TestPartners" name="test_list_partners" time="0.122" /><testcase classname="backend.tests.test_phase13_all.TestPartners" name="test_partner_stats" time="0.129" /><testcase classname="backend.tests.test_phase13_all.TestPartners" name="test_self_signup" time="0.347" /><testcase classname="backend.tests.test_phase13_all.TestPartners" name="test_attach_referral_code" time="0.131" /><testcase classname="backend.tests.test_phase13_all.TestPartners" name="test_partner_login_and_self_endpoints" time="0.645" /><testcase classname="backend.tests.test_phase13_all.TestPartners" name="test_create_payout" time="0.121" /><testcase classname="backend.tests.test_phase13_all.TestPartners" name="test_list_payouts" time="0.114" /><testcase classname="backend.tests.test_phase13_all.TestPartners" name="test_mark_paid" time="0.119" /><testcase classname="backend.tests.test_phase13_all.TestPatientPortal" name="test_request_otp_returns_dev_otp" time="0.157" /><testcase classname="backend.tests.test_phase13_all.TestPatientPortal" name="test_verify_otp" time="0.124" /><testcase classname="backend.tests.test_phase13_all.TestPatientPortal" name="test_me" time="0.113" /><testcase classname="backend.tests.test_phase13_all.TestPatientPortal" name="test_me_reports" time="0.146" /><testcase classname="backend.tests.test_phase13_all.TestPatientPortal" name="test_me_appointments" time="0.153" /><testcase classname="backend.tests.test_phase13_all.TestPatientPortal" name="test_me_sales" time="0.133" /><testcase classname="backend.tests.test_phase13_all.TestPatientPortal" name="test_me_service_tickets" time="0.131" /><testcase classname="backend.tests.test_phase13_all.TestPatientPortal" name="test_me_amc" time="0.121" /><testcase classname="backend.tests.test_phase13_all.TestPatientPortal" name="test_me_invoices" time="0.117" /><testcase classname="backend.tests.test_phase13_all.TestPatientPortal" name="test_appointment_request" time="0.113" /><testcase classname="backend.tests.test_phase13_all.TestPatientPortal" name="test_feedback" time="0.142" /><testcase classname="backend.tests.test_phase13_all.TestPatientPortal" name="test_clinic_appointment_requests" time="0.155" /><testcase classname="backend.tests.test_phase13_all.TestPatientPortal" name="test_patient_jwt_invalid_for_clinic_endpoints" time="0.119" /><testcase classname="backend.tests.test_phase13_all.TestPatientPortal" name="test_no_token_blocks_me" time="0.131" /></testsuite></testsuites>