<?xml version="1.0" encoding="utf-8"?><testsuites name="pytest tests"><testsuite name="pytest" errors="0" failures="1" skipped="0" tests="21" time="6.193" timestamp="2026-04-22T18:23:46.625279+00:00" hostname="agent-env-78b3eb2e-29ea-421f-b588-3b58f3caecb2"><testcase classname="backend.tests.test_phase14_admin_panel" name="test_founder_login_role" time="0.729" /><testcase classname="backend.tests.test_phase14_admin_panel" name="test_demo_tenants_seeded" time="0.561" /><testcase classname="backend.tests.test_phase14_admin_panel" name="test_dashboard_kpi_structure" time="0.115" /><testcase classname="backend.tests.test_phase14_admin_panel" name="test_tenants_filters" time="0.238" /><testcase classname="backend.tests.test_phase14_admin_panel" name="test_tenant_detail_shape" time="0.118" /><testcase classname="backend.tests.test_phase14_admin_panel" name="test_tenant_update_audit" time="0.257" /><testcase classname="backend.tests.test_phase14_admin_panel" name="test_suspend_then_activate" time="0.252" /><testcase classname="backend.tests.test_phase14_admin_panel" name="test_impersonate_returns_working_token" time="0.287" /><testcase classname="backend.tests.test_phase14_admin_panel" name="test_delete_blocked_for_super_admin" time="0.499" /><testcase classname="backend.tests.test_phase14_admin_panel" name="test_delete_allowed_for_founder" time="0.254" /><testcase classname="backend.tests.test_phase14_admin_panel" name="test_get_plans" time="0.127" /><testcase classname="backend.tests.test_phase14_admin_panel" name="test_plan_override_persists" time="0.243" /><testcase classname="backend.tests.test_phase14_admin_panel" name="test_create_invoice_and_mark_paid" time="0.251" /><testcase classname="backend.tests.test_phase14_admin_panel" name="test_revenue_shape" time="0.113" /><testcase classname="backend.tests.test_phase14_admin_panel" name="test_leads_list_has_stages" time="0.113" /><testcase classname="backend.tests.test_phase14_admin_panel" name="test_lead_stage_update" time="0.124" /><testcase classname="backend.tests.test_phase14_admin_panel" name="test_feature_flags_additive" time="0.362" /><testcase classname="backend.tests.test_phase14_admin_panel" name="test_audit_log_appends" time="0.104" /><testcase classname="backend.tests.test_phase14_admin_panel" name="test_frontdesk_denied" time="1.103" /><testcase classname="backend.tests.test_phase14_admin_panel" name="test_unauth_denied" time="0.124" /><testcase classname="backend.tests.test_phase14_admin_panel" name="test_founder_bypasses_tier_gates" time="0.112"><failure message="AssertionError: {&quot;detail&quot;:&quot;Requires one of: ('clinic_owner', 'super_admin', 'accounts', 'audiologist')&quot;}&#10;assert 403 in (200, 404)&#10; +  where 403 = &lt;Response [403]&gt;.status_code">backend/tests/test_phase14_admin_panel.py:317: in test_founder_bypasses_tier_gates
    assert r.status_code in (200, 404), r.text  # 404 only if route not present
    ^^^^^^^^^^^^^^^^^^^^^^^^^^^^^^^^^^^^^^^^^^
E   AssertionError: {"detail":"Requires one of: ('clinic_owner', 'super_admin', 'accounts', 'audiologist')"}
E   assert 403 in (200, 404)
E    +  where 403 = &lt;Response [403]&gt;.status_code</failure></testcase></testsuite></testsuites>