<?xml version="1.0" encoding="utf-8"?><testsuites name="pytest tests"><testsuite name="pytest" errors="0" failures="0" skipped="0" tests="4" time="1.712" timestamp="2026-07-30T19:35:26.917365+00:00" hostname="agent-env-78b3eb2e-29ea-421f-b588-3b58f3caecb2"><testcase classname="tests.test_diagnostics_queue_checkin.TestQueueCheckin" name="test_checkin_promotes_scheduled_to_checked_in" time="0.749" /><testcase classname="tests.test_diagnostics_queue_checkin.TestQueueCheckin" name="test_checkin_is_idempotent" time="0.330" /><testcase classname="tests.test_diagnostics_queue_checkin.TestQueueCheckin" name="test_checkin_refuses_to_demote_in_progress" time="0.464" /><testcase classname="tests.test_diagnostics_queue_checkin.TestQueueCheckin" name="test_checkin_returns_already_when_no_match" time="0.117" /></testsuite></testsuites>