<?xml version="1.0" encoding="utf-8"?><testsuites name="pytest tests"><testsuite name="pytest" errors="0" failures="0" skipped="0" tests="14" time="2.421" timestamp="2026-04-21T17:12:23.114481+00:00" hostname="agent-env-78b3eb2e-29ea-421f-b588-3b58f3caecb2"><testcase classname="backend.tests.test_phase1_patient_records" name="test_health" time="0.343" /><testcase classname="backend.tests.test_phase1_patient_records" name="test_create_referring_doctor" time="0.056" /><testcase classname="backend.tests.test_phase1_patient_records" name="test_list_referring_doctors_search" time="0.049" /><testcase classname="backend.tests.test_phase1_patient_records" name="test_update_referring_doctor" time="0.053" /><testcase classname="backend.tests.test_phase1_patient_records" name="test_delete_referring_doctor_404" time="0.076" /><testcase classname="backend.tests.test_phase1_patient_records" name="test_create_patient_india_fields" time="0.053" /><testcase classname="backend.tests.test_phase1_patient_records" name="test_search_patient_case_insensitive" time="0.149" /><testcase classname="backend.tests.test_phase1_patient_records" name="test_update_patient_persistence" time="0.115" /><testcase classname="backend.tests.test_phase1_patient_records" name="test_create_patient_note" time="0.151" /><testcase classname="backend.tests.test_phase1_patient_records" name="test_create_patient_note_unknown_patient_404" time="0.051" /><testcase classname="backend.tests.test_phase1_patient_records" name="test_list_notes_sorted_desc" time="0.050" /><testcase classname="backend.tests.test_phase1_patient_records" name="test_delete_patient_note" time="0.058" /><testcase classname="backend.tests.test_phase1_patient_records" name="test_create_two_sessions_and_sort" time="0.650" /><testcase classname="backend.tests.test_phase1_patient_records" name="test_delete_patient_cascades_notes" time="0.498" /></testsuite></testsuites>