<?xml version="1.0" encoding="utf-8"?><testsuites name="pytest tests"><testsuite name="pytest" errors="0" failures="0" skipped="0" tests="7" time="21.153" timestamp="2026-04-21T16:11:26.599578+00:00" hostname="agent-env-78b3eb2e-29ea-421f-b588-3b58f3caecb2"><testcase classname="backend.tests.test_ai_narrative" name="test_health" time="0.231" /><testcase classname="backend.tests.test_ai_narrative" name="test_ai_generate_all" time="10.507" /><testcase classname="backend.tests.test_ai_narrative" name="test_ai_generate_puretone_only" time="3.321" /><testcase classname="backend.tests.test_ai_narrative" name="test_ai_generate_immitence_only" time="3.109" /><testcase classname="backend.tests.test_ai_narrative" name="test_ai_generate_recommendations_list" time="3.807" /><testcase classname="backend.tests.test_ai_narrative" name="test_ai_generate_invalid_target" time="0.064" /><testcase classname="backend.tests.test_ai_narrative" name="test_ai_generate_unknown_session" time="0.053" /></testsuite></testsuites>