<?xml version="1.0" encoding="utf-8"?><testsuites name="pytest tests"><testsuite name="pytest" errors="0" failures="0" skipped="0" tests="5" time="1.950" timestamp="2026-07-25T15:26:46.933757+00:00" hostname="agent-env-78b3eb2e-29ea-421f-b588-3b58f3caecb2"><testcase classname="tests.test_referral_phase2" name="test_create_referring_doctor_with_cut_config" time="1.130" /><testcase classname="tests.test_referral_phase2" name="test_create_referring_doctor_percent_capped_at_100" time="0.210" /><testcase classname="tests.test_referral_phase2" name="test_pathways_returns_expected_schema" time="0.145" /><testcase classname="tests.test_referral_phase2" name="test_doctor_drill_down_schema" time="0.293" /><testcase classname="tests.test_referral_phase2" name="test_doctor_drill_down_404_for_unknown" time="0.111" /></testsuite></testsuites>