<?xml version="1.0" encoding="utf-8"?><testsuites name="pytest tests"><testsuite name="pytest" errors="0" failures="0" skipped="0" tests="4" time="0.883" timestamp="2026-07-30T10:04:20.886769+00:00" hostname="agent-env-78b3eb2e-29ea-421f-b588-3b58f3caecb2"><testcase classname="tests.test_vendor_role_gate" name="test_clinic_owner_can_create_vendor" time="0.297" /><testcase classname="tests.test_vendor_role_gate" name="test_audiologist_forbidden" time="0.229" /><testcase classname="tests.test_vendor_role_gate" name="test_founder_super_admin_bypass" time="0.252" /><testcase classname="tests.test_vendor_role_gate" name="test_dltest_vendors_empty_precondition" time="0.055" /></testsuite></testsuites>